<html>
<head>
<title>TestNG:  Chrome</title>
<link href="../testng.css" rel="stylesheet" type="text/css" />
<link href="../my-testng.css" rel="stylesheet" type="text/css" />

<style type="text/css">
.log { display: none;} 
.stack-trace { display: none;} 
</style>
<script type="text/javascript">
<!--
function flip(e) {
  current = e.style.display;
  if (current == 'block') {
    e.style.display = 'none';
    return 0;
  }
  else {
    e.style.display = 'block';
    return 1;
  }
}

function toggleBox(szDivId, elem, msg1, msg2)
{
  var res = -1;  if (document.getElementById) {
    res = flip(document.getElementById(szDivId));
  }
  else if (document.all) {
    // this is the way old msie versions work
    res = flip(document.all[szDivId]);
  }
  if(elem) {
    if(res == 0) elem.innerHTML = msg1; else elem.innerHTML = msg2;
  }

}

function toggleAllBoxes() {
  if (document.getElementsByTagName) {
    d = document.getElementsByTagName('div');
    for (i = 0; i < d.length; i++) {
      if (d[i].className == 'log') {
        flip(d[i]);
      }
    }
  }
}

// -->
</script>

</head>
<body>
<h2 align='center'>Chrome</h2><table border='1' align="center">
<tr>
<td>Tests passed/Failed/Skipped:</td><td>0/0/33</td>
</tr><tr>
<td>Started on:</td><td>Mon Oct 03 12:58:52 IST 2022</td>
</tr>
<tr><td>Total time:</td><td>0 seconds (818 ms)</td>
</tr><tr>
<td>Included groups:</td><td></td>
</tr><tr>
<td>Excluded groups:</td><td></td>
</tr>
</table><p/>
<small><i>(Hover the method name to see the test class name)</i></small><p/>
<table width='100%' border='1' class='invocation-failed'>
<tr><td colspan='4' align='center'><b>FAILED CONFIGURATIONS</b></td></tr>
<tr><td><b>Test method</b></td>
<td width="30%"><b>Exception</b></td>
<td width="10%"><b>Time (seconds)</b></td>
<td><b>Instance</b></td>
</tr>
<tr>
<td title='TestNG.TestNG_AMAZON.LaunchBrowser()'><b>LaunchBrowser</b><br>Test class: TestNG.TestNG_AMAZON</td>
<td><div><pre>org.testng.TestNGException: 
Parameter &apos;BrowserName&apos; is required by BeforeTest on method LaunchBrowser but has not been marked @Optional or defined
in C:\Users\Admin\eclipse-workspace\MAVEN-PROJECT\testng.xml
... Removed 21 stack frames</pre></div><a href='#' onClick='toggleBox("stack-trace442987331", this, "Click to show all stack frames", "Click to hide stack frames")'>Click to show all stack frames</a>
<div class='stack-trace' id='stack-trace442987331'><pre>org.testng.TestNGException: 
Parameter &apos;BrowserName&apos; is required by BeforeTest on method LaunchBrowser but has not been marked @Optional or defined
in C:\Users\Admin\eclipse-workspace\MAVEN-PROJECT\testng.xml
	at org.testng.internal.Parameters.createParams(Parameters.java:270)
	at org.testng.internal.Parameters.createParametersForMethod(Parameters.java:358)
	at org.testng.internal.Parameters.createParameters(Parameters.java:700)
	at org.testng.internal.Parameters.createConfigurationParameters(Parameters.java:168)
	at org.testng.internal.ConfigInvoker.invokeConfigurations(ConfigInvoker.java:302)
	at org.testng.TestRunner.invokeTestConfigurations(TestRunner.java:637)
	at org.testng.TestRunner.beforeRun(TestRunner.java:627)
	at org.testng.TestRunner.run(TestRunner.java:589)
	at org.testng.SuiteRunner.runTest(SuiteRunner.java:377)
	at org.testng.SuiteRunner.runSequentially(SuiteRunner.java:371)
	at org.testng.SuiteRunner.privateRun(SuiteRunner.java:332)
	at org.testng.SuiteRunner.run(SuiteRunner.java:276)
	at org.testng.SuiteRunnerWorker.runSuite(SuiteRunnerWorker.java:53)
	at org.testng.SuiteRunnerWorker.run(SuiteRunnerWorker.java:96)
	at org.testng.TestNG.runSuitesSequentially(TestNG.java:1212)
	at org.testng.TestNG.runSuitesLocally(TestNG.java:1134)
	at org.testng.TestNG.runSuites(TestNG.java:1063)
	at org.testng.TestNG.run(TestNG.java:1031)
	at org.testng.remote.AbstractRemoteTestNG.run(AbstractRemoteTestNG.java:115)
	at org.testng.remote.RemoteTestNG.initAndRun(RemoteTestNG.java:251)
	at org.testng.remote.RemoteTestNG.main(RemoteTestNG.java:77)
</pre></div></td>
<td>-1664782132</td>
<td>TestNG.TestNG_AMAZON@1d2adfbe</td></tr>
</table><p>
<table width='100%' border='1' class='invocation-skipped'>
<tr><td colspan='4' align='center'><b>SKIPPED CONFIGURATIONS</b></td></tr>
<tr><td><b>Test method</b></td>
<td width="30%"><b>Exception</b></td>
<td width="10%"><b>Time (seconds)</b></td>
<td><b>Instance</b></td>
</tr>
<tr>
<td title='TestNG.TestNG_FLIPKART.OpenWebSite()'><b>OpenWebSite</b><br>Test class: TestNG.TestNG_FLIPKART</td>
<td></td>
<td>-1664782132</td>
<td>TestNG.TestNG_FLIPKART@79e2c065</td></tr>
<tr>
<td title='TestNG.TestNG_IRCTC.b()'><b>b</b><br>Test class: TestNG.TestNG_IRCTC</td>
<td></td>
<td>-1664782132</td>
<td>TestNG.TestNG_IRCTC@8f4ea7c</td></tr>
<tr>
<td title='TestNG.TestNG_FACEBOOK_OG_IN.OpenWebSite()'><b>OpenWebSite</b><br>Test class: TestNG.TestNG_FACEBOOK_OG_IN</td>
<td></td>
<td>-1664782132</td>
<td>TestNG.TestNG_FACEBOOK_OG_IN@436813f3</td></tr>
<tr>
<td title='TestNG.TestNG_FACEBOOK_OG_IN.OpenWebSite()'><b>OpenWebSite</b><br>Test class: TestNG.TestNG_FACEBOOK_OG_IN</td>
<td></td>
<td>-1664782132</td>
<td>TestNG.TestNG_FACEBOOK_OG_IN@436813f3</td></tr>
<tr>
<td title='TestNG.TestNG_YOUTUBE.e()'><b>e</b><br>Test class: TestNG.TestNG_YOUTUBE</td>
<td></td>
<td>-1664782133</td>
<td>TestNG.TestNG_YOUTUBE@223d2c72</td></tr>
<tr>
<td title='TestNG.TestNG_FACEBOOK_OG_IN.e()'><b>e</b><br>Test class: TestNG.TestNG_FACEBOOK_OG_IN</td>
<td></td>
<td>-1664782132</td>
<td>TestNG.TestNG_FACEBOOK_OG_IN@436813f3</td></tr>
<tr>
<td title='TestNG.TestNG_AMAZON.OpenWebSite()'><b>OpenWebSite</b><br>Test class: TestNG.TestNG_AMAZON</td>
<td></td>
<td>-1664782133</td>
<td>TestNG.TestNG_AMAZON@1d2adfbe</td></tr>
<tr>
<td title='TestNG.TestNG_FLIPKART.CreatePOMObject()'><b>CreatePOMObject</b><br>Test class: TestNG.TestNG_FLIPKART</td>
<td></td>
<td>-1664782132</td>
<td>TestNG.TestNG_FLIPKART@79e2c065</td></tr>
<tr>
<td title='TestNG.TestNG_FLIPKART.e()'><b>e</b><br>Test class: TestNG.TestNG_FLIPKART</td>
<td></td>
<td>-1664782132</td>
<td>TestNG.TestNG_FLIPKART@79e2c065</td></tr>
<tr>
<td title='TestNG.TestNG_IRCTC.e()'><b>e</b><br>Test class: TestNG.TestNG_IRCTC</td>
<td></td>
<td>-1664782132</td>
<td>TestNG.TestNG_IRCTC@8f4ea7c</td></tr>
<tr>
<td title='TestNG.TestNG_FACEBOOK_OG_IN.OpenWebSite()'><b>OpenWebSite</b><br>Test class: TestNG.TestNG_FACEBOOK_OG_IN</td>
<td></td>
<td>-1664782132</td>
<td>TestNG.TestNG_FACEBOOK_OG_IN@436813f3</td></tr>
<tr>
<td title='TestNG.TestNG_YOUTUBE.a()'><b>a</b><br>Test class: TestNG.TestNG_YOUTUBE</td>
<td></td>
<td>-1664782133</td>
<td>TestNG.TestNG_YOUTUBE@223d2c72</td></tr>
<tr>
<td title='TestNG.TestNG_AMAZON.CloseBrowser()'><b>CloseBrowser</b><br>Test class: TestNG.TestNG_AMAZON</td>
<td></td>
<td>-1664782133</td>
<td>TestNG.TestNG_AMAZON@1d2adfbe</td></tr>
<tr>
<td title='TestNG.TestNG_FACEBOOK_OG_IN.LaunchBrowser()'><b>LaunchBrowser</b><br>Test class: TestNG.TestNG_FACEBOOK_OG_IN</td>
<td></td>
<td>-1664782132</td>
<td>TestNG.TestNG_FACEBOOK_OG_IN@436813f3</td></tr>
<tr>
<td title='TestNG.TestNG_FACEBOOK_OG_IN.e()'><b>e</b><br>Test class: TestNG.TestNG_FACEBOOK_OG_IN</td>
<td></td>
<td>-1664782132</td>
<td>TestNG.TestNG_FACEBOOK_OG_IN@436813f3</td></tr>
<tr>
<td title='TestNG.TestNG_FLIPKART.LaunchBrowser()'><b>LaunchBrowser</b><br>Test class: TestNG.TestNG_FLIPKART</td>
<td></td>
<td>-1664782132</td>
<td>TestNG.TestNG_FLIPKART@79e2c065</td></tr>
<tr>
<td title='TestNG.TestNG_FACEBOOK_OG_IN.e()'><b>e</b><br>Test class: TestNG.TestNG_FACEBOOK_OG_IN</td>
<td></td>
<td>-1664782132</td>
<td>TestNG.TestNG_FACEBOOK_OG_IN@436813f3</td></tr>
<tr>
<td title='TestNG.TestNG_FACEBOOK_OG_IN.OpenWebSite()'><b>OpenWebSite</b><br>Test class: TestNG.TestNG_FACEBOOK_OG_IN</td>
<td></td>
<td>-1664782132</td>
<td>TestNG.TestNG_FACEBOOK_OG_IN@436813f3</td></tr>
<tr>
<td title='TestNG.TestNG_FLIPKART.e()'><b>e</b><br>Test class: TestNG.TestNG_FLIPKART</td>
<td></td>
<td>-1664782132</td>
<td>TestNG.TestNG_FLIPKART@79e2c065</td></tr>
<tr>
<td title='TestNG.TestNG_YOUTUBE.RemoveObject()'><b>RemoveObject</b><br>Test class: TestNG.TestNG_YOUTUBE</td>
<td></td>
<td>-1664782133</td>
<td>TestNG.TestNG_YOUTUBE@223d2c72</td></tr>
<tr>
<td title='TestNG.TestNG_YOUTUBE.CloseBrowser()'><b>CloseBrowser</b><br>Test class: TestNG.TestNG_YOUTUBE</td>
<td></td>
<td>-1664782133</td>
<td>TestNG.TestNG_YOUTUBE@223d2c72</td></tr>
<tr>
<td title='TestNG.TestNG_FACEBOOK_OG_IN.e()'><b>e</b><br>Test class: TestNG.TestNG_FACEBOOK_OG_IN</td>
<td></td>
<td>-1664782132</td>
<td>TestNG.TestNG_FACEBOOK_OG_IN@436813f3</td></tr>
<tr>
<td title='TestNG.TestNG_FACEBOOK_OG_IN.OpenWebSite()'><b>OpenWebSite</b><br>Test class: TestNG.TestNG_FACEBOOK_OG_IN</td>
<td></td>
<td>-1664782132</td>
<td>TestNG.TestNG_FACEBOOK_OG_IN@436813f3</td></tr>
<tr>
<td title='TestNG.TestNG_FACEBOOK_OG_IN.OpenWebSite()'><b>OpenWebSite</b><br>Test class: TestNG.TestNG_FACEBOOK_OG_IN</td>
<td></td>
<td>-1664782132</td>
<td>TestNG.TestNG_FACEBOOK_OG_IN@436813f3</td></tr>
<tr>
<td title='TestNG.TestNG_YOUTUBE.b()'><b>b</b><br>Test class: TestNG.TestNG_YOUTUBE</td>
<td></td>
<td>-1664782133</td>
<td>TestNG.TestNG_YOUTUBE@223d2c72</td></tr>
<tr>
<td title='TestNG.TestNG_FACEBOOK_OG_IN.e()'><b>e</b><br>Test class: TestNG.TestNG_FACEBOOK_OG_IN</td>
<td></td>
<td>-1664782132</td>
<td>TestNG.TestNG_FACEBOOK_OG_IN@436813f3</td></tr>
<tr>
<td title='TestNG.TestNG_AMAZON.OpenWebSite()'><b>OpenWebSite</b><br>Test class: TestNG.TestNG_AMAZON</td>
<td></td>
<td>-1664782133</td>
<td>TestNG.TestNG_AMAZON@1d2adfbe</td></tr>
<tr>
<td title='TestNG.TestNG_IRCTC.CloseBrowser()'><b>CloseBrowser</b><br>Test class: TestNG.TestNG_IRCTC</td>
<td></td>
<td>-1664782133</td>
<td>TestNG.TestNG_IRCTC@8f4ea7c</td></tr>
<tr>
<td title='TestNG.TestNG_FLIPKART.RemoveObject()'><b>RemoveObject</b><br>Test class: TestNG.TestNG_FLIPKART</td>
<td></td>
<td>-1664782132</td>
<td>TestNG.TestNG_FLIPKART@79e2c065</td></tr>
<tr>
<td title='TestNG.TestNG_FACEBOOK_OG_IN.e()'><b>e</b><br>Test class: TestNG.TestNG_FACEBOOK_OG_IN</td>
<td></td>
<td>-1664782132</td>
<td>TestNG.TestNG_FACEBOOK_OG_IN@436813f3</td></tr>
<tr>
<td title='TestNG.TestNG_YOUTUBE.b()'><b>b</b><br>Test class: TestNG.TestNG_YOUTUBE</td>
<td></td>
<td>-1664782133</td>
<td>TestNG.TestNG_YOUTUBE@223d2c72</td></tr>
<tr>
<td title='TestNG.TestNG_FACEBOOK_OG_IN.RemoveObject()'><b>RemoveObject</b><br>Test class: TestNG.TestNG_FACEBOOK_OG_IN</td>
<td></td>
<td>-1664782133</td>
<td>TestNG.TestNG_FACEBOOK_OG_IN@436813f3</td></tr>
<tr>
<td title='TestNG.TestNG_AMAZON.OpenWebSite()'><b>OpenWebSite</b><br>Test class: TestNG.TestNG_AMAZON</td>
<td></td>
<td>-1664782133</td>
<td>TestNG.TestNG_AMAZON@1d2adfbe</td></tr>
<tr>
<td title='TestNG.TestNG_FACEBOOK_OG_IN.OpenWebSite()'><b>OpenWebSite</b><br>Test class: TestNG.TestNG_FACEBOOK_OG_IN</td>
<td></td>
<td>-1664782132</td>
<td>TestNG.TestNG_FACEBOOK_OG_IN@436813f3</td></tr>
<tr>
<td title='TestNG.TestNG_AMAZON.e()'><b>e</b><br>Test class: TestNG.TestNG_AMAZON</td>
<td></td>
<td>-1664782133</td>
<td>TestNG.TestNG_AMAZON@1d2adfbe</td></tr>
<tr>
<td title='TestNG.TestNG_IRCTC.a()'><b>a</b><br>Test class: TestNG.TestNG_IRCTC</td>
<td></td>
<td>-1664782132</td>
<td>TestNG.TestNG_IRCTC@8f4ea7c</td></tr>
<tr>
<td title='TestNG.TestNG_FLIPKART.CloseBrowser()'><b>CloseBrowser</b><br>Test class: TestNG.TestNG_FLIPKART</td>
<td></td>
<td>-1664782133</td>
<td>TestNG.TestNG_FLIPKART@79e2c065</td></tr>
<tr>
<td title='TestNG.TestNG_IRCTC.LaunchBrowser()'><b>LaunchBrowser</b><br>Test class: TestNG.TestNG_IRCTC</td>
<td></td>
<td>-1664782132</td>
<td>TestNG.TestNG_IRCTC@8f4ea7c</td></tr>
<tr>
<td title='TestNG.TestNG_FACEBOOK_OG_IN.e()'><b>e</b><br>Test class: TestNG.TestNG_FACEBOOK_OG_IN</td>
<td></td>
<td>-1664782132</td>
<td>TestNG.TestNG_FACEBOOK_OG_IN@436813f3</td></tr>
<tr>
<td title='TestNG.TestNG_TESTAUTOMATION.LaunchBrowser()'><b>LaunchBrowser</b><br>Test class: TestNG.TestNG_TESTAUTOMATION</td>
<td></td>
<td>-1664782132</td>
<td>TestNG.TestNG_TESTAUTOMATION@36902638</td></tr>
<tr>
<td title='TestNG.TestNG_AMAZON.e()'><b>e</b><br>Test class: TestNG.TestNG_AMAZON</td>
<td></td>
<td>-1664782133</td>
<td>TestNG.TestNG_AMAZON@1d2adfbe</td></tr>
<tr>
<td title='TestNG.TestNG_FACEBOOK_OG_IN.e()'><b>e</b><br>Test class: TestNG.TestNG_FACEBOOK_OG_IN</td>
<td></td>
<td>-1664782132</td>
<td>TestNG.TestNG_FACEBOOK_OG_IN@436813f3</td></tr>
<tr>
<td title='TestNG.TestNG_FACEBOOK_OG_IN.e()'><b>e</b><br>Test class: TestNG.TestNG_FACEBOOK_OG_IN</td>
<td></td>
<td>-1664782132</td>
<td>TestNG.TestNG_FACEBOOK_OG_IN@436813f3</td></tr>
<tr>
<td title='TestNG.TestNG_FACEBOOK_OG_IN.OpenWebSite()'><b>OpenWebSite</b><br>Test class: TestNG.TestNG_FACEBOOK_OG_IN</td>
<td></td>
<td>-1664782132</td>
<td>TestNG.TestNG_FACEBOOK_OG_IN@436813f3</td></tr>
<tr>
<td title='TestNG.TestNG_FACEBOOK_OG_IN.OpenWebSite()'><b>OpenWebSite</b><br>Test class: TestNG.TestNG_FACEBOOK_OG_IN</td>
<td></td>
<td>-1664782132</td>
<td>TestNG.TestNG_FACEBOOK_OG_IN@436813f3</td></tr>
<tr>
<td title='TestNG.TestNG_FACEBOOK_OG_IN.OpenWebSite()'><b>OpenWebSite</b><br>Test class: TestNG.TestNG_FACEBOOK_OG_IN</td>
<td></td>
<td>-1664782132</td>
<td>TestNG.TestNG_FACEBOOK_OG_IN@436813f3</td></tr>
<tr>
<td title='TestNG.TestNG_FACEBOOK_OG_IN.OpenWebSite()'><b>OpenWebSite</b><br>Test class: TestNG.TestNG_FACEBOOK_OG_IN</td>
<td></td>
<td>-1664782132</td>
<td>TestNG.TestNG_FACEBOOK_OG_IN@436813f3</td></tr>
<tr>
<td title='TestNG.TestNG_FACEBOOK_OG_IN.OpenWebSite()'><b>OpenWebSite</b><br>Test class: TestNG.TestNG_FACEBOOK_OG_IN</td>
<td></td>
<td>-1664782133</td>
<td>TestNG.TestNG_FACEBOOK_OG_IN@436813f3</td></tr>
<tr>
<td title='TestNG.TestNG_AMAZON.OpenWebSite()'><b>OpenWebSite</b><br>Test class: TestNG.TestNG_AMAZON</td>
<td></td>
<td>-1664782133</td>
<td>TestNG.TestNG_AMAZON@1d2adfbe</td></tr>
<tr>
<td title='TestNG.TestNG_YOUTUBE.e()'><b>e</b><br>Test class: TestNG.TestNG_YOUTUBE</td>
<td></td>
<td>-1664782133</td>
<td>TestNG.TestNG_YOUTUBE@223d2c72</td></tr>
<tr>
<td title='TestNG.TestNG_TESTAUTOMATION.e()'><b>e</b><br>Test class: TestNG.TestNG_TESTAUTOMATION</td>
<td></td>
<td>-1664782132</td>
<td>TestNG.TestNG_TESTAUTOMATION@36902638</td></tr>
<tr>
<td title='TestNG.TestNG_FACEBOOK_OG_IN.CloseBrowser()'><b>CloseBrowser</b><br>Test class: TestNG.TestNG_FACEBOOK_OG_IN</td>
<td></td>
<td>-1664782133</td>
<td>TestNG.TestNG_FACEBOOK_OG_IN@436813f3</td></tr>
<tr>
<td title='TestNG.TestNG_TESTAUTOMATION.CreatePOMObject()'><b>CreatePOMObject</b><br>Test class: TestNG.TestNG_TESTAUTOMATION</td>
<td></td>
<td>-1664782132</td>
<td>TestNG.TestNG_TESTAUTOMATION@36902638</td></tr>
<tr>
<td title='TestNG.TestNG_FACEBOOK_OG_IN.e()'><b>e</b><br>Test class: TestNG.TestNG_FACEBOOK_OG_IN</td>
<td></td>
<td>-1664782132</td>
<td>TestNG.TestNG_FACEBOOK_OG_IN@436813f3</td></tr>
<tr>
<td title='TestNG.TestNG_FACEBOOK_OG_IN.CreatePOMObject()'><b>CreatePOMObject</b><br>Test class: TestNG.TestNG_FACEBOOK_OG_IN</td>
<td></td>
<td>-1664782132</td>
<td>TestNG.TestNG_FACEBOOK_OG_IN@436813f3</td></tr>
<tr>
<td title='TestNG.TestNG_AMAZON.e()'><b>e</b><br>Test class: TestNG.TestNG_AMAZON</td>
<td></td>
<td>-1664782133</td>
<td>TestNG.TestNG_AMAZON@1d2adfbe</td></tr>
<tr>
<td title='TestNG.TestNG_AMAZON.RemoveObject()'><b>RemoveObject</b><br>Test class: TestNG.TestNG_AMAZON</td>
<td></td>
<td>-1664782133</td>
<td>TestNG.TestNG_AMAZON@1d2adfbe</td></tr>
<tr>
<td title='TestNG.TestNG_YOUTUBE.LaunchBrowser()'><b>LaunchBrowser</b><br>Test class: TestNG.TestNG_YOUTUBE</td>
<td></td>
<td>-1664782132</td>
<td>TestNG.TestNG_YOUTUBE@223d2c72</td></tr>
<tr>
<td title='TestNG.TestNG_FLIPKART.OpenWebSite()'><b>OpenWebSite</b><br>Test class: TestNG.TestNG_FLIPKART</td>
<td></td>
<td>-1664782132</td>
<td>TestNG.TestNG_FLIPKART@79e2c065</td></tr>
<tr>
<td title='TestNG.TestNG_FACEBOOK_OG_IN.e()'><b>e</b><br>Test class: TestNG.TestNG_FACEBOOK_OG_IN</td>
<td></td>
<td>-1664782132</td>
<td>TestNG.TestNG_FACEBOOK_OG_IN@436813f3</td></tr>
<tr>
<td title='TestNG.TestNG_FACEBOOK_OG_IN.e()'><b>e</b><br>Test class: TestNG.TestNG_FACEBOOK_OG_IN</td>
<td></td>
<td>-1664782133</td>
<td>TestNG.TestNG_FACEBOOK_OG_IN@436813f3</td></tr>
<tr>
<td title='TestNG.TestNG_IRCTC.e()'><b>e</b><br>Test class: TestNG.TestNG_IRCTC</td>
<td></td>
<td>-1664782132</td>
<td>TestNG.TestNG_IRCTC@8f4ea7c</td></tr>
<tr>
<td title='TestNG.TestNG_FACEBOOK_OG_IN.OpenWebSite()'><b>OpenWebSite</b><br>Test class: TestNG.TestNG_FACEBOOK_OG_IN</td>
<td></td>
<td>-1664782132</td>
<td>TestNG.TestNG_FACEBOOK_OG_IN@436813f3</td></tr>
<tr>
<td title='TestNG.TestNG_AMAZON.e()'><b>e</b><br>Test class: TestNG.TestNG_AMAZON</td>
<td></td>
<td>-1664782133</td>
<td>TestNG.TestNG_AMAZON@1d2adfbe</td></tr>
<tr>
<td title='TestNG.TestNG_IRCTC.b()'><b>b</b><br>Test class: TestNG.TestNG_IRCTC</td>
<td></td>
<td>-1664782132</td>
<td>TestNG.TestNG_IRCTC@8f4ea7c</td></tr>
<tr>
<td title='TestNG.TestNG_AMAZON.e()'><b>e</b><br>Test class: TestNG.TestNG_AMAZON</td>
<td></td>
<td>-1664782133</td>
<td>TestNG.TestNG_AMAZON@1d2adfbe</td></tr>
<tr>
<td title='TestNG.TestNG_FACEBOOK_OG_IN.e()'><b>e</b><br>Test class: TestNG.TestNG_FACEBOOK_OG_IN</td>
<td></td>
<td>-1664782133</td>
<td>TestNG.TestNG_FACEBOOK_OG_IN@436813f3</td></tr>
<tr>
<td title='TestNG.TestNG_AMAZON.OpenWebSite()'><b>OpenWebSite</b><br>Test class: TestNG.TestNG_AMAZON</td>
<td></td>
<td>-1664782133</td>
<td>TestNG.TestNG_AMAZON@1d2adfbe</td></tr>
<tr>
<td title='TestNG.TestNG_FACEBOOK_OG_IN.e()'><b>e</b><br>Test class: TestNG.TestNG_FACEBOOK_OG_IN</td>
<td></td>
<td>-1664782132</td>
<td>TestNG.TestNG_FACEBOOK_OG_IN@436813f3</td></tr>
<tr>
<td title='TestNG.TestNG_TESTAUTOMATION.CloseBrowser()'><b>CloseBrowser</b><br>Test class: TestNG.TestNG_TESTAUTOMATION</td>
<td></td>
<td>-1664782133</td>
<td>TestNG.TestNG_TESTAUTOMATION@36902638</td></tr>
<tr>
<td title='TestNG.TestNG_FACEBOOK_OG_IN.e()'><b>e</b><br>Test class: TestNG.TestNG_FACEBOOK_OG_IN</td>
<td></td>
<td>-1664782132</td>
<td>TestNG.TestNG_FACEBOOK_OG_IN@436813f3</td></tr>
<tr>
<td title='TestNG.TestNG_FACEBOOK_OG_IN.e()'><b>e</b><br>Test class: TestNG.TestNG_FACEBOOK_OG_IN</td>
<td></td>
<td>-1664782132</td>
<td>TestNG.TestNG_FACEBOOK_OG_IN@436813f3</td></tr>
<tr>
<td title='TestNG.TestNG_FLIPKART.OpenWebSite()'><b>OpenWebSite</b><br>Test class: TestNG.TestNG_FLIPKART</td>
<td></td>
<td>-1664782132</td>
<td>TestNG.TestNG_FLIPKART@79e2c065</td></tr>
<tr>
<td title='TestNG.TestNG_FACEBOOK_OG_IN.e()'><b>e</b><br>Test class: TestNG.TestNG_FACEBOOK_OG_IN</td>
<td></td>
<td>-1664782132</td>
<td>TestNG.TestNG_FACEBOOK_OG_IN@436813f3</td></tr>
<tr>
<td title='TestNG.TestNG_TESTAUTOMATION.RemoveObject()'><b>RemoveObject</b><br>Test class: TestNG.TestNG_TESTAUTOMATION</td>
<td></td>
<td>-1664782132</td>
<td>TestNG.TestNG_TESTAUTOMATION@36902638</td></tr>
<tr>
<td title='TestNG.TestNG_FACEBOOK_OG_IN.OpenWebSite()'><b>OpenWebSite</b><br>Test class: TestNG.TestNG_FACEBOOK_OG_IN</td>
<td></td>
<td>-1664782132</td>
<td>TestNG.TestNG_FACEBOOK_OG_IN@436813f3</td></tr>
<tr>
<td title='TestNG.TestNG_FACEBOOK_OG_IN.OpenWebSite()'><b>OpenWebSite</b><br>Test class: TestNG.TestNG_FACEBOOK_OG_IN</td>
<td></td>
<td>-1664782132</td>
<td>TestNG.TestNG_FACEBOOK_OG_IN@436813f3</td></tr>
<tr>
<td title='TestNG.TestNG_FACEBOOK_OG_IN.OpenWebSite()'><b>OpenWebSite</b><br>Test class: TestNG.TestNG_FACEBOOK_OG_IN</td>
<td></td>
<td>-1664782132</td>
<td>TestNG.TestNG_FACEBOOK_OG_IN@436813f3</td></tr>
<tr>
<td title='TestNG.TestNG_FACEBOOK_OG_IN.e()'><b>e</b><br>Test class: TestNG.TestNG_FACEBOOK_OG_IN</td>
<td></td>
<td>-1664782132</td>
<td>TestNG.TestNG_FACEBOOK_OG_IN@436813f3</td></tr>
<tr>
<td title='TestNG.TestNG_FACEBOOK_OG_IN.OpenWebSite()'><b>OpenWebSite</b><br>Test class: TestNG.TestNG_FACEBOOK_OG_IN</td>
<td></td>
<td>-1664782132</td>
<td>TestNG.TestNG_FACEBOOK_OG_IN@436813f3</td></tr>
<tr>
<td title='TestNG.TestNG_FACEBOOK_OG_IN.e()'><b>e</b><br>Test class: TestNG.TestNG_FACEBOOK_OG_IN</td>
<td></td>
<td>-1664782132</td>
<td>TestNG.TestNG_FACEBOOK_OG_IN@436813f3</td></tr>
<tr>
<td title='TestNG.TestNG_TESTAUTOMATION.OpenWebSite()'><b>OpenWebSite</b><br>Test class: TestNG.TestNG_TESTAUTOMATION</td>
<td></td>
<td>-1664782132</td>
<td>TestNG.TestNG_TESTAUTOMATION@36902638</td></tr>
<tr>
<td title='TestNG.TestNG_FACEBOOK_OG_IN.OpenWebSite()'><b>OpenWebSite</b><br>Test class: TestNG.TestNG_FACEBOOK_OG_IN</td>
<td></td>
<td>-1664782132</td>
<td>TestNG.TestNG_FACEBOOK_OG_IN@436813f3</td></tr>
<tr>
<td title='TestNG.TestNG_FLIPKART.e()'><b>e</b><br>Test class: TestNG.TestNG_FLIPKART</td>
<td></td>
<td>-1664782132</td>
<td>TestNG.TestNG_FLIPKART@79e2c065</td></tr>
<tr>
<td title='TestNG.TestNG_FACEBOOK_OG_IN.OpenWebSite()'><b>OpenWebSite</b><br>Test class: TestNG.TestNG_FACEBOOK_OG_IN</td>
<td></td>
<td>-1664782132</td>
<td>TestNG.TestNG_FACEBOOK_OG_IN@436813f3</td></tr>
<tr>
<td title='TestNG.TestNG_AMAZON.CreatePOMObject()'><b>CreatePOMObject</b><br>Test class: TestNG.TestNG_AMAZON</td>
<td></td>
<td>-1664782133</td>
<td>TestNG.TestNG_AMAZON@1d2adfbe</td></tr>
<tr>
<td title='TestNG.TestNG_FACEBOOK_OG_IN.OpenWebSite()'><b>OpenWebSite</b><br>Test class: TestNG.TestNG_FACEBOOK_OG_IN</td>
<td></td>
<td>-1664782132</td>
<td>TestNG.TestNG_FACEBOOK_OG_IN@436813f3</td></tr>
<tr>
<td title='TestNG.TestNG_FACEBOOK_OG_IN.e()'><b>e</b><br>Test class: TestNG.TestNG_FACEBOOK_OG_IN</td>
<td></td>
<td>-1664782132</td>
<td>TestNG.TestNG_FACEBOOK_OG_IN@436813f3</td></tr>
<tr>
<td title='TestNG.TestNG_IRCTC.RemoveObject()'><b>RemoveObject</b><br>Test class: TestNG.TestNG_IRCTC</td>
<td></td>
<td>-1664782132</td>
<td>TestNG.TestNG_IRCTC@8f4ea7c</td></tr>
</table><p>
<table width='100%' border='1' class='invocation-skipped'>
<tr><td colspan='4' align='center'><b>SKIPPED TESTS</b></td></tr>
<tr><td><b>Test method</b></td>
<td width="30%"><b>Exception</b></td>
<td width="10%"><b>Time (seconds)</b></td>
<td><b>Instance</b></td>
</tr>
<tr>
<td title='TestNG.TestNG_FACEBOOK_OG_IN.c7()'><b>c7</b><br>Test class: TestNG.TestNG_FACEBOOK_OG_IN</td>
<td><div><pre>org.testng.TestNGException: 
Parameter &apos;BrowserName&apos; is required by BeforeTest on method LaunchBrowser but has not been marked @Optional or defined
in C:\Users\Admin\eclipse-workspace\MAVEN-PROJECT\testng.xml
... Removed 21 stack frames</pre></div><a href='#' onClick='toggleBox("stack-trace1804855058", this, "Click to show all stack frames", "Click to hide stack frames")'>Click to show all stack frames</a>
<div class='stack-trace' id='stack-trace1804855058'><pre>org.testng.TestNGException: 
Parameter &apos;BrowserName&apos; is required by BeforeTest on method LaunchBrowser but has not been marked @Optional or defined
in C:\Users\Admin\eclipse-workspace\MAVEN-PROJECT\testng.xml
	at org.testng.internal.Parameters.createParams(Parameters.java:270)
	at org.testng.internal.Parameters.createParametersForMethod(Parameters.java:358)
	at org.testng.internal.Parameters.createParameters(Parameters.java:700)
	at org.testng.internal.Parameters.createConfigurationParameters(Parameters.java:168)
	at org.testng.internal.ConfigInvoker.invokeConfigurations(ConfigInvoker.java:302)
	at org.testng.TestRunner.invokeTestConfigurations(TestRunner.java:637)
	at org.testng.TestRunner.beforeRun(TestRunner.java:627)
	at org.testng.TestRunner.run(TestRunner.java:589)
	at org.testng.SuiteRunner.runTest(SuiteRunner.java:377)
	at org.testng.SuiteRunner.runSequentially(SuiteRunner.java:371)
	at org.testng.SuiteRunner.privateRun(SuiteRunner.java:332)
	at org.testng.SuiteRunner.run(SuiteRunner.java:276)
	at org.testng.SuiteRunnerWorker.runSuite(SuiteRunnerWorker.java:53)
	at org.testng.SuiteRunnerWorker.run(SuiteRunnerWorker.java:96)
	at org.testng.TestNG.runSuitesSequentially(TestNG.java:1212)
	at org.testng.TestNG.runSuitesLocally(TestNG.java:1134)
	at org.testng.TestNG.runSuites(TestNG.java:1063)
	at org.testng.TestNG.run(TestNG.java:1031)
	at org.testng.remote.AbstractRemoteTestNG.run(AbstractRemoteTestNG.java:115)
	at org.testng.remote.RemoteTestNG.initAndRun(RemoteTestNG.java:251)
	at org.testng.remote.RemoteTestNG.main(RemoteTestNG.java:77)
</pre></div></td>
<td>0</td>
<td>TestNG.TestNG_FACEBOOK_OG_IN@436813f3</td></tr>
<tr>
<td title='TestNG.TestNG_FACEBOOK_OG_IN.c5()'><b>c5</b><br>Test class: TestNG.TestNG_FACEBOOK_OG_IN</td>
<td><div><pre>org.testng.TestNGException: 
Parameter &apos;BrowserName&apos; is required by BeforeTest on method LaunchBrowser but has not been marked @Optional or defined
in C:\Users\Admin\eclipse-workspace\MAVEN-PROJECT\testng.xml
... Removed 21 stack frames</pre></div><a href='#' onClick='toggleBox("stack-trace1650781473", this, "Click to show all stack frames", "Click to hide stack frames")'>Click to show all stack frames</a>
<div class='stack-trace' id='stack-trace1650781473'><pre>org.testng.TestNGException: 
Parameter &apos;BrowserName&apos; is required by BeforeTest on method LaunchBrowser but has not been marked @Optional or defined
in C:\Users\Admin\eclipse-workspace\MAVEN-PROJECT\testng.xml
	at org.testng.internal.Parameters.createParams(Parameters.java:270)
	at org.testng.internal.Parameters.createParametersForMethod(Parameters.java:358)
	at org.testng.internal.Parameters.createParameters(Parameters.java:700)
	at org.testng.internal.Parameters.createConfigurationParameters(Parameters.java:168)
	at org.testng.internal.ConfigInvoker.invokeConfigurations(ConfigInvoker.java:302)
	at org.testng.TestRunner.invokeTestConfigurations(TestRunner.java:637)
	at org.testng.TestRunner.beforeRun(TestRunner.java:627)
	at org.testng.TestRunner.run(TestRunner.java:589)
	at org.testng.SuiteRunner.runTest(SuiteRunner.java:377)
	at org.testng.SuiteRunner.runSequentially(SuiteRunner.java:371)
	at org.testng.SuiteRunner.privateRun(SuiteRunner.java:332)
	at org.testng.SuiteRunner.run(SuiteRunner.java:276)
	at org.testng.SuiteRunnerWorker.runSuite(SuiteRunnerWorker.java:53)
	at org.testng.SuiteRunnerWorker.run(SuiteRunnerWorker.java:96)
	at org.testng.TestNG.runSuitesSequentially(TestNG.java:1212)
	at org.testng.TestNG.runSuitesLocally(TestNG.java:1134)
	at org.testng.TestNG.runSuites(TestNG.java:1063)
	at org.testng.TestNG.run(TestNG.java:1031)
	at org.testng.remote.AbstractRemoteTestNG.run(AbstractRemoteTestNG.java:115)
	at org.testng.remote.RemoteTestNG.initAndRun(RemoteTestNG.java:251)
	at org.testng.remote.RemoteTestNG.main(RemoteTestNG.java:77)
</pre></div></td>
<td>0</td>
<td>TestNG.TestNG_FACEBOOK_OG_IN@436813f3</td></tr>
<tr>
<td title='TestNG.TestNG_AMAZON.c2()'><b>c2</b><br>Test class: TestNG.TestNG_AMAZON</td>
<td><div><pre>org.testng.TestNGException: 
Parameter &apos;BrowserName&apos; is required by BeforeTest on method LaunchBrowser but has not been marked @Optional or defined
in C:\Users\Admin\eclipse-workspace\MAVEN-PROJECT\testng.xml
... Removed 21 stack frames</pre></div><a href='#' onClick='toggleBox("stack-trace806527508", this, "Click to show all stack frames", "Click to hide stack frames")'>Click to show all stack frames</a>
<div class='stack-trace' id='stack-trace806527508'><pre>org.testng.TestNGException: 
Parameter &apos;BrowserName&apos; is required by BeforeTest on method LaunchBrowser but has not been marked @Optional or defined
in C:\Users\Admin\eclipse-workspace\MAVEN-PROJECT\testng.xml
	at org.testng.internal.Parameters.createParams(Parameters.java:270)
	at org.testng.internal.Parameters.createParametersForMethod(Parameters.java:358)
	at org.testng.internal.Parameters.createParameters(Parameters.java:700)
	at org.testng.internal.Parameters.createConfigurationParameters(Parameters.java:168)
	at org.testng.internal.ConfigInvoker.invokeConfigurations(ConfigInvoker.java:302)
	at org.testng.TestRunner.invokeTestConfigurations(TestRunner.java:637)
	at org.testng.TestRunner.beforeRun(TestRunner.java:627)
	at org.testng.TestRunner.run(TestRunner.java:589)
	at org.testng.SuiteRunner.runTest(SuiteRunner.java:377)
	at org.testng.SuiteRunner.runSequentially(SuiteRunner.java:371)
	at org.testng.SuiteRunner.privateRun(SuiteRunner.java:332)
	at org.testng.SuiteRunner.run(SuiteRunner.java:276)
	at org.testng.SuiteRunnerWorker.runSuite(SuiteRunnerWorker.java:53)
	at org.testng.SuiteRunnerWorker.run(SuiteRunnerWorker.java:96)
	at org.testng.TestNG.runSuitesSequentially(TestNG.java:1212)
	at org.testng.TestNG.runSuitesLocally(TestNG.java:1134)
	at org.testng.TestNG.runSuites(TestNG.java:1063)
	at org.testng.TestNG.run(TestNG.java:1031)
	at org.testng.remote.AbstractRemoteTestNG.run(AbstractRemoteTestNG.java:115)
	at org.testng.remote.RemoteTestNG.initAndRun(RemoteTestNG.java:251)
	at org.testng.remote.RemoteTestNG.main(RemoteTestNG.java:77)
</pre></div></td>
<td>0</td>
<td>TestNG.TestNG_AMAZON@1d2adfbe</td></tr>
<tr>
<td title='TestNG.TestNG_FACEBOOK_OG_IN.c4()'><b>c4</b><br>Test class: TestNG.TestNG_FACEBOOK_OG_IN</td>
<td><div><pre>org.testng.TestNGException: 
Parameter &apos;BrowserName&apos; is required by BeforeTest on method LaunchBrowser but has not been marked @Optional or defined
in C:\Users\Admin\eclipse-workspace\MAVEN-PROJECT\testng.xml
... Removed 21 stack frames</pre></div><a href='#' onClick='toggleBox("stack-trace925244462", this, "Click to show all stack frames", "Click to hide stack frames")'>Click to show all stack frames</a>
<div class='stack-trace' id='stack-trace925244462'><pre>org.testng.TestNGException: 
Parameter &apos;BrowserName&apos; is required by BeforeTest on method LaunchBrowser but has not been marked @Optional or defined
in C:\Users\Admin\eclipse-workspace\MAVEN-PROJECT\testng.xml
	at org.testng.internal.Parameters.createParams(Parameters.java:270)
	at org.testng.internal.Parameters.createParametersForMethod(Parameters.java:358)
	at org.testng.internal.Parameters.createParameters(Parameters.java:700)
	at org.testng.internal.Parameters.createConfigurationParameters(Parameters.java:168)
	at org.testng.internal.ConfigInvoker.invokeConfigurations(ConfigInvoker.java:302)
	at org.testng.TestRunner.invokeTestConfigurations(TestRunner.java:637)
	at org.testng.TestRunner.beforeRun(TestRunner.java:627)
	at org.testng.TestRunner.run(TestRunner.java:589)
	at org.testng.SuiteRunner.runTest(SuiteRunner.java:377)
	at org.testng.SuiteRunner.runSequentially(SuiteRunner.java:371)
	at org.testng.SuiteRunner.privateRun(SuiteRunner.java:332)
	at org.testng.SuiteRunner.run(SuiteRunner.java:276)
	at org.testng.SuiteRunnerWorker.runSuite(SuiteRunnerWorker.java:53)
	at org.testng.SuiteRunnerWorker.run(SuiteRunnerWorker.java:96)
	at org.testng.TestNG.runSuitesSequentially(TestNG.java:1212)
	at org.testng.TestNG.runSuitesLocally(TestNG.java:1134)
	at org.testng.TestNG.runSuites(TestNG.java:1063)
	at org.testng.TestNG.run(TestNG.java:1031)
	at org.testng.remote.AbstractRemoteTestNG.run(AbstractRemoteTestNG.java:115)
	at org.testng.remote.RemoteTestNG.initAndRun(RemoteTestNG.java:251)
	at org.testng.remote.RemoteTestNG.main(RemoteTestNG.java:77)
</pre></div></td>
<td>0</td>
<td>TestNG.TestNG_FACEBOOK_OG_IN@436813f3</td></tr>
<tr>
<td title='TestNG.TestNG_FACEBOOK_OG_IN.c6()'><b>c6</b><br>Test class: TestNG.TestNG_FACEBOOK_OG_IN</td>
<td><div><pre>org.testng.TestNGException: 
Parameter &apos;BrowserName&apos; is required by BeforeTest on method LaunchBrowser but has not been marked @Optional or defined
in C:\Users\Admin\eclipse-workspace\MAVEN-PROJECT\testng.xml
... Removed 21 stack frames</pre></div><a href='#' onClick='toggleBox("stack-trace801496780", this, "Click to show all stack frames", "Click to hide stack frames")'>Click to show all stack frames</a>
<div class='stack-trace' id='stack-trace801496780'><pre>org.testng.TestNGException: 
Parameter &apos;BrowserName&apos; is required by BeforeTest on method LaunchBrowser but has not been marked @Optional or defined
in C:\Users\Admin\eclipse-workspace\MAVEN-PROJECT\testng.xml
	at org.testng.internal.Parameters.createParams(Parameters.java:270)
	at org.testng.internal.Parameters.createParametersForMethod(Parameters.java:358)
	at org.testng.internal.Parameters.createParameters(Parameters.java:700)
	at org.testng.internal.Parameters.createConfigurationParameters(Parameters.java:168)
	at org.testng.internal.ConfigInvoker.invokeConfigurations(ConfigInvoker.java:302)
	at org.testng.TestRunner.invokeTestConfigurations(TestRunner.java:637)
	at org.testng.TestRunner.beforeRun(TestRunner.java:627)
	at org.testng.TestRunner.run(TestRunner.java:589)
	at org.testng.SuiteRunner.runTest(SuiteRunner.java:377)
	at org.testng.SuiteRunner.runSequentially(SuiteRunner.java:371)
	at org.testng.SuiteRunner.privateRun(SuiteRunner.java:332)
	at org.testng.SuiteRunner.run(SuiteRunner.java:276)
	at org.testng.SuiteRunnerWorker.runSuite(SuiteRunnerWorker.java:53)
	at org.testng.SuiteRunnerWorker.run(SuiteRunnerWorker.java:96)
	at org.testng.TestNG.runSuitesSequentially(TestNG.java:1212)
	at org.testng.TestNG.runSuitesLocally(TestNG.java:1134)
	at org.testng.TestNG.runSuites(TestNG.java:1063)
	at org.testng.TestNG.run(TestNG.java:1031)
	at org.testng.remote.AbstractRemoteTestNG.run(AbstractRemoteTestNG.java:115)
	at org.testng.remote.RemoteTestNG.initAndRun(RemoteTestNG.java:251)
	at org.testng.remote.RemoteTestNG.main(RemoteTestNG.java:77)
</pre></div></td>
<td>0</td>
<td>TestNG.TestNG_FACEBOOK_OG_IN@436813f3</td></tr>
<tr>
<td title='TestNG.TestNG_IRCTC.c()'><b>c</b><br>Test class: TestNG.TestNG_IRCTC</td>
<td><div><pre>org.testng.TestNGException: 
Parameter &apos;BrowserName&apos; is required by BeforeTest on method LaunchBrowser but has not been marked @Optional or defined
in C:\Users\Admin\eclipse-workspace\MAVEN-PROJECT\testng.xml
... Removed 21 stack frames</pre></div><a href='#' onClick='toggleBox("stack-trace51363200", this, "Click to show all stack frames", "Click to hide stack frames")'>Click to show all stack frames</a>
<div class='stack-trace' id='stack-trace51363200'><pre>org.testng.TestNGException: 
Parameter &apos;BrowserName&apos; is required by BeforeTest on method LaunchBrowser but has not been marked @Optional or defined
in C:\Users\Admin\eclipse-workspace\MAVEN-PROJECT\testng.xml
	at org.testng.internal.Parameters.createParams(Parameters.java:270)
	at org.testng.internal.Parameters.createParametersForMethod(Parameters.java:358)
	at org.testng.internal.Parameters.createParameters(Parameters.java:700)
	at org.testng.internal.Parameters.createConfigurationParameters(Parameters.java:168)
	at org.testng.internal.ConfigInvoker.invokeConfigurations(ConfigInvoker.java:302)
	at org.testng.TestRunner.invokeTestConfigurations(TestRunner.java:637)
	at org.testng.TestRunner.beforeRun(TestRunner.java:627)
	at org.testng.TestRunner.run(TestRunner.java:589)
	at org.testng.SuiteRunner.runTest(SuiteRunner.java:377)
	at org.testng.SuiteRunner.runSequentially(SuiteRunner.java:371)
	at org.testng.SuiteRunner.privateRun(SuiteRunner.java:332)
	at org.testng.SuiteRunner.run(SuiteRunner.java:276)
	at org.testng.SuiteRunnerWorker.runSuite(SuiteRunnerWorker.java:53)
	at org.testng.SuiteRunnerWorker.run(SuiteRunnerWorker.java:96)
	at org.testng.TestNG.runSuitesSequentially(TestNG.java:1212)
	at org.testng.TestNG.runSuitesLocally(TestNG.java:1134)
	at org.testng.TestNG.runSuites(TestNG.java:1063)
	at org.testng.TestNG.run(TestNG.java:1031)
	at org.testng.remote.AbstractRemoteTestNG.run(AbstractRemoteTestNG.java:115)
	at org.testng.remote.RemoteTestNG.initAndRun(RemoteTestNG.java:251)
	at org.testng.remote.RemoteTestNG.main(RemoteTestNG.java:77)
</pre></div></td>
<td>0</td>
<td>TestNG.TestNG_IRCTC@8f4ea7c</td></tr>
<tr>
<td title='TestNG.TestNG_YOUTUBE.Open_Rashmika_TopTucker_Song()'><b>Open_Rashmika_TopTucker_Song</b><br>Test class: TestNG.TestNG_YOUTUBE</td>
<td><div><pre>org.testng.TestNGException: 
Parameter &apos;BrowserName&apos; is required by BeforeTest on method LaunchBrowser but has not been marked @Optional or defined
in C:\Users\Admin\eclipse-workspace\MAVEN-PROJECT\testng.xml
... Removed 21 stack frames</pre></div><a href='#' onClick='toggleBox("stack-trace1374957883", this, "Click to show all stack frames", "Click to hide stack frames")'>Click to show all stack frames</a>
<div class='stack-trace' id='stack-trace1374957883'><pre>org.testng.TestNGException: 
Parameter &apos;BrowserName&apos; is required by BeforeTest on method LaunchBrowser but has not been marked @Optional or defined
in C:\Users\Admin\eclipse-workspace\MAVEN-PROJECT\testng.xml
	at org.testng.internal.Parameters.createParams(Parameters.java:270)
	at org.testng.internal.Parameters.createParametersForMethod(Parameters.java:358)
	at org.testng.internal.Parameters.createParameters(Parameters.java:700)
	at org.testng.internal.Parameters.createConfigurationParameters(Parameters.java:168)
	at org.testng.internal.ConfigInvoker.invokeConfigurations(ConfigInvoker.java:302)
	at org.testng.TestRunner.invokeTestConfigurations(TestRunner.java:637)
	at org.testng.TestRunner.beforeRun(TestRunner.java:627)
	at org.testng.TestRunner.run(TestRunner.java:589)
	at org.testng.SuiteRunner.runTest(SuiteRunner.java:377)
	at org.testng.SuiteRunner.runSequentially(SuiteRunner.java:371)
	at org.testng.SuiteRunner.privateRun(SuiteRunner.java:332)
	at org.testng.SuiteRunner.run(SuiteRunner.java:276)
	at org.testng.SuiteRunnerWorker.runSuite(SuiteRunnerWorker.java:53)
	at org.testng.SuiteRunnerWorker.run(SuiteRunnerWorker.java:96)
	at org.testng.TestNG.runSuitesSequentially(TestNG.java:1212)
	at org.testng.TestNG.runSuitesLocally(TestNG.java:1134)
	at org.testng.TestNG.runSuites(TestNG.java:1063)
	at org.testng.TestNG.run(TestNG.java:1031)
	at org.testng.remote.AbstractRemoteTestNG.run(AbstractRemoteTestNG.java:115)
	at org.testng.remote.RemoteTestNG.initAndRun(RemoteTestNG.java:251)
	at org.testng.remote.RemoteTestNG.main(RemoteTestNG.java:77)
</pre></div></td>
<td>0</td>
<td>TestNG.TestNG_YOUTUBE@223d2c72</td></tr>
<tr>
<td title='TestNG.TestNG_FACEBOOK_OG_IN.c8()'><b>c8</b><br>Test class: TestNG.TestNG_FACEBOOK_OG_IN</td>
<td><div><pre>org.testng.TestNGException: 
Parameter &apos;BrowserName&apos; is required by BeforeTest on method LaunchBrowser but has not been marked @Optional or defined
in C:\Users\Admin\eclipse-workspace\MAVEN-PROJECT\testng.xml
... Removed 21 stack frames</pre></div><a href='#' onClick='toggleBox("stack-trace1058286854", this, "Click to show all stack frames", "Click to hide stack frames")'>Click to show all stack frames</a>
<div class='stack-trace' id='stack-trace1058286854'><pre>org.testng.TestNGException: 
Parameter &apos;BrowserName&apos; is required by BeforeTest on method LaunchBrowser but has not been marked @Optional or defined
in C:\Users\Admin\eclipse-workspace\MAVEN-PROJECT\testng.xml
	at org.testng.internal.Parameters.createParams(Parameters.java:270)
	at org.testng.internal.Parameters.createParametersForMethod(Parameters.java:358)
	at org.testng.internal.Parameters.createParameters(Parameters.java:700)
	at org.testng.internal.Parameters.createConfigurationParameters(Parameters.java:168)
	at org.testng.internal.ConfigInvoker.invokeConfigurations(ConfigInvoker.java:302)
	at org.testng.TestRunner.invokeTestConfigurations(TestRunner.java:637)
	at org.testng.TestRunner.beforeRun(TestRunner.java:627)
	at org.testng.TestRunner.run(TestRunner.java:589)
	at org.testng.SuiteRunner.runTest(SuiteRunner.java:377)
	at org.testng.SuiteRunner.runSequentially(SuiteRunner.java:371)
	at org.testng.SuiteRunner.privateRun(SuiteRunner.java:332)
	at org.testng.SuiteRunner.run(SuiteRunner.java:276)
	at org.testng.SuiteRunnerWorker.runSuite(SuiteRunnerWorker.java:53)
	at org.testng.SuiteRunnerWorker.run(SuiteRunnerWorker.java:96)
	at org.testng.TestNG.runSuitesSequentially(TestNG.java:1212)
	at org.testng.TestNG.runSuitesLocally(TestNG.java:1134)
	at org.testng.TestNG.runSuites(TestNG.java:1063)
	at org.testng.TestNG.run(TestNG.java:1031)
	at org.testng.remote.AbstractRemoteTestNG.run(AbstractRemoteTestNG.java:115)
	at org.testng.remote.RemoteTestNG.initAndRun(RemoteTestNG.java:251)
	at org.testng.remote.RemoteTestNG.main(RemoteTestNG.java:77)
</pre></div></td>
<td>0</td>
<td>TestNG.TestNG_FACEBOOK_OG_IN@436813f3</td></tr>
<tr>
<td title='TestNG.TestNG_FACEBOOK_OG_IN.c15()'><b>c15</b><br>Test class: TestNG.TestNG_FACEBOOK_OG_IN</td>
<td><div><pre>org.testng.TestNGException: 
Parameter &apos;BrowserName&apos; is required by BeforeTest on method LaunchBrowser but has not been marked @Optional or defined
in C:\Users\Admin\eclipse-workspace\MAVEN-PROJECT\testng.xml
... Removed 21 stack frames</pre></div><a href='#' onClick='toggleBox("stack-trace958463731", this, "Click to show all stack frames", "Click to hide stack frames")'>Click to show all stack frames</a>
<div class='stack-trace' id='stack-trace958463731'><pre>org.testng.TestNGException: 
Parameter &apos;BrowserName&apos; is required by BeforeTest on method LaunchBrowser but has not been marked @Optional or defined
in C:\Users\Admin\eclipse-workspace\MAVEN-PROJECT\testng.xml
	at org.testng.internal.Parameters.createParams(Parameters.java:270)
	at org.testng.internal.Parameters.createParametersForMethod(Parameters.java:358)
	at org.testng.internal.Parameters.createParameters(Parameters.java:700)
	at org.testng.internal.Parameters.createConfigurationParameters(Parameters.java:168)
	at org.testng.internal.ConfigInvoker.invokeConfigurations(ConfigInvoker.java:302)
	at org.testng.TestRunner.invokeTestConfigurations(TestRunner.java:637)
	at org.testng.TestRunner.beforeRun(TestRunner.java:627)
	at org.testng.TestRunner.run(TestRunner.java:589)
	at org.testng.SuiteRunner.runTest(SuiteRunner.java:377)
	at org.testng.SuiteRunner.runSequentially(SuiteRunner.java:371)
	at org.testng.SuiteRunner.privateRun(SuiteRunner.java:332)
	at org.testng.SuiteRunner.run(SuiteRunner.java:276)
	at org.testng.SuiteRunnerWorker.runSuite(SuiteRunnerWorker.java:53)
	at org.testng.SuiteRunnerWorker.run(SuiteRunnerWorker.java:96)
	at org.testng.TestNG.runSuitesSequentially(TestNG.java:1212)
	at org.testng.TestNG.runSuitesLocally(TestNG.java:1134)
	at org.testng.TestNG.runSuites(TestNG.java:1063)
	at org.testng.TestNG.run(TestNG.java:1031)
	at org.testng.remote.AbstractRemoteTestNG.run(AbstractRemoteTestNG.java:115)
	at org.testng.remote.RemoteTestNG.initAndRun(RemoteTestNG.java:251)
	at org.testng.remote.RemoteTestNG.main(RemoteTestNG.java:77)
</pre></div></td>
<td>0</td>
<td>TestNG.TestNG_FACEBOOK_OG_IN@436813f3</td></tr>
<tr>
<td title='TestNG.TestNG_TESTAUTOMATION.TestAutomationPage()'><b>TestAutomationPage</b><br>Test class: TestNG.TestNG_TESTAUTOMATION</td>
<td><div><pre>org.testng.TestNGException: 
Parameter &apos;BrowserName&apos; is required by BeforeTest on method LaunchBrowser but has not been marked @Optional or defined
in C:\Users\Admin\eclipse-workspace\MAVEN-PROJECT\testng.xml
... Removed 21 stack frames</pre></div><a href='#' onClick='toggleBox("stack-trace1995362042", this, "Click to show all stack frames", "Click to hide stack frames")'>Click to show all stack frames</a>
<div class='stack-trace' id='stack-trace1995362042'><pre>org.testng.TestNGException: 
Parameter &apos;BrowserName&apos; is required by BeforeTest on method LaunchBrowser but has not been marked @Optional or defined
in C:\Users\Admin\eclipse-workspace\MAVEN-PROJECT\testng.xml
	at org.testng.internal.Parameters.createParams(Parameters.java:270)
	at org.testng.internal.Parameters.createParametersForMethod(Parameters.java:358)
	at org.testng.internal.Parameters.createParameters(Parameters.java:700)
	at org.testng.internal.Parameters.createConfigurationParameters(Parameters.java:168)
	at org.testng.internal.ConfigInvoker.invokeConfigurations(ConfigInvoker.java:302)
	at org.testng.TestRunner.invokeTestConfigurations(TestRunner.java:637)
	at org.testng.TestRunner.beforeRun(TestRunner.java:627)
	at org.testng.TestRunner.run(TestRunner.java:589)
	at org.testng.SuiteRunner.runTest(SuiteRunner.java:377)
	at org.testng.SuiteRunner.runSequentially(SuiteRunner.java:371)
	at org.testng.SuiteRunner.privateRun(SuiteRunner.java:332)
	at org.testng.SuiteRunner.run(SuiteRunner.java:276)
	at org.testng.SuiteRunnerWorker.runSuite(SuiteRunnerWorker.java:53)
	at org.testng.SuiteRunnerWorker.run(SuiteRunnerWorker.java:96)
	at org.testng.TestNG.runSuitesSequentially(TestNG.java:1212)
	at org.testng.TestNG.runSuitesLocally(TestNG.java:1134)
	at org.testng.TestNG.runSuites(TestNG.java:1063)
	at org.testng.TestNG.run(TestNG.java:1031)
	at org.testng.remote.AbstractRemoteTestNG.run(AbstractRemoteTestNG.java:115)
	at org.testng.remote.RemoteTestNG.initAndRun(RemoteTestNG.java:251)
	at org.testng.remote.RemoteTestNG.main(RemoteTestNG.java:77)
</pre></div></td>
<td>0</td>
<td>TestNG.TestNG_TESTAUTOMATION@36902638</td></tr>
<tr>
<td title='TestNG.TestNG_FACEBOOK_OG_IN.c12()'><b>c12</b><br>Test class: TestNG.TestNG_FACEBOOK_OG_IN</td>
<td><div><pre>org.testng.TestNGException: 
Parameter &apos;BrowserName&apos; is required by BeforeTest on method LaunchBrowser but has not been marked @Optional or defined
in C:\Users\Admin\eclipse-workspace\MAVEN-PROJECT\testng.xml
... Removed 21 stack frames</pre></div><a href='#' onClick='toggleBox("stack-trace433293126", this, "Click to show all stack frames", "Click to hide stack frames")'>Click to show all stack frames</a>
<div class='stack-trace' id='stack-trace433293126'><pre>org.testng.TestNGException: 
Parameter &apos;BrowserName&apos; is required by BeforeTest on method LaunchBrowser but has not been marked @Optional or defined
in C:\Users\Admin\eclipse-workspace\MAVEN-PROJECT\testng.xml
	at org.testng.internal.Parameters.createParams(Parameters.java:270)
	at org.testng.internal.Parameters.createParametersForMethod(Parameters.java:358)
	at org.testng.internal.Parameters.createParameters(Parameters.java:700)
	at org.testng.internal.Parameters.createConfigurationParameters(Parameters.java:168)
	at org.testng.internal.ConfigInvoker.invokeConfigurations(ConfigInvoker.java:302)
	at org.testng.TestRunner.invokeTestConfigurations(TestRunner.java:637)
	at org.testng.TestRunner.beforeRun(TestRunner.java:627)
	at org.testng.TestRunner.run(TestRunner.java:589)
	at org.testng.SuiteRunner.runTest(SuiteRunner.java:377)
	at org.testng.SuiteRunner.runSequentially(SuiteRunner.java:371)
	at org.testng.SuiteRunner.privateRun(SuiteRunner.java:332)
	at org.testng.SuiteRunner.run(SuiteRunner.java:276)
	at org.testng.SuiteRunnerWorker.runSuite(SuiteRunnerWorker.java:53)
	at org.testng.SuiteRunnerWorker.run(SuiteRunnerWorker.java:96)
	at org.testng.TestNG.runSuitesSequentially(TestNG.java:1212)
	at org.testng.TestNG.runSuitesLocally(TestNG.java:1134)
	at org.testng.TestNG.runSuites(TestNG.java:1063)
	at org.testng.TestNG.run(TestNG.java:1031)
	at org.testng.remote.AbstractRemoteTestNG.run(AbstractRemoteTestNG.java:115)
	at org.testng.remote.RemoteTestNG.initAndRun(RemoteTestNG.java:251)
	at org.testng.remote.RemoteTestNG.main(RemoteTestNG.java:77)
</pre></div></td>
<td>0</td>
<td>TestNG.TestNG_FACEBOOK_OG_IN@436813f3</td></tr>
<tr>
<td title='TestNG.TestNG_FACEBOOK_OG_IN.c9()'><b>c9</b><br>Test class: TestNG.TestNG_FACEBOOK_OG_IN</td>
<td><div><pre>org.testng.TestNGException: 
Parameter &apos;BrowserName&apos; is required by BeforeTest on method LaunchBrowser but has not been marked @Optional or defined
in C:\Users\Admin\eclipse-workspace\MAVEN-PROJECT\testng.xml
... Removed 21 stack frames</pre></div><a href='#' onClick='toggleBox("stack-trace1169428397", this, "Click to show all stack frames", "Click to hide stack frames")'>Click to show all stack frames</a>
<div class='stack-trace' id='stack-trace1169428397'><pre>org.testng.TestNGException: 
Parameter &apos;BrowserName&apos; is required by BeforeTest on method LaunchBrowser but has not been marked @Optional or defined
in C:\Users\Admin\eclipse-workspace\MAVEN-PROJECT\testng.xml
	at org.testng.internal.Parameters.createParams(Parameters.java:270)
	at org.testng.internal.Parameters.createParametersForMethod(Parameters.java:358)
	at org.testng.internal.Parameters.createParameters(Parameters.java:700)
	at org.testng.internal.Parameters.createConfigurationParameters(Parameters.java:168)
	at org.testng.internal.ConfigInvoker.invokeConfigurations(ConfigInvoker.java:302)
	at org.testng.TestRunner.invokeTestConfigurations(TestRunner.java:637)
	at org.testng.TestRunner.beforeRun(TestRunner.java:627)
	at org.testng.TestRunner.run(TestRunner.java:589)
	at org.testng.SuiteRunner.runTest(SuiteRunner.java:377)
	at org.testng.SuiteRunner.runSequentially(SuiteRunner.java:371)
	at org.testng.SuiteRunner.privateRun(SuiteRunner.java:332)
	at org.testng.SuiteRunner.run(SuiteRunner.java:276)
	at org.testng.SuiteRunnerWorker.runSuite(SuiteRunnerWorker.java:53)
	at org.testng.SuiteRunnerWorker.run(SuiteRunnerWorker.java:96)
	at org.testng.TestNG.runSuitesSequentially(TestNG.java:1212)
	at org.testng.TestNG.runSuitesLocally(TestNG.java:1134)
	at org.testng.TestNG.runSuites(TestNG.java:1063)
	at org.testng.TestNG.run(TestNG.java:1031)
	at org.testng.remote.AbstractRemoteTestNG.run(AbstractRemoteTestNG.java:115)
	at org.testng.remote.RemoteTestNG.initAndRun(RemoteTestNG.java:251)
	at org.testng.remote.RemoteTestNG.main(RemoteTestNG.java:77)
</pre></div></td>
<td>0</td>
<td>TestNG.TestNG_FACEBOOK_OG_IN@436813f3</td></tr>
<tr>
<td title='TestNG.TestNG_FACEBOOK_OG_IN.c16()'><b>c16</b><br>Test class: TestNG.TestNG_FACEBOOK_OG_IN</td>
<td><div><pre>org.testng.TestNGException: 
Parameter &apos;BrowserName&apos; is required by BeforeTest on method LaunchBrowser but has not been marked @Optional or defined
in C:\Users\Admin\eclipse-workspace\MAVEN-PROJECT\testng.xml
... Removed 21 stack frames</pre></div><a href='#' onClick='toggleBox("stack-trace859589344", this, "Click to show all stack frames", "Click to hide stack frames")'>Click to show all stack frames</a>
<div class='stack-trace' id='stack-trace859589344'><pre>org.testng.TestNGException: 
Parameter &apos;BrowserName&apos; is required by BeforeTest on method LaunchBrowser but has not been marked @Optional or defined
in C:\Users\Admin\eclipse-workspace\MAVEN-PROJECT\testng.xml
	at org.testng.internal.Parameters.createParams(Parameters.java:270)
	at org.testng.internal.Parameters.createParametersForMethod(Parameters.java:358)
	at org.testng.internal.Parameters.createParameters(Parameters.java:700)
	at org.testng.internal.Parameters.createConfigurationParameters(Parameters.java:168)
	at org.testng.internal.ConfigInvoker.invokeConfigurations(ConfigInvoker.java:302)
	at org.testng.TestRunner.invokeTestConfigurations(TestRunner.java:637)
	at org.testng.TestRunner.beforeRun(TestRunner.java:627)
	at org.testng.TestRunner.run(TestRunner.java:589)
	at org.testng.SuiteRunner.runTest(SuiteRunner.java:377)
	at org.testng.SuiteRunner.runSequentially(SuiteRunner.java:371)
	at org.testng.SuiteRunner.privateRun(SuiteRunner.java:332)
	at org.testng.SuiteRunner.run(SuiteRunner.java:276)
	at org.testng.SuiteRunnerWorker.runSuite(SuiteRunnerWorker.java:53)
	at org.testng.SuiteRunnerWorker.run(SuiteRunnerWorker.java:96)
	at org.testng.TestNG.runSuitesSequentially(TestNG.java:1212)
	at org.testng.TestNG.runSuitesLocally(TestNG.java:1134)
	at org.testng.TestNG.runSuites(TestNG.java:1063)
	at org.testng.TestNG.run(TestNG.java:1031)
	at org.testng.remote.AbstractRemoteTestNG.run(AbstractRemoteTestNG.java:115)
	at org.testng.remote.RemoteTestNG.initAndRun(RemoteTestNG.java:251)
	at org.testng.remote.RemoteTestNG.main(RemoteTestNG.java:77)
</pre></div></td>
<td>0</td>
<td>TestNG.TestNG_FACEBOOK_OG_IN@436813f3</td></tr>
<tr>
<td title='TestNG.TestNG_FACEBOOK_OG_IN.c14()'><b>c14</b><br>Test class: TestNG.TestNG_FACEBOOK_OG_IN</td>
<td><div><pre>org.testng.TestNGException: 
Parameter &apos;BrowserName&apos; is required by BeforeTest on method LaunchBrowser but has not been marked @Optional or defined
in C:\Users\Admin\eclipse-workspace\MAVEN-PROJECT\testng.xml
... Removed 21 stack frames</pre></div><a href='#' onClick='toggleBox("stack-trace1462332021", this, "Click to show all stack frames", "Click to hide stack frames")'>Click to show all stack frames</a>
<div class='stack-trace' id='stack-trace1462332021'><pre>org.testng.TestNGException: 
Parameter &apos;BrowserName&apos; is required by BeforeTest on method LaunchBrowser but has not been marked @Optional or defined
in C:\Users\Admin\eclipse-workspace\MAVEN-PROJECT\testng.xml
	at org.testng.internal.Parameters.createParams(Parameters.java:270)
	at org.testng.internal.Parameters.createParametersForMethod(Parameters.java:358)
	at org.testng.internal.Parameters.createParameters(Parameters.java:700)
	at org.testng.internal.Parameters.createConfigurationParameters(Parameters.java:168)
	at org.testng.internal.ConfigInvoker.invokeConfigurations(ConfigInvoker.java:302)
	at org.testng.TestRunner.invokeTestConfigurations(TestRunner.java:637)
	at org.testng.TestRunner.beforeRun(TestRunner.java:627)
	at org.testng.TestRunner.run(TestRunner.java:589)
	at org.testng.SuiteRunner.runTest(SuiteRunner.java:377)
	at org.testng.SuiteRunner.runSequentially(SuiteRunner.java:371)
	at org.testng.SuiteRunner.privateRun(SuiteRunner.java:332)
	at org.testng.SuiteRunner.run(SuiteRunner.java:276)
	at org.testng.SuiteRunnerWorker.runSuite(SuiteRunnerWorker.java:53)
	at org.testng.SuiteRunnerWorker.run(SuiteRunnerWorker.java:96)
	at org.testng.TestNG.runSuitesSequentially(TestNG.java:1212)
	at org.testng.TestNG.runSuitesLocally(TestNG.java:1134)
	at org.testng.TestNG.runSuites(TestNG.java:1063)
	at org.testng.TestNG.run(TestNG.java:1031)
	at org.testng.remote.AbstractRemoteTestNG.run(AbstractRemoteTestNG.java:115)
	at org.testng.remote.RemoteTestNG.initAndRun(RemoteTestNG.java:251)
	at org.testng.remote.RemoteTestNG.main(RemoteTestNG.java:77)
</pre></div></td>
<td>0</td>
<td>TestNG.TestNG_FACEBOOK_OG_IN@436813f3</td></tr>
<tr>
<td title='TestNG.TestNG_FACEBOOK_OG_IN.c1()'><b>c1</b><br>Test class: TestNG.TestNG_FACEBOOK_OG_IN</td>
<td><div><pre>org.testng.TestNGException: 
Parameter &apos;BrowserName&apos; is required by BeforeTest on method LaunchBrowser but has not been marked @Optional or defined
in C:\Users\Admin\eclipse-workspace\MAVEN-PROJECT\testng.xml
... Removed 21 stack frames</pre></div><a href='#' onClick='toggleBox("stack-trace330564459", this, "Click to show all stack frames", "Click to hide stack frames")'>Click to show all stack frames</a>
<div class='stack-trace' id='stack-trace330564459'><pre>org.testng.TestNGException: 
Parameter &apos;BrowserName&apos; is required by BeforeTest on method LaunchBrowser but has not been marked @Optional or defined
in C:\Users\Admin\eclipse-workspace\MAVEN-PROJECT\testng.xml
	at org.testng.internal.Parameters.createParams(Parameters.java:270)
	at org.testng.internal.Parameters.createParametersForMethod(Parameters.java:358)
	at org.testng.internal.Parameters.createParameters(Parameters.java:700)
	at org.testng.internal.Parameters.createConfigurationParameters(Parameters.java:168)
	at org.testng.internal.ConfigInvoker.invokeConfigurations(ConfigInvoker.java:302)
	at org.testng.TestRunner.invokeTestConfigurations(TestRunner.java:637)
	at org.testng.TestRunner.beforeRun(TestRunner.java:627)
	at org.testng.TestRunner.run(TestRunner.java:589)
	at org.testng.SuiteRunner.runTest(SuiteRunner.java:377)
	at org.testng.SuiteRunner.runSequentially(SuiteRunner.java:371)
	at org.testng.SuiteRunner.privateRun(SuiteRunner.java:332)
	at org.testng.SuiteRunner.run(SuiteRunner.java:276)
	at org.testng.SuiteRunnerWorker.runSuite(SuiteRunnerWorker.java:53)
	at org.testng.SuiteRunnerWorker.run(SuiteRunnerWorker.java:96)
	at org.testng.TestNG.runSuitesSequentially(TestNG.java:1212)
	at org.testng.TestNG.runSuitesLocally(TestNG.java:1134)
	at org.testng.TestNG.runSuites(TestNG.java:1063)
	at org.testng.TestNG.run(TestNG.java:1031)
	at org.testng.remote.AbstractRemoteTestNG.run(AbstractRemoteTestNG.java:115)
	at org.testng.remote.RemoteTestNG.initAndRun(RemoteTestNG.java:251)
	at org.testng.remote.RemoteTestNG.main(RemoteTestNG.java:77)
</pre></div></td>
<td>0</td>
<td>TestNG.TestNG_FACEBOOK_OG_IN@436813f3</td></tr>
<tr>
<td title='TestNG.TestNG_FLIPKART.FlipkartLogingPage()'><b>FlipkartLogingPage</b><br>Test class: TestNG.TestNG_FLIPKART</td>
<td><div><pre>org.testng.TestNGException: 
Parameter &apos;BrowserName&apos; is required by BeforeTest on method LaunchBrowser but has not been marked @Optional or defined
in C:\Users\Admin\eclipse-workspace\MAVEN-PROJECT\testng.xml
... Removed 21 stack frames</pre></div><a href='#' onClick='toggleBox("stack-trace1596236679", this, "Click to show all stack frames", "Click to hide stack frames")'>Click to show all stack frames</a>
<div class='stack-trace' id='stack-trace1596236679'><pre>org.testng.TestNGException: 
Parameter &apos;BrowserName&apos; is required by BeforeTest on method LaunchBrowser but has not been marked @Optional or defined
in C:\Users\Admin\eclipse-workspace\MAVEN-PROJECT\testng.xml
	at org.testng.internal.Parameters.createParams(Parameters.java:270)
	at org.testng.internal.Parameters.createParametersForMethod(Parameters.java:358)
	at org.testng.internal.Parameters.createParameters(Parameters.java:700)
	at org.testng.internal.Parameters.createConfigurationParameters(Parameters.java:168)
	at org.testng.internal.ConfigInvoker.invokeConfigurations(ConfigInvoker.java:302)
	at org.testng.TestRunner.invokeTestConfigurations(TestRunner.java:637)
	at org.testng.TestRunner.beforeRun(TestRunner.java:627)
	at org.testng.TestRunner.run(TestRunner.java:589)
	at org.testng.SuiteRunner.runTest(SuiteRunner.java:377)
	at org.testng.SuiteRunner.runSequentially(SuiteRunner.java:371)
	at org.testng.SuiteRunner.privateRun(SuiteRunner.java:332)
	at org.testng.SuiteRunner.run(SuiteRunner.java:276)
	at org.testng.SuiteRunnerWorker.runSuite(SuiteRunnerWorker.java:53)
	at org.testng.SuiteRunnerWorker.run(SuiteRunnerWorker.java:96)
	at org.testng.TestNG.runSuitesSequentially(TestNG.java:1212)
	at org.testng.TestNG.runSuitesLocally(TestNG.java:1134)
	at org.testng.TestNG.runSuites(TestNG.java:1063)
	at org.testng.TestNG.run(TestNG.java:1031)
	at org.testng.remote.AbstractRemoteTestNG.run(AbstractRemoteTestNG.java:115)
	at org.testng.remote.RemoteTestNG.initAndRun(RemoteTestNG.java:251)
	at org.testng.remote.RemoteTestNG.main(RemoteTestNG.java:77)
</pre></div></td>
<td>0</td>
<td>TestNG.TestNG_FLIPKART@79e2c065</td></tr>
<tr>
<td title='TestNG.TestNG_FACEBOOK_OG_IN.c18()'><b>c18</b><br>Test class: TestNG.TestNG_FACEBOOK_OG_IN</td>
<td><div><pre>org.testng.TestNGException: 
Parameter &apos;BrowserName&apos; is required by BeforeTest on method LaunchBrowser but has not been marked @Optional or defined
in C:\Users\Admin\eclipse-workspace\MAVEN-PROJECT\testng.xml
... Removed 21 stack frames</pre></div><a href='#' onClick='toggleBox("stack-trace745999390", this, "Click to show all stack frames", "Click to hide stack frames")'>Click to show all stack frames</a>
<div class='stack-trace' id='stack-trace745999390'><pre>org.testng.TestNGException: 
Parameter &apos;BrowserName&apos; is required by BeforeTest on method LaunchBrowser but has not been marked @Optional or defined
in C:\Users\Admin\eclipse-workspace\MAVEN-PROJECT\testng.xml
	at org.testng.internal.Parameters.createParams(Parameters.java:270)
	at org.testng.internal.Parameters.createParametersForMethod(Parameters.java:358)
	at org.testng.internal.Parameters.createParameters(Parameters.java:700)
	at org.testng.internal.Parameters.createConfigurationParameters(Parameters.java:168)
	at org.testng.internal.ConfigInvoker.invokeConfigurations(ConfigInvoker.java:302)
	at org.testng.TestRunner.invokeTestConfigurations(TestRunner.java:637)
	at org.testng.TestRunner.beforeRun(TestRunner.java:627)
	at org.testng.TestRunner.run(TestRunner.java:589)
	at org.testng.SuiteRunner.runTest(SuiteRunner.java:377)
	at org.testng.SuiteRunner.runSequentially(SuiteRunner.java:371)
	at org.testng.SuiteRunner.privateRun(SuiteRunner.java:332)
	at org.testng.SuiteRunner.run(SuiteRunner.java:276)
	at org.testng.SuiteRunnerWorker.runSuite(SuiteRunnerWorker.java:53)
	at org.testng.SuiteRunnerWorker.run(SuiteRunnerWorker.java:96)
	at org.testng.TestNG.runSuitesSequentially(TestNG.java:1212)
	at org.testng.TestNG.runSuitesLocally(TestNG.java:1134)
	at org.testng.TestNG.runSuites(TestNG.java:1063)
	at org.testng.TestNG.run(TestNG.java:1031)
	at org.testng.remote.AbstractRemoteTestNG.run(AbstractRemoteTestNG.java:115)
	at org.testng.remote.RemoteTestNG.initAndRun(RemoteTestNG.java:251)
	at org.testng.remote.RemoteTestNG.main(RemoteTestNG.java:77)
</pre></div></td>
<td>0</td>
<td>TestNG.TestNG_FACEBOOK_OG_IN@436813f3</td></tr>
<tr>
<td title='TestNG.TestNG_AMAZON.c5()'><b>c5</b><br>Test class: TestNG.TestNG_AMAZON</td>
<td><div><pre>org.testng.TestNGException: 
Parameter &apos;BrowserName&apos; is required by BeforeTest on method LaunchBrowser but has not been marked @Optional or defined
in C:\Users\Admin\eclipse-workspace\MAVEN-PROJECT\testng.xml
... Removed 21 stack frames</pre></div><a href='#' onClick='toggleBox("stack-trace213434641", this, "Click to show all stack frames", "Click to hide stack frames")'>Click to show all stack frames</a>
<div class='stack-trace' id='stack-trace213434641'><pre>org.testng.TestNGException: 
Parameter &apos;BrowserName&apos; is required by BeforeTest on method LaunchBrowser but has not been marked @Optional or defined
in C:\Users\Admin\eclipse-workspace\MAVEN-PROJECT\testng.xml
	at org.testng.internal.Parameters.createParams(Parameters.java:270)
	at org.testng.internal.Parameters.createParametersForMethod(Parameters.java:358)
	at org.testng.internal.Parameters.createParameters(Parameters.java:700)
	at org.testng.internal.Parameters.createConfigurationParameters(Parameters.java:168)
	at org.testng.internal.ConfigInvoker.invokeConfigurations(ConfigInvoker.java:302)
	at org.testng.TestRunner.invokeTestConfigurations(TestRunner.java:637)
	at org.testng.TestRunner.beforeRun(TestRunner.java:627)
	at org.testng.TestRunner.run(TestRunner.java:589)
	at org.testng.SuiteRunner.runTest(SuiteRunner.java:377)
	at org.testng.SuiteRunner.runSequentially(SuiteRunner.java:371)
	at org.testng.SuiteRunner.privateRun(SuiteRunner.java:332)
	at org.testng.SuiteRunner.run(SuiteRunner.java:276)
	at org.testng.SuiteRunnerWorker.runSuite(SuiteRunnerWorker.java:53)
	at org.testng.SuiteRunnerWorker.run(SuiteRunnerWorker.java:96)
	at org.testng.TestNG.runSuitesSequentially(TestNG.java:1212)
	at org.testng.TestNG.runSuitesLocally(TestNG.java:1134)
	at org.testng.TestNG.runSuites(TestNG.java:1063)
	at org.testng.TestNG.run(TestNG.java:1031)
	at org.testng.remote.AbstractRemoteTestNG.run(AbstractRemoteTestNG.java:115)
	at org.testng.remote.RemoteTestNG.initAndRun(RemoteTestNG.java:251)
	at org.testng.remote.RemoteTestNG.main(RemoteTestNG.java:77)
</pre></div></td>
<td>0</td>
<td>TestNG.TestNG_AMAZON@1d2adfbe</td></tr>
<tr>
<td title='TestNG.TestNG_FACEBOOK_OG_IN.c10()'><b>c10</b><br>Test class: TestNG.TestNG_FACEBOOK_OG_IN</td>
<td><div><pre>org.testng.TestNGException: 
Parameter &apos;BrowserName&apos; is required by BeforeTest on method LaunchBrowser but has not been marked @Optional or defined
in C:\Users\Admin\eclipse-workspace\MAVEN-PROJECT\testng.xml
... Removed 21 stack frames</pre></div><a href='#' onClick='toggleBox("stack-trace753810307", this, "Click to show all stack frames", "Click to hide stack frames")'>Click to show all stack frames</a>
<div class='stack-trace' id='stack-trace753810307'><pre>org.testng.TestNGException: 
Parameter &apos;BrowserName&apos; is required by BeforeTest on method LaunchBrowser but has not been marked @Optional or defined
in C:\Users\Admin\eclipse-workspace\MAVEN-PROJECT\testng.xml
	at org.testng.internal.Parameters.createParams(Parameters.java:270)
	at org.testng.internal.Parameters.createParametersForMethod(Parameters.java:358)
	at org.testng.internal.Parameters.createParameters(Parameters.java:700)
	at org.testng.internal.Parameters.createConfigurationParameters(Parameters.java:168)
	at org.testng.internal.ConfigInvoker.invokeConfigurations(ConfigInvoker.java:302)
	at org.testng.TestRunner.invokeTestConfigurations(TestRunner.java:637)
	at org.testng.TestRunner.beforeRun(TestRunner.java:627)
	at org.testng.TestRunner.run(TestRunner.java:589)
	at org.testng.SuiteRunner.runTest(SuiteRunner.java:377)
	at org.testng.SuiteRunner.runSequentially(SuiteRunner.java:371)
	at org.testng.SuiteRunner.privateRun(SuiteRunner.java:332)
	at org.testng.SuiteRunner.run(SuiteRunner.java:276)
	at org.testng.SuiteRunnerWorker.runSuite(SuiteRunnerWorker.java:53)
	at org.testng.SuiteRunnerWorker.run(SuiteRunnerWorker.java:96)
	at org.testng.TestNG.runSuitesSequentially(TestNG.java:1212)
	at org.testng.TestNG.runSuitesLocally(TestNG.java:1134)
	at org.testng.TestNG.runSuites(TestNG.java:1063)
	at org.testng.TestNG.run(TestNG.java:1031)
	at org.testng.remote.AbstractRemoteTestNG.run(AbstractRemoteTestNG.java:115)
	at org.testng.remote.RemoteTestNG.initAndRun(RemoteTestNG.java:251)
	at org.testng.remote.RemoteTestNG.main(RemoteTestNG.java:77)
</pre></div></td>
<td>0</td>
<td>TestNG.TestNG_FACEBOOK_OG_IN@436813f3</td></tr>
<tr>
<td title='TestNG.TestNG_FLIPKART.FlipkartGroceryPage()'><b>FlipkartGroceryPage</b><br>Test class: TestNG.TestNG_FLIPKART</td>
<td><div><pre>org.testng.TestNGException: 
Parameter &apos;BrowserName&apos; is required by BeforeTest on method LaunchBrowser but has not been marked @Optional or defined
in C:\Users\Admin\eclipse-workspace\MAVEN-PROJECT\testng.xml
... Removed 21 stack frames</pre></div><a href='#' onClick='toggleBox("stack-trace1064491999", this, "Click to show all stack frames", "Click to hide stack frames")'>Click to show all stack frames</a>
<div class='stack-trace' id='stack-trace1064491999'><pre>org.testng.TestNGException: 
Parameter &apos;BrowserName&apos; is required by BeforeTest on method LaunchBrowser but has not been marked @Optional or defined
in C:\Users\Admin\eclipse-workspace\MAVEN-PROJECT\testng.xml
	at org.testng.internal.Parameters.createParams(Parameters.java:270)
	at org.testng.internal.Parameters.createParametersForMethod(Parameters.java:358)
	at org.testng.internal.Parameters.createParameters(Parameters.java:700)
	at org.testng.internal.Parameters.createConfigurationParameters(Parameters.java:168)
	at org.testng.internal.ConfigInvoker.invokeConfigurations(ConfigInvoker.java:302)
	at org.testng.TestRunner.invokeTestConfigurations(TestRunner.java:637)
	at org.testng.TestRunner.beforeRun(TestRunner.java:627)
	at org.testng.TestRunner.run(TestRunner.java:589)
	at org.testng.SuiteRunner.runTest(SuiteRunner.java:377)
	at org.testng.SuiteRunner.runSequentially(SuiteRunner.java:371)
	at org.testng.SuiteRunner.privateRun(SuiteRunner.java:332)
	at org.testng.SuiteRunner.run(SuiteRunner.java:276)
	at org.testng.SuiteRunnerWorker.runSuite(SuiteRunnerWorker.java:53)
	at org.testng.SuiteRunnerWorker.run(SuiteRunnerWorker.java:96)
	at org.testng.TestNG.runSuitesSequentially(TestNG.java:1212)
	at org.testng.TestNG.runSuitesLocally(TestNG.java:1134)
	at org.testng.TestNG.runSuites(TestNG.java:1063)
	at org.testng.TestNG.run(TestNG.java:1031)
	at org.testng.remote.AbstractRemoteTestNG.run(AbstractRemoteTestNG.java:115)
	at org.testng.remote.RemoteTestNG.initAndRun(RemoteTestNG.java:251)
	at org.testng.remote.RemoteTestNG.main(RemoteTestNG.java:77)
</pre></div></td>
<td>0</td>
<td>TestNG.TestNG_FLIPKART@79e2c065</td></tr>
<tr>
<td title='TestNG.TestNG_FACEBOOK_OG_IN.c11()'><b>c11</b><br>Test class: TestNG.TestNG_FACEBOOK_OG_IN</td>
<td><div><pre>org.testng.TestNGException: 
Parameter &apos;BrowserName&apos; is required by BeforeTest on method LaunchBrowser but has not been marked @Optional or defined
in C:\Users\Admin\eclipse-workspace\MAVEN-PROJECT\testng.xml
... Removed 21 stack frames</pre></div><a href='#' onClick='toggleBox("stack-trace1272804594", this, "Click to show all stack frames", "Click to hide stack frames")'>Click to show all stack frames</a>
<div class='stack-trace' id='stack-trace1272804594'><pre>org.testng.TestNGException: 
Parameter &apos;BrowserName&apos; is required by BeforeTest on method LaunchBrowser but has not been marked @Optional or defined
in C:\Users\Admin\eclipse-workspace\MAVEN-PROJECT\testng.xml
	at org.testng.internal.Parameters.createParams(Parameters.java:270)
	at org.testng.internal.Parameters.createParametersForMethod(Parameters.java:358)
	at org.testng.internal.Parameters.createParameters(Parameters.java:700)
	at org.testng.internal.Parameters.createConfigurationParameters(Parameters.java:168)
	at org.testng.internal.ConfigInvoker.invokeConfigurations(ConfigInvoker.java:302)
	at org.testng.TestRunner.invokeTestConfigurations(TestRunner.java:637)
	at org.testng.TestRunner.beforeRun(TestRunner.java:627)
	at org.testng.TestRunner.run(TestRunner.java:589)
	at org.testng.SuiteRunner.runTest(SuiteRunner.java:377)
	at org.testng.SuiteRunner.runSequentially(SuiteRunner.java:371)
	at org.testng.SuiteRunner.privateRun(SuiteRunner.java:332)
	at org.testng.SuiteRunner.run(SuiteRunner.java:276)
	at org.testng.SuiteRunnerWorker.runSuite(SuiteRunnerWorker.java:53)
	at org.testng.SuiteRunnerWorker.run(SuiteRunnerWorker.java:96)
	at org.testng.TestNG.runSuitesSequentially(TestNG.java:1212)
	at org.testng.TestNG.runSuitesLocally(TestNG.java:1134)
	at org.testng.TestNG.runSuites(TestNG.java:1063)
	at org.testng.TestNG.run(TestNG.java:1031)
	at org.testng.remote.AbstractRemoteTestNG.run(AbstractRemoteTestNG.java:115)
	at org.testng.remote.RemoteTestNG.initAndRun(RemoteTestNG.java:251)
	at org.testng.remote.RemoteTestNG.main(RemoteTestNG.java:77)
</pre></div></td>
<td>0</td>
<td>TestNG.TestNG_FACEBOOK_OG_IN@436813f3</td></tr>
<tr>
<td title='TestNG.TestNG_FACEBOOK_OG_IN.c19()'><b>c19</b><br>Test class: TestNG.TestNG_FACEBOOK_OG_IN</td>
<td><div><pre>org.testng.TestNGException: 
Parameter &apos;BrowserName&apos; is required by BeforeTest on method LaunchBrowser but has not been marked @Optional or defined
in C:\Users\Admin\eclipse-workspace\MAVEN-PROJECT\testng.xml
... Removed 21 stack frames</pre></div><a href='#' onClick='toggleBox("stack-trace764862950", this, "Click to show all stack frames", "Click to hide stack frames")'>Click to show all stack frames</a>
<div class='stack-trace' id='stack-trace764862950'><pre>org.testng.TestNGException: 
Parameter &apos;BrowserName&apos; is required by BeforeTest on method LaunchBrowser but has not been marked @Optional or defined
in C:\Users\Admin\eclipse-workspace\MAVEN-PROJECT\testng.xml
	at org.testng.internal.Parameters.createParams(Parameters.java:270)
	at org.testng.internal.Parameters.createParametersForMethod(Parameters.java:358)
	at org.testng.internal.Parameters.createParameters(Parameters.java:700)
	at org.testng.internal.Parameters.createConfigurationParameters(Parameters.java:168)
	at org.testng.internal.ConfigInvoker.invokeConfigurations(ConfigInvoker.java:302)
	at org.testng.TestRunner.invokeTestConfigurations(TestRunner.java:637)
	at org.testng.TestRunner.beforeRun(TestRunner.java:627)
	at org.testng.TestRunner.run(TestRunner.java:589)
	at org.testng.SuiteRunner.runTest(SuiteRunner.java:377)
	at org.testng.SuiteRunner.runSequentially(SuiteRunner.java:371)
	at org.testng.SuiteRunner.privateRun(SuiteRunner.java:332)
	at org.testng.SuiteRunner.run(SuiteRunner.java:276)
	at org.testng.SuiteRunnerWorker.runSuite(SuiteRunnerWorker.java:53)
	at org.testng.SuiteRunnerWorker.run(SuiteRunnerWorker.java:96)
	at org.testng.TestNG.runSuitesSequentially(TestNG.java:1212)
	at org.testng.TestNG.runSuitesLocally(TestNG.java:1134)
	at org.testng.TestNG.runSuites(TestNG.java:1063)
	at org.testng.TestNG.run(TestNG.java:1031)
	at org.testng.remote.AbstractRemoteTestNG.run(AbstractRemoteTestNG.java:115)
	at org.testng.remote.RemoteTestNG.initAndRun(RemoteTestNG.java:251)
	at org.testng.remote.RemoteTestNG.main(RemoteTestNG.java:77)
</pre></div></td>
<td>0</td>
<td>TestNG.TestNG_FACEBOOK_OG_IN@436813f3</td></tr>
<tr>
<td title='TestNG.TestNG_FACEBOOK_OG_IN.c2()'><b>c2</b><br>Test class: TestNG.TestNG_FACEBOOK_OG_IN</td>
<td><div><pre>org.testng.TestNGException: 
Parameter &apos;BrowserName&apos; is required by BeforeTest on method LaunchBrowser but has not been marked @Optional or defined
in C:\Users\Admin\eclipse-workspace\MAVEN-PROJECT\testng.xml
... Removed 21 stack frames</pre></div><a href='#' onClick='toggleBox("stack-trace2074820698", this, "Click to show all stack frames", "Click to hide stack frames")'>Click to show all stack frames</a>
<div class='stack-trace' id='stack-trace2074820698'><pre>org.testng.TestNGException: 
Parameter &apos;BrowserName&apos; is required by BeforeTest on method LaunchBrowser but has not been marked @Optional or defined
in C:\Users\Admin\eclipse-workspace\MAVEN-PROJECT\testng.xml
	at org.testng.internal.Parameters.createParams(Parameters.java:270)
	at org.testng.internal.Parameters.createParametersForMethod(Parameters.java:358)
	at org.testng.internal.Parameters.createParameters(Parameters.java:700)
	at org.testng.internal.Parameters.createConfigurationParameters(Parameters.java:168)
	at org.testng.internal.ConfigInvoker.invokeConfigurations(ConfigInvoker.java:302)
	at org.testng.TestRunner.invokeTestConfigurations(TestRunner.java:637)
	at org.testng.TestRunner.beforeRun(TestRunner.java:627)
	at org.testng.TestRunner.run(TestRunner.java:589)
	at org.testng.SuiteRunner.runTest(SuiteRunner.java:377)
	at org.testng.SuiteRunner.runSequentially(SuiteRunner.java:371)
	at org.testng.SuiteRunner.privateRun(SuiteRunner.java:332)
	at org.testng.SuiteRunner.run(SuiteRunner.java:276)
	at org.testng.SuiteRunnerWorker.runSuite(SuiteRunnerWorker.java:53)
	at org.testng.SuiteRunnerWorker.run(SuiteRunnerWorker.java:96)
	at org.testng.TestNG.runSuitesSequentially(TestNG.java:1212)
	at org.testng.TestNG.runSuitesLocally(TestNG.java:1134)
	at org.testng.TestNG.runSuites(TestNG.java:1063)
	at org.testng.TestNG.run(TestNG.java:1031)
	at org.testng.remote.AbstractRemoteTestNG.run(AbstractRemoteTestNG.java:115)
	at org.testng.remote.RemoteTestNG.initAndRun(RemoteTestNG.java:251)
	at org.testng.remote.RemoteTestNG.main(RemoteTestNG.java:77)
</pre></div></td>
<td>0</td>
<td>TestNG.TestNG_FACEBOOK_OG_IN@436813f3</td></tr>
<tr>
<td title='TestNG.TestNG_FACEBOOK_OG_IN.c20()'><b>c20</b><br>Test class: TestNG.TestNG_FACEBOOK_OG_IN</td>
<td><div><pre>org.testng.TestNGException: 
Parameter &apos;BrowserName&apos; is required by BeforeTest on method LaunchBrowser but has not been marked @Optional or defined
in C:\Users\Admin\eclipse-workspace\MAVEN-PROJECT\testng.xml
... Removed 21 stack frames</pre></div><a href='#' onClick='toggleBox("stack-trace1924978383", this, "Click to show all stack frames", "Click to hide stack frames")'>Click to show all stack frames</a>
<div class='stack-trace' id='stack-trace1924978383'><pre>org.testng.TestNGException: 
Parameter &apos;BrowserName&apos; is required by BeforeTest on method LaunchBrowser but has not been marked @Optional or defined
in C:\Users\Admin\eclipse-workspace\MAVEN-PROJECT\testng.xml
	at org.testng.internal.Parameters.createParams(Parameters.java:270)
	at org.testng.internal.Parameters.createParametersForMethod(Parameters.java:358)
	at org.testng.internal.Parameters.createParameters(Parameters.java:700)
	at org.testng.internal.Parameters.createConfigurationParameters(Parameters.java:168)
	at org.testng.internal.ConfigInvoker.invokeConfigurations(ConfigInvoker.java:302)
	at org.testng.TestRunner.invokeTestConfigurations(TestRunner.java:637)
	at org.testng.TestRunner.beforeRun(TestRunner.java:627)
	at org.testng.TestRunner.run(TestRunner.java:589)
	at org.testng.SuiteRunner.runTest(SuiteRunner.java:377)
	at org.testng.SuiteRunner.runSequentially(SuiteRunner.java:371)
	at org.testng.SuiteRunner.privateRun(SuiteRunner.java:332)
	at org.testng.SuiteRunner.run(SuiteRunner.java:276)
	at org.testng.SuiteRunnerWorker.runSuite(SuiteRunnerWorker.java:53)
	at org.testng.SuiteRunnerWorker.run(SuiteRunnerWorker.java:96)
	at org.testng.TestNG.runSuitesSequentially(TestNG.java:1212)
	at org.testng.TestNG.runSuitesLocally(TestNG.java:1134)
	at org.testng.TestNG.runSuites(TestNG.java:1063)
	at org.testng.TestNG.run(TestNG.java:1031)
	at org.testng.remote.AbstractRemoteTestNG.run(AbstractRemoteTestNG.java:115)
	at org.testng.remote.RemoteTestNG.initAndRun(RemoteTestNG.java:251)
	at org.testng.remote.RemoteTestNG.main(RemoteTestNG.java:77)
</pre></div></td>
<td>0</td>
<td>TestNG.TestNG_FACEBOOK_OG_IN@436813f3</td></tr>
<tr>
<td title='TestNG.TestNG_AMAZON.c1()'><b>c1</b><br>Test class: TestNG.TestNG_AMAZON</td>
<td><div><pre>org.testng.TestNGException: 
Parameter &apos;BrowserName&apos; is required by BeforeTest on method LaunchBrowser but has not been marked @Optional or defined
in C:\Users\Admin\eclipse-workspace\MAVEN-PROJECT\testng.xml
... Removed 21 stack frames</pre></div><a href='#' onClick='toggleBox("stack-trace1416598236", this, "Click to show all stack frames", "Click to hide stack frames")'>Click to show all stack frames</a>
<div class='stack-trace' id='stack-trace1416598236'><pre>org.testng.TestNGException: 
Parameter &apos;BrowserName&apos; is required by BeforeTest on method LaunchBrowser but has not been marked @Optional or defined
in C:\Users\Admin\eclipse-workspace\MAVEN-PROJECT\testng.xml
	at org.testng.internal.Parameters.createParams(Parameters.java:270)
	at org.testng.internal.Parameters.createParametersForMethod(Parameters.java:358)
	at org.testng.internal.Parameters.createParameters(Parameters.java:700)
	at org.testng.internal.Parameters.createConfigurationParameters(Parameters.java:168)
	at org.testng.internal.ConfigInvoker.invokeConfigurations(ConfigInvoker.java:302)
	at org.testng.TestRunner.invokeTestConfigurations(TestRunner.java:637)
	at org.testng.TestRunner.beforeRun(TestRunner.java:627)
	at org.testng.TestRunner.run(TestRunner.java:589)
	at org.testng.SuiteRunner.runTest(SuiteRunner.java:377)
	at org.testng.SuiteRunner.runSequentially(SuiteRunner.java:371)
	at org.testng.SuiteRunner.privateRun(SuiteRunner.java:332)
	at org.testng.SuiteRunner.run(SuiteRunner.java:276)
	at org.testng.SuiteRunnerWorker.runSuite(SuiteRunnerWorker.java:53)
	at org.testng.SuiteRunnerWorker.run(SuiteRunnerWorker.java:96)
	at org.testng.TestNG.runSuitesSequentially(TestNG.java:1212)
	at org.testng.TestNG.runSuitesLocally(TestNG.java:1134)
	at org.testng.TestNG.runSuites(TestNG.java:1063)
	at org.testng.TestNG.run(TestNG.java:1031)
	at org.testng.remote.AbstractRemoteTestNG.run(AbstractRemoteTestNG.java:115)
	at org.testng.remote.RemoteTestNG.initAndRun(RemoteTestNG.java:251)
	at org.testng.remote.RemoteTestNG.main(RemoteTestNG.java:77)
</pre></div></td>
<td>0</td>
<td>TestNG.TestNG_AMAZON@1d2adfbe</td></tr>
<tr>
<td title='TestNG.TestNG_YOUTUBE.Open_Radhe_Radhe()'><b>Open_Radhe_Radhe</b><br>Test class: TestNG.TestNG_YOUTUBE</td>
<td><div><pre>org.testng.TestNGException: 
Parameter &apos;BrowserName&apos; is required by BeforeTest on method LaunchBrowser but has not been marked @Optional or defined
in C:\Users\Admin\eclipse-workspace\MAVEN-PROJECT\testng.xml
... Removed 21 stack frames</pre></div><a href='#' onClick='toggleBox("stack-trace1582211707", this, "Click to show all stack frames", "Click to hide stack frames")'>Click to show all stack frames</a>
<div class='stack-trace' id='stack-trace1582211707'><pre>org.testng.TestNGException: 
Parameter &apos;BrowserName&apos; is required by BeforeTest on method LaunchBrowser but has not been marked @Optional or defined
in C:\Users\Admin\eclipse-workspace\MAVEN-PROJECT\testng.xml
	at org.testng.internal.Parameters.createParams(Parameters.java:270)
	at org.testng.internal.Parameters.createParametersForMethod(Parameters.java:358)
	at org.testng.internal.Parameters.createParameters(Parameters.java:700)
	at org.testng.internal.Parameters.createConfigurationParameters(Parameters.java:168)
	at org.testng.internal.ConfigInvoker.invokeConfigurations(ConfigInvoker.java:302)
	at org.testng.TestRunner.invokeTestConfigurations(TestRunner.java:637)
	at org.testng.TestRunner.beforeRun(TestRunner.java:627)
	at org.testng.TestRunner.run(TestRunner.java:589)
	at org.testng.SuiteRunner.runTest(SuiteRunner.java:377)
	at org.testng.SuiteRunner.runSequentially(SuiteRunner.java:371)
	at org.testng.SuiteRunner.privateRun(SuiteRunner.java:332)
	at org.testng.SuiteRunner.run(SuiteRunner.java:276)
	at org.testng.SuiteRunnerWorker.runSuite(SuiteRunnerWorker.java:53)
	at org.testng.SuiteRunnerWorker.run(SuiteRunnerWorker.java:96)
	at org.testng.TestNG.runSuitesSequentially(TestNG.java:1212)
	at org.testng.TestNG.runSuitesLocally(TestNG.java:1134)
	at org.testng.TestNG.runSuites(TestNG.java:1063)
	at org.testng.TestNG.run(TestNG.java:1031)
	at org.testng.remote.AbstractRemoteTestNG.run(AbstractRemoteTestNG.java:115)
	at org.testng.remote.RemoteTestNG.initAndRun(RemoteTestNG.java:251)
	at org.testng.remote.RemoteTestNG.main(RemoteTestNG.java:77)
</pre></div></td>
<td>0</td>
<td>TestNG.TestNG_YOUTUBE@223d2c72</td></tr>
<tr>
<td title='TestNG.TestNG_AMAZON.c3()'><b>c3</b><br>Test class: TestNG.TestNG_AMAZON</td>
<td><div><pre>org.testng.TestNGException: 
Parameter &apos;BrowserName&apos; is required by BeforeTest on method LaunchBrowser but has not been marked @Optional or defined
in C:\Users\Admin\eclipse-workspace\MAVEN-PROJECT\testng.xml
... Removed 21 stack frames</pre></div><a href='#' onClick='toggleBox("stack-trace1578220777", this, "Click to show all stack frames", "Click to hide stack frames")'>Click to show all stack frames</a>
<div class='stack-trace' id='stack-trace1578220777'><pre>org.testng.TestNGException: 
Parameter &apos;BrowserName&apos; is required by BeforeTest on method LaunchBrowser but has not been marked @Optional or defined
in C:\Users\Admin\eclipse-workspace\MAVEN-PROJECT\testng.xml
	at org.testng.internal.Parameters.createParams(Parameters.java:270)
	at org.testng.internal.Parameters.createParametersForMethod(Parameters.java:358)
	at org.testng.internal.Parameters.createParameters(Parameters.java:700)
	at org.testng.internal.Parameters.createConfigurationParameters(Parameters.java:168)
	at org.testng.internal.ConfigInvoker.invokeConfigurations(ConfigInvoker.java:302)
	at org.testng.TestRunner.invokeTestConfigurations(TestRunner.java:637)
	at org.testng.TestRunner.beforeRun(TestRunner.java:627)
	at org.testng.TestRunner.run(TestRunner.java:589)
	at org.testng.SuiteRunner.runTest(SuiteRunner.java:377)
	at org.testng.SuiteRunner.runSequentially(SuiteRunner.java:371)
	at org.testng.SuiteRunner.privateRun(SuiteRunner.java:332)
	at org.testng.SuiteRunner.run(SuiteRunner.java:276)
	at org.testng.SuiteRunnerWorker.runSuite(SuiteRunnerWorker.java:53)
	at org.testng.SuiteRunnerWorker.run(SuiteRunnerWorker.java:96)
	at org.testng.TestNG.runSuitesSequentially(TestNG.java:1212)
	at org.testng.TestNG.runSuitesLocally(TestNG.java:1134)
	at org.testng.TestNG.runSuites(TestNG.java:1063)
	at org.testng.TestNG.run(TestNG.java:1031)
	at org.testng.remote.AbstractRemoteTestNG.run(AbstractRemoteTestNG.java:115)
	at org.testng.remote.RemoteTestNG.initAndRun(RemoteTestNG.java:251)
	at org.testng.remote.RemoteTestNG.main(RemoteTestNG.java:77)
</pre></div></td>
<td>0</td>
<td>TestNG.TestNG_AMAZON@1d2adfbe</td></tr>
<tr>
<td title='TestNG.TestNG_FACEBOOK_OG_IN.c17()'><b>c17</b><br>Test class: TestNG.TestNG_FACEBOOK_OG_IN</td>
<td><div><pre>org.testng.TestNGException: 
Parameter &apos;BrowserName&apos; is required by BeforeTest on method LaunchBrowser but has not been marked @Optional or defined
in C:\Users\Admin\eclipse-workspace\MAVEN-PROJECT\testng.xml
... Removed 21 stack frames</pre></div><a href='#' onClick='toggleBox("stack-trace424620213", this, "Click to show all stack frames", "Click to hide stack frames")'>Click to show all stack frames</a>
<div class='stack-trace' id='stack-trace424620213'><pre>org.testng.TestNGException: 
Parameter &apos;BrowserName&apos; is required by BeforeTest on method LaunchBrowser but has not been marked @Optional or defined
in C:\Users\Admin\eclipse-workspace\MAVEN-PROJECT\testng.xml
	at org.testng.internal.Parameters.createParams(Parameters.java:270)
	at org.testng.internal.Parameters.createParametersForMethod(Parameters.java:358)
	at org.testng.internal.Parameters.createParameters(Parameters.java:700)
	at org.testng.internal.Parameters.createConfigurationParameters(Parameters.java:168)
	at org.testng.internal.ConfigInvoker.invokeConfigurations(ConfigInvoker.java:302)
	at org.testng.TestRunner.invokeTestConfigurations(TestRunner.java:637)
	at org.testng.TestRunner.beforeRun(TestRunner.java:627)
	at org.testng.TestRunner.run(TestRunner.java:589)
	at org.testng.SuiteRunner.runTest(SuiteRunner.java:377)
	at org.testng.SuiteRunner.runSequentially(SuiteRunner.java:371)
	at org.testng.SuiteRunner.privateRun(SuiteRunner.java:332)
	at org.testng.SuiteRunner.run(SuiteRunner.java:276)
	at org.testng.SuiteRunnerWorker.runSuite(SuiteRunnerWorker.java:53)
	at org.testng.SuiteRunnerWorker.run(SuiteRunnerWorker.java:96)
	at org.testng.TestNG.runSuitesSequentially(TestNG.java:1212)
	at org.testng.TestNG.runSuitesLocally(TestNG.java:1134)
	at org.testng.TestNG.runSuites(TestNG.java:1063)
	at org.testng.TestNG.run(TestNG.java:1031)
	at org.testng.remote.AbstractRemoteTestNG.run(AbstractRemoteTestNG.java:115)
	at org.testng.remote.RemoteTestNG.initAndRun(RemoteTestNG.java:251)
	at org.testng.remote.RemoteTestNG.main(RemoteTestNG.java:77)
</pre></div></td>
<td>0</td>
<td>TestNG.TestNG_FACEBOOK_OG_IN@436813f3</td></tr>
<tr>
<td title='TestNG.TestNG_FACEBOOK_OG_IN.c3()'><b>c3</b><br>Test class: TestNG.TestNG_FACEBOOK_OG_IN</td>
<td><div><pre>org.testng.TestNGException: 
Parameter &apos;BrowserName&apos; is required by BeforeTest on method LaunchBrowser but has not been marked @Optional or defined
in C:\Users\Admin\eclipse-workspace\MAVEN-PROJECT\testng.xml
... Removed 21 stack frames</pre></div><a href='#' onClick='toggleBox("stack-trace139456243", this, "Click to show all stack frames", "Click to hide stack frames")'>Click to show all stack frames</a>
<div class='stack-trace' id='stack-trace139456243'><pre>org.testng.TestNGException: 
Parameter &apos;BrowserName&apos; is required by BeforeTest on method LaunchBrowser but has not been marked @Optional or defined
in C:\Users\Admin\eclipse-workspace\MAVEN-PROJECT\testng.xml
	at org.testng.internal.Parameters.createParams(Parameters.java:270)
	at org.testng.internal.Parameters.createParametersForMethod(Parameters.java:358)
	at org.testng.internal.Parameters.createParameters(Parameters.java:700)
	at org.testng.internal.Parameters.createConfigurationParameters(Parameters.java:168)
	at org.testng.internal.ConfigInvoker.invokeConfigurations(ConfigInvoker.java:302)
	at org.testng.TestRunner.invokeTestConfigurations(TestRunner.java:637)
	at org.testng.TestRunner.beforeRun(TestRunner.java:627)
	at org.testng.TestRunner.run(TestRunner.java:589)
	at org.testng.SuiteRunner.runTest(SuiteRunner.java:377)
	at org.testng.SuiteRunner.runSequentially(SuiteRunner.java:371)
	at org.testng.SuiteRunner.privateRun(SuiteRunner.java:332)
	at org.testng.SuiteRunner.run(SuiteRunner.java:276)
	at org.testng.SuiteRunnerWorker.runSuite(SuiteRunnerWorker.java:53)
	at org.testng.SuiteRunnerWorker.run(SuiteRunnerWorker.java:96)
	at org.testng.TestNG.runSuitesSequentially(TestNG.java:1212)
	at org.testng.TestNG.runSuitesLocally(TestNG.java:1134)
	at org.testng.TestNG.runSuites(TestNG.java:1063)
	at org.testng.TestNG.run(TestNG.java:1031)
	at org.testng.remote.AbstractRemoteTestNG.run(AbstractRemoteTestNG.java:115)
	at org.testng.remote.RemoteTestNG.initAndRun(RemoteTestNG.java:251)
	at org.testng.remote.RemoteTestNG.main(RemoteTestNG.java:77)
</pre></div></td>
<td>0</td>
<td>TestNG.TestNG_FACEBOOK_OG_IN@436813f3</td></tr>
<tr>
<td title='TestNG.TestNG_FACEBOOK_OG_IN.c13()'><b>c13</b><br>Test class: TestNG.TestNG_FACEBOOK_OG_IN</td>
<td><div><pre>org.testng.TestNGException: 
Parameter &apos;BrowserName&apos; is required by BeforeTest on method LaunchBrowser but has not been marked @Optional or defined
in C:\Users\Admin\eclipse-workspace\MAVEN-PROJECT\testng.xml
... Removed 21 stack frames</pre></div><a href='#' onClick='toggleBox("stack-trace1688498457", this, "Click to show all stack frames", "Click to hide stack frames")'>Click to show all stack frames</a>
<div class='stack-trace' id='stack-trace1688498457'><pre>org.testng.TestNGException: 
Parameter &apos;BrowserName&apos; is required by BeforeTest on method LaunchBrowser but has not been marked @Optional or defined
in C:\Users\Admin\eclipse-workspace\MAVEN-PROJECT\testng.xml
	at org.testng.internal.Parameters.createParams(Parameters.java:270)
	at org.testng.internal.Parameters.createParametersForMethod(Parameters.java:358)
	at org.testng.internal.Parameters.createParameters(Parameters.java:700)
	at org.testng.internal.Parameters.createConfigurationParameters(Parameters.java:168)
	at org.testng.internal.ConfigInvoker.invokeConfigurations(ConfigInvoker.java:302)
	at org.testng.TestRunner.invokeTestConfigurations(TestRunner.java:637)
	at org.testng.TestRunner.beforeRun(TestRunner.java:627)
	at org.testng.TestRunner.run(TestRunner.java:589)
	at org.testng.SuiteRunner.runTest(SuiteRunner.java:377)
	at org.testng.SuiteRunner.runSequentially(SuiteRunner.java:371)
	at org.testng.SuiteRunner.privateRun(SuiteRunner.java:332)
	at org.testng.SuiteRunner.run(SuiteRunner.java:276)
	at org.testng.SuiteRunnerWorker.runSuite(SuiteRunnerWorker.java:53)
	at org.testng.SuiteRunnerWorker.run(SuiteRunnerWorker.java:96)
	at org.testng.TestNG.runSuitesSequentially(TestNG.java:1212)
	at org.testng.TestNG.runSuitesLocally(TestNG.java:1134)
	at org.testng.TestNG.runSuites(TestNG.java:1063)
	at org.testng.TestNG.run(TestNG.java:1031)
	at org.testng.remote.AbstractRemoteTestNG.run(AbstractRemoteTestNG.java:115)
	at org.testng.remote.RemoteTestNG.initAndRun(RemoteTestNG.java:251)
	at org.testng.remote.RemoteTestNG.main(RemoteTestNG.java:77)
</pre></div></td>
<td>0</td>
<td>TestNG.TestNG_FACEBOOK_OG_IN@436813f3</td></tr>
<tr>
<td title='TestNG.TestNG_IRCTC.d()'><b>d</b><br>Test class: TestNG.TestNG_IRCTC</td>
<td><div><pre>org.testng.TestNGException: 
Parameter &apos;BrowserName&apos; is required by BeforeTest on method LaunchBrowser but has not been marked @Optional or defined
in C:\Users\Admin\eclipse-workspace\MAVEN-PROJECT\testng.xml
... Removed 21 stack frames</pre></div><a href='#' onClick='toggleBox("stack-trace2088015435", this, "Click to show all stack frames", "Click to hide stack frames")'>Click to show all stack frames</a>
<div class='stack-trace' id='stack-trace2088015435'><pre>org.testng.TestNGException: 
Parameter &apos;BrowserName&apos; is required by BeforeTest on method LaunchBrowser but has not been marked @Optional or defined
in C:\Users\Admin\eclipse-workspace\MAVEN-PROJECT\testng.xml
	at org.testng.internal.Parameters.createParams(Parameters.java:270)
	at org.testng.internal.Parameters.createParametersForMethod(Parameters.java:358)
	at org.testng.internal.Parameters.createParameters(Parameters.java:700)
	at org.testng.internal.Parameters.createConfigurationParameters(Parameters.java:168)
	at org.testng.internal.ConfigInvoker.invokeConfigurations(ConfigInvoker.java:302)
	at org.testng.TestRunner.invokeTestConfigurations(TestRunner.java:637)
	at org.testng.TestRunner.beforeRun(TestRunner.java:627)
	at org.testng.TestRunner.run(TestRunner.java:589)
	at org.testng.SuiteRunner.runTest(SuiteRunner.java:377)
	at org.testng.SuiteRunner.runSequentially(SuiteRunner.java:371)
	at org.testng.SuiteRunner.privateRun(SuiteRunner.java:332)
	at org.testng.SuiteRunner.run(SuiteRunner.java:276)
	at org.testng.SuiteRunnerWorker.runSuite(SuiteRunnerWorker.java:53)
	at org.testng.SuiteRunnerWorker.run(SuiteRunnerWorker.java:96)
	at org.testng.TestNG.runSuitesSequentially(TestNG.java:1212)
	at org.testng.TestNG.runSuitesLocally(TestNG.java:1134)
	at org.testng.TestNG.runSuites(TestNG.java:1063)
	at org.testng.TestNG.run(TestNG.java:1031)
	at org.testng.remote.AbstractRemoteTestNG.run(AbstractRemoteTestNG.java:115)
	at org.testng.remote.RemoteTestNG.initAndRun(RemoteTestNG.java:251)
	at org.testng.remote.RemoteTestNG.main(RemoteTestNG.java:77)
</pre></div></td>
<td>0</td>
<td>TestNG.TestNG_IRCTC@8f4ea7c</td></tr>
<tr>
<td title='TestNG.TestNG_FLIPKART.FlipkartKeyboardPage()'><b>FlipkartKeyboardPage</b><br>Test class: TestNG.TestNG_FLIPKART</td>
<td><div><pre>org.testng.TestNGException: 
Parameter &apos;BrowserName&apos; is required by BeforeTest on method LaunchBrowser but has not been marked @Optional or defined
in C:\Users\Admin\eclipse-workspace\MAVEN-PROJECT\testng.xml
... Removed 21 stack frames</pre></div><a href='#' onClick='toggleBox("stack-trace1913027449", this, "Click to show all stack frames", "Click to hide stack frames")'>Click to show all stack frames</a>
<div class='stack-trace' id='stack-trace1913027449'><pre>org.testng.TestNGException: 
Parameter &apos;BrowserName&apos; is required by BeforeTest on method LaunchBrowser but has not been marked @Optional or defined
in C:\Users\Admin\eclipse-workspace\MAVEN-PROJECT\testng.xml
	at org.testng.internal.Parameters.createParams(Parameters.java:270)
	at org.testng.internal.Parameters.createParametersForMethod(Parameters.java:358)
	at org.testng.internal.Parameters.createParameters(Parameters.java:700)
	at org.testng.internal.Parameters.createConfigurationParameters(Parameters.java:168)
	at org.testng.internal.ConfigInvoker.invokeConfigurations(ConfigInvoker.java:302)
	at org.testng.TestRunner.invokeTestConfigurations(TestRunner.java:637)
	at org.testng.TestRunner.beforeRun(TestRunner.java:627)
	at org.testng.TestRunner.run(TestRunner.java:589)
	at org.testng.SuiteRunner.runTest(SuiteRunner.java:377)
	at org.testng.SuiteRunner.runSequentially(SuiteRunner.java:371)
	at org.testng.SuiteRunner.privateRun(SuiteRunner.java:332)
	at org.testng.SuiteRunner.run(SuiteRunner.java:276)
	at org.testng.SuiteRunnerWorker.runSuite(SuiteRunnerWorker.java:53)
	at org.testng.SuiteRunnerWorker.run(SuiteRunnerWorker.java:96)
	at org.testng.TestNG.runSuitesSequentially(TestNG.java:1212)
	at org.testng.TestNG.runSuitesLocally(TestNG.java:1134)
	at org.testng.TestNG.runSuites(TestNG.java:1063)
	at org.testng.TestNG.run(TestNG.java:1031)
	at org.testng.remote.AbstractRemoteTestNG.run(AbstractRemoteTestNG.java:115)
	at org.testng.remote.RemoteTestNG.initAndRun(RemoteTestNG.java:251)
	at org.testng.remote.RemoteTestNG.main(RemoteTestNG.java:77)
</pre></div></td>
<td>0</td>
<td>TestNG.TestNG_FLIPKART@79e2c065</td></tr>
<tr>
<td title='TestNG.TestNG_AMAZON.c4()'><b>c4</b><br>Test class: TestNG.TestNG_AMAZON</td>
<td><div><pre>org.testng.TestNGException: 
Parameter &apos;BrowserName&apos; is required by BeforeTest on method LaunchBrowser but has not been marked @Optional or defined
in C:\Users\Admin\eclipse-workspace\MAVEN-PROJECT\testng.xml
... Removed 21 stack frames</pre></div><a href='#' onClick='toggleBox("stack-trace1232306124", this, "Click to show all stack frames", "Click to hide stack frames")'>Click to show all stack frames</a>
<div class='stack-trace' id='stack-trace1232306124'><pre>org.testng.TestNGException: 
Parameter &apos;BrowserName&apos; is required by BeforeTest on method LaunchBrowser but has not been marked @Optional or defined
in C:\Users\Admin\eclipse-workspace\MAVEN-PROJECT\testng.xml
	at org.testng.internal.Parameters.createParams(Parameters.java:270)
	at org.testng.internal.Parameters.createParametersForMethod(Parameters.java:358)
	at org.testng.internal.Parameters.createParameters(Parameters.java:700)
	at org.testng.internal.Parameters.createConfigurationParameters(Parameters.java:168)
	at org.testng.internal.ConfigInvoker.invokeConfigurations(ConfigInvoker.java:302)
	at org.testng.TestRunner.invokeTestConfigurations(TestRunner.java:637)
	at org.testng.TestRunner.beforeRun(TestRunner.java:627)
	at org.testng.TestRunner.run(TestRunner.java:589)
	at org.testng.SuiteRunner.runTest(SuiteRunner.java:377)
	at org.testng.SuiteRunner.runSequentially(SuiteRunner.java:371)
	at org.testng.SuiteRunner.privateRun(SuiteRunner.java:332)
	at org.testng.SuiteRunner.run(SuiteRunner.java:276)
	at org.testng.SuiteRunnerWorker.runSuite(SuiteRunnerWorker.java:53)
	at org.testng.SuiteRunnerWorker.run(SuiteRunnerWorker.java:96)
	at org.testng.TestNG.runSuitesSequentially(TestNG.java:1212)
	at org.testng.TestNG.runSuitesLocally(TestNG.java:1134)
	at org.testng.TestNG.runSuites(TestNG.java:1063)
	at org.testng.TestNG.run(TestNG.java:1031)
	at org.testng.remote.AbstractRemoteTestNG.run(AbstractRemoteTestNG.java:115)
	at org.testng.remote.RemoteTestNG.initAndRun(RemoteTestNG.java:251)
	at org.testng.remote.RemoteTestNG.main(RemoteTestNG.java:77)
</pre></div></td>
<td>0</td>
<td>TestNG.TestNG_AMAZON@1d2adfbe</td></tr>
</table><p>
</body>
</html>