<?xml version="1.0" encoding="UTF-8"?>
<!-- Generated by org.testng.reporters.JUnitXMLReporter -->
<testsuite ignored="0" hostname="DESKTOP-7JIC17V" failures="0" tests="1" name="Chrome" time="0.141" errors="0" timestamp="2022-10-04T16:14:18 IST">
  <testcase classname="TestNG.TestNG_TESTAUTOMATION" name="@BeforeTest LaunchBrowser" time="-1.664880258E9">
    <failure type="org.testng.TestNGException" message="
Parameter &amp;apos;BrowserName&amp;apos; is required by BeforeTest on method LaunchBrowser but has not been marked @Optional or defined
in C:\Users\Admin\git\TestProject\MAVEN-PROJECT\testng.xml">
      <![CDATA[org.testng.TestNGException: 
Parameter 'BrowserName' is required by BeforeTest on method LaunchBrowser but has not been marked @Optional or defined
in C:\Users\Admin\git\TestProject\MAVEN-PROJECT\testng.xml
... Removed 21 stack frames]]>
    </failure>
  </testcase> <!-- @BeforeTest LaunchBrowser -->
  <testcase classname="TestNG.TestNG_TESTAUTOMATION" name="@BeforeClass CreatePOMObject" time="-1.66488025805E9">
    <skipped/>
  </testcase> <!-- @BeforeClass CreatePOMObject -->
  <testcase classname="TestNG.TestNG_TESTAUTOMATION" name="@BeforeMethod OpenWebSite" time="-1.66488025808E9">
    <skipped/>
  </testcase> <!-- @BeforeMethod OpenWebSite -->
  <testcase classname="TestNG.TestNG_TESTAUTOMATION" name="@AfterMethod e" time="-1.664880258101E9">
    <skipped/>
  </testcase> <!-- @AfterMethod e -->
  <testcase classname="TestNG.TestNG_TESTAUTOMATION" name="@AfterClass RemoveObject" time="-1.66488025812E9">
    <skipped/>
  </testcase> <!-- @AfterClass RemoveObject -->
  <testcase classname="TestNG.TestNG_TESTAUTOMATION" name="@AfterTest CloseBrowser" time="-1.664880258124E9">
    <skipped/>
  </testcase> <!-- @AfterTest CloseBrowser -->
  <testcase classname="TestNG.TestNG_TESTAUTOMATION" name="TestAutomationPage" time="0.0">
    <skipped/>
  </testcase> <!-- TestAutomationPage -->
</testsuite> <!-- Chrome -->
