<?xml version="1.0" encoding="UTF-8"?>
<!-- Generated by org.testng.reporters.JUnitXMLReporter -->
<testsuite ignored="0" hostname="DESKTOP-7JIC17V" failures="5" tests="33" name="MicrosoftEdgeTest" time="2704.037" errors="0" timestamp="2022-10-03T13:23:15 IST">
  <testcase classname="TestNG.TestNG_FLIPKART" name="@BeforeMethod OpenWebSite" time="70.69">
    <failure type="org.openqa.selenium.WebDriverException" message="unknown error: net::ERR_CONNECTION_TIMED_OUT
  (Session info: MicrosoftEdge=105.0.1343.53)
Build info: version: &amp;apos;3.141.59&amp;apos;, revision: &amp;apos;e82be7d358&amp;apos;, time: &amp;apos;2018-11-14T08:17:03&amp;apos;
System info: host: &amp;apos;DESKTOP-7JIC17V&amp;apos;, ip: &amp;apos;192.168.43.31&amp;apos;, os.name: &amp;apos;Windows 10&amp;apos;, os.arch: &amp;apos;amd64&amp;apos;, os.version: &amp;apos;10.0&amp;apos;, java.version: &amp;apos;18.0.1.1&amp;apos;
Driver info: org.openqa.selenium.edge.EdgeDriver
Capabilities {acceptInsecureCerts: false, browserName: msedge, browserVersion: 105.0.1343.53, javascriptEnabled: true, ms:edgeOptions: {debuggerAddress: localhost:2822}, msedge: {msedgedriverVersion: 105.0.1343.50 (1aa39c6858bf..., userDataDir: C:\Users\Admin\AppData\Loca...}, networkConnectionEnabled: false, pageLoadStrategy: normal, platform: WINDOWS, platformName: WINDOWS, proxy: Proxy(), setWindowRect: true, strictFileInteractability: false, timeouts: {implicit: 0, pageLoad: 300000, script: 30000}, unhandledPromptBehavior: dismiss and notify, webauthn:extension:credBlob: true, webauthn:extension:largeBlob: true, webauthn:virtualAuthenticators: true}
Session ID: 0987aa2693a2fa80172b594f66de9ca0">
      <![CDATA[org.openqa.selenium.WebDriverException: unknown error: net::ERR_CONNECTION_TIMED_OUT
  (Session info: MicrosoftEdge=105.0.1343.53)
Build info: version: '3.141.59', revision: 'e82be7d358', time: '2018-11-14T08:17:03'
System info: host: 'DESKTOP-7JIC17V', ip: '192.168.43.31', os.name: 'Windows 10', os.arch: 'amd64', os.version: '10.0', java.version: '18.0.1.1'
Driver info: org.openqa.selenium.edge.EdgeDriver
Capabilities {acceptInsecureCerts: false, browserName: msedge, browserVersion: 105.0.1343.53, javascriptEnabled: true, ms:edgeOptions: {debuggerAddress: localhost:2822}, msedge: {msedgedriverVersion: 105.0.1343.50 (1aa39c6858bf..., userDataDir: C:\Users\Admin\AppData\Loca...}, networkConnectionEnabled: false, pageLoadStrategy: normal, platform: WINDOWS, platformName: WINDOWS, proxy: Proxy(), setWindowRect: true, strictFileInteractability: false, timeouts: {implicit: 0, pageLoad: 300000, script: 30000}, unhandledPromptBehavior: dismiss and notify, webauthn:extension:credBlob: true, webauthn:extension:largeBlob: true, webauthn:virtualAuthenticators: true}
Session ID: 0987aa2693a2fa80172b594f66de9ca0
at org.openqa.selenium.remote.http.W3CHttpResponseCodec.createException(W3CHttpResponseCodec.java:187)
at org.openqa.selenium.remote.http.W3CHttpResponseCodec.decode(W3CHttpResponseCodec.java:122)
at org.openqa.selenium.remote.http.W3CHttpResponseCodec.decode(W3CHttpResponseCodec.java:49)
at org.openqa.selenium.remote.HttpCommandExecutor.execute(HttpCommandExecutor.java:158)
at org.openqa.selenium.remote.service.DriverCommandExecutor.execute(DriverCommandExecutor.java:83)
at org.openqa.selenium.remote.RemoteWebDriver.execute(RemoteWebDriver.java:552)
at org.openqa.selenium.remote.RemoteWebDriver.get(RemoteWebDriver.java:277)
at TestNG.TestNG_FLIPKART.OpenWebSite(TestNG_FLIPKART.java:71)
at java.base/java.util.ArrayList.forEach(ArrayList.java:1511)
at java.base/java.util.concurrent.FutureTask.run(FutureTask.java:264)
at java.base/java.util.concurrent.ThreadPoolExecutor.runWorker(ThreadPoolExecutor.java:1136)
at java.base/java.util.concurrent.ThreadPoolExecutor$Worker.run(ThreadPoolExecutor.java:635)
at java.base/java.lang.Thread.run(Thread.java:833)
... Removed 23 stack frames]]>
    </failure>
  </testcase> <!-- @BeforeMethod OpenWebSite -->
  <testcase classname="TestNG.TestNG_FLIPKART" name="@AfterMethod e" time="-1.664781008698E9">
    <skipped/>
  </testcase> <!-- @AfterMethod e -->
  <testcase classname="TestNG.TestNG_FLIPKART" name="@BeforeMethod OpenWebSite" time="-1.6647810087E9">
    <skipped/>
  </testcase> <!-- @BeforeMethod OpenWebSite -->
  <testcase classname="TestNG.TestNG_FLIPKART" name="@AfterMethod e" time="-1.664781008724E9">
    <skipped/>
  </testcase> <!-- @AfterMethod e -->
  <testcase classname="TestNG.TestNG_FLIPKART" name="@BeforeMethod OpenWebSite" time="-1.664781008729E9">
    <skipped/>
  </testcase> <!-- @BeforeMethod OpenWebSite -->
  <testcase classname="TestNG.TestNG_FLIPKART" name="@AfterMethod e" time="-1.66478100874E9">
    <skipped/>
  </testcase> <!-- @AfterMethod e -->
  <testcase classname="TestNG.TestNG_FLIPKART" name="@AfterClass RemoveObject" time="-1.664781008744E9">
    <skipped/>
  </testcase> <!-- @AfterClass RemoveObject -->
  <testcase classname="TestNG.TestNG_FACEBOOK_OG_IN" name="@AfterMethod e" time="10.15">
    <failure type="org.openqa.selenium.WebDriverException" message="chrome not reachable
  (Session info: MicrosoftEdge=105.0.1343.53)
Build info: version: &amp;apos;3.141.59&amp;apos;, revision: &amp;apos;e82be7d358&amp;apos;, time: &amp;apos;2018-11-14T08:17:03&amp;apos;
System info: host: &amp;apos;DESKTOP-7JIC17V&amp;apos;, ip: &amp;apos;192.168.43.31&amp;apos;, os.name: &amp;apos;Windows 10&amp;apos;, os.arch: &amp;apos;amd64&amp;apos;, os.version: &amp;apos;10.0&amp;apos;, java.version: &amp;apos;18.0.1.1&amp;apos;
Driver info: org.openqa.selenium.edge.EdgeDriver
Capabilities {acceptInsecureCerts: false, browserName: msedge, browserVersion: 105.0.1343.53, javascriptEnabled: true, ms:edgeOptions: {debuggerAddress: localhost:2777}, msedge: {msedgedriverVersion: 105.0.1343.50 (1aa39c6858bf..., userDataDir: C:\Users\Admin\AppData\Loca...}, networkConnectionEnabled: false, pageLoadStrategy: normal, platform: WINDOWS, platformName: WINDOWS, proxy: Proxy(), setWindowRect: true, strictFileInteractability: false, timeouts: {implicit: 0, pageLoad: 300000, script: 30000}, unhandledPromptBehavior: dismiss and notify, webauthn:extension:credBlob: true, webauthn:extension:largeBlob: true, webauthn:virtualAuthenticators: true}
Session ID: f8180b9af4f8a9f46377403de39cdf72">
      <![CDATA[org.openqa.selenium.WebDriverException: chrome not reachable
  (Session info: MicrosoftEdge=105.0.1343.53)
Build info: version: '3.141.59', revision: 'e82be7d358', time: '2018-11-14T08:17:03'
System info: host: 'DESKTOP-7JIC17V', ip: '192.168.43.31', os.name: 'Windows 10', os.arch: 'amd64', os.version: '10.0', java.version: '18.0.1.1'
Driver info: org.openqa.selenium.edge.EdgeDriver
Capabilities {acceptInsecureCerts: false, browserName: msedge, browserVersion: 105.0.1343.53, javascriptEnabled: true, ms:edgeOptions: {debuggerAddress: localhost:2777}, msedge: {msedgedriverVersion: 105.0.1343.50 (1aa39c6858bf..., userDataDir: C:\Users\Admin\AppData\Loca...}, networkConnectionEnabled: false, pageLoadStrategy: normal, platform: WINDOWS, platformName: WINDOWS, proxy: Proxy(), setWindowRect: true, strictFileInteractability: false, timeouts: {implicit: 0, pageLoad: 300000, script: 30000}, unhandledPromptBehavior: dismiss and notify, webauthn:extension:credBlob: true, webauthn:extension:largeBlob: true, webauthn:virtualAuthenticators: true}
Session ID: f8180b9af4f8a9f46377403de39cdf72
at org.openqa.selenium.remote.http.W3CHttpResponseCodec.createException(W3CHttpResponseCodec.java:187)
at org.openqa.selenium.remote.http.W3CHttpResponseCodec.decode(W3CHttpResponseCodec.java:122)
at org.openqa.selenium.remote.http.W3CHttpResponseCodec.decode(W3CHttpResponseCodec.java:49)
at org.openqa.selenium.remote.HttpCommandExecutor.execute(HttpCommandExecutor.java:158)
at org.openqa.selenium.remote.service.DriverCommandExecutor.execute(DriverCommandExecutor.java:83)
at org.openqa.selenium.remote.RemoteWebDriver.execute(RemoteWebDriver.java:552)
at org.openqa.selenium.remote.RemoteWebDriver.execute(RemoteWebDriver.java:609)
at org.openqa.selenium.remote.RemoteWebDriver.getScreenshotAs(RemoteWebDriver.java:295)
at Utils.Utility.CaptureScreenshot(Utility.java:81)
at TestNG.TestNG_FACEBOOK_OG_IN.e(TestNG_FACEBOOK_OG_IN.java:361)
at java.base/java.util.ArrayList.forEach(ArrayList.java:1511)
at java.base/java.util.concurrent.FutureTask.run(FutureTask.java:264)
at java.base/java.util.concurrent.ThreadPoolExecutor.runWorker(ThreadPoolExecutor.java:1136)
at java.base/java.util.concurrent.ThreadPoolExecutor$Worker.run(ThreadPoolExecutor.java:635)
at java.base/java.lang.Thread.run(Thread.java:833)
... Removed 24 stack frames]]>
    </failure>
  </testcase> <!-- @AfterMethod e -->
  <testcase classname="TestNG.TestNG_FACEBOOK_OG_IN" name="@BeforeMethod OpenWebSite" time="-1.664783542934E9">
    <skipped/>
  </testcase> <!-- @BeforeMethod OpenWebSite -->
  <testcase classname="TestNG.TestNG_FACEBOOK_OG_IN" name="@AfterMethod e" time="-1.664783543057E9">
    <skipped/>
  </testcase> <!-- @AfterMethod e -->
  <testcase classname="TestNG.TestNG_FACEBOOK_OG_IN" name="@BeforeMethod OpenWebSite" time="-1.66478354306E9">
    <skipped/>
  </testcase> <!-- @BeforeMethod OpenWebSite -->
  <testcase classname="TestNG.TestNG_FACEBOOK_OG_IN" name="@AfterMethod e" time="-1.664783543276E9">
    <skipped/>
  </testcase> <!-- @AfterMethod e -->
  <testcase classname="TestNG.TestNG_FACEBOOK_OG_IN" name="@BeforeMethod OpenWebSite" time="-1.66478354333E9">
    <skipped/>
  </testcase> <!-- @BeforeMethod OpenWebSite -->
  <testcase classname="TestNG.TestNG_FACEBOOK_OG_IN" name="@AfterMethod e" time="-1.66478354347E9">
    <skipped/>
  </testcase> <!-- @AfterMethod e -->
  <testcase classname="TestNG.TestNG_FACEBOOK_OG_IN" name="@BeforeMethod OpenWebSite" time="-1.664783543494E9">
    <skipped/>
  </testcase> <!-- @BeforeMethod OpenWebSite -->
  <testcase classname="TestNG.TestNG_FACEBOOK_OG_IN" name="@AfterMethod e" time="-1.664783543616E9">
    <skipped/>
  </testcase> <!-- @AfterMethod e -->
  <testcase classname="TestNG.TestNG_FACEBOOK_OG_IN" name="@BeforeMethod OpenWebSite" time="-1.66478354365E9">
    <skipped/>
  </testcase> <!-- @BeforeMethod OpenWebSite -->
  <testcase classname="TestNG.TestNG_FACEBOOK_OG_IN" name="@AfterMethod e" time="-1.664783543739E9">
    <skipped/>
  </testcase> <!-- @AfterMethod e -->
  <testcase classname="TestNG.TestNG_FACEBOOK_OG_IN" name="@BeforeMethod OpenWebSite" time="-1.664783543815E9">
    <skipped/>
  </testcase> <!-- @BeforeMethod OpenWebSite -->
  <testcase classname="TestNG.TestNG_FACEBOOK_OG_IN" name="@AfterMethod e" time="-1.664783544396E9">
    <skipped/>
  </testcase> <!-- @AfterMethod e -->
  <testcase classname="TestNG.TestNG_FACEBOOK_OG_IN" name="@BeforeMethod OpenWebSite" time="-1.664783544605E9">
    <skipped/>
  </testcase> <!-- @BeforeMethod OpenWebSite -->
  <testcase classname="TestNG.TestNG_FACEBOOK_OG_IN" name="@AfterMethod e" time="-1.66478354482E9">
    <skipped/>
  </testcase> <!-- @AfterMethod e -->
  <testcase classname="TestNG.TestNG_AMAZON" name="@BeforeMethod OpenWebSite" time="12.658">
    <failure type="org.openqa.selenium.WebDriverException" message="chrome not reachable
  (Session info: MicrosoftEdge=105.0.1343.53)
Build info: version: &amp;apos;3.141.59&amp;apos;, revision: &amp;apos;e82be7d358&amp;apos;, time: &amp;apos;2018-11-14T08:17:03&amp;apos;
System info: host: &amp;apos;DESKTOP-7JIC17V&amp;apos;, ip: &amp;apos;192.168.43.31&amp;apos;, os.name: &amp;apos;Windows 10&amp;apos;, os.arch: &amp;apos;amd64&amp;apos;, os.version: &amp;apos;10.0&amp;apos;, java.version: &amp;apos;18.0.1.1&amp;apos;
Driver info: org.openqa.selenium.edge.EdgeDriver
Capabilities {acceptInsecureCerts: false, browserName: msedge, browserVersion: 105.0.1343.53, javascriptEnabled: true, ms:edgeOptions: {debuggerAddress: localhost:2755}, msedge: {msedgedriverVersion: 105.0.1343.50 (1aa39c6858bf..., userDataDir: C:\Users\Admin\AppData\Loca...}, networkConnectionEnabled: false, pageLoadStrategy: normal, platform: WINDOWS, platformName: WINDOWS, proxy: Proxy(), setWindowRect: true, strictFileInteractability: false, timeouts: {implicit: 0, pageLoad: 300000, script: 30000}, unhandledPromptBehavior: dismiss and notify, webauthn:extension:credBlob: true, webauthn:extension:largeBlob: true, webauthn:virtualAuthenticators: true}
Session ID: 9a5473ad917ad76ca695d48987ce420f">
      <![CDATA[org.openqa.selenium.WebDriverException: chrome not reachable
  (Session info: MicrosoftEdge=105.0.1343.53)
Build info: version: '3.141.59', revision: 'e82be7d358', time: '2018-11-14T08:17:03'
System info: host: 'DESKTOP-7JIC17V', ip: '192.168.43.31', os.name: 'Windows 10', os.arch: 'amd64', os.version: '10.0', java.version: '18.0.1.1'
Driver info: org.openqa.selenium.edge.EdgeDriver
Capabilities {acceptInsecureCerts: false, browserName: msedge, browserVersion: 105.0.1343.53, javascriptEnabled: true, ms:edgeOptions: {debuggerAddress: localhost:2755}, msedge: {msedgedriverVersion: 105.0.1343.50 (1aa39c6858bf..., userDataDir: C:\Users\Admin\AppData\Loca...}, networkConnectionEnabled: false, pageLoadStrategy: normal, platform: WINDOWS, platformName: WINDOWS, proxy: Proxy(), setWindowRect: true, strictFileInteractability: false, timeouts: {implicit: 0, pageLoad: 300000, script: 30000}, unhandledPromptBehavior: dismiss and notify, webauthn:extension:credBlob: true, webauthn:extension:largeBlob: true, webauthn:virtualAuthenticators: true}
Session ID: 9a5473ad917ad76ca695d48987ce420f
at org.openqa.selenium.remote.http.W3CHttpResponseCodec.createException(W3CHttpResponseCodec.java:187)
at org.openqa.selenium.remote.http.W3CHttpResponseCodec.decode(W3CHttpResponseCodec.java:122)
at org.openqa.selenium.remote.http.W3CHttpResponseCodec.decode(W3CHttpResponseCodec.java:49)
at org.openqa.selenium.remote.HttpCommandExecutor.execute(HttpCommandExecutor.java:158)
at org.openqa.selenium.remote.service.DriverCommandExecutor.execute(DriverCommandExecutor.java:83)
at org.openqa.selenium.remote.RemoteWebDriver.execute(RemoteWebDriver.java:552)
at org.openqa.selenium.remote.RemoteWebDriver.get(RemoteWebDriver.java:277)
at TestNG.TestNG_AMAZON.OpenWebSite(TestNG_AMAZON.java:84)
at java.base/java.util.ArrayList.forEach(ArrayList.java:1511)
at java.base/java.util.concurrent.FutureTask.run(FutureTask.java:264)
at java.base/java.util.concurrent.ThreadPoolExecutor.runWorker(ThreadPoolExecutor.java:1136)
at java.base/java.util.concurrent.ThreadPoolExecutor$Worker.run(ThreadPoolExecutor.java:635)
at java.base/java.lang.Thread.run(Thread.java:833)
... Removed 23 stack frames]]>
    </failure>
  </testcase> <!-- @BeforeMethod OpenWebSite -->
  <testcase classname="TestNG.TestNG_AMAZON" name="@AfterMethod e" time="-1.664783557867E9">
    <skipped/>
  </testcase> <!-- @AfterMethod e -->
  <testcase classname="TestNG.TestNG_FACEBOOK_OG_IN" name="@BeforeMethod OpenWebSite" time="-1.66478355787E9">
    <skipped/>
  </testcase> <!-- @BeforeMethod OpenWebSite -->
  <testcase classname="TestNG.TestNG_FACEBOOK_OG_IN" name="@AfterMethod e" time="-1.664783558623E9">
    <skipped/>
  </testcase> <!-- @AfterMethod e -->
  <testcase classname="TestNG.TestNG_FACEBOOK_OG_IN" name="@BeforeMethod OpenWebSite" time="-1.664783558684E9">
    <skipped/>
  </testcase> <!-- @BeforeMethod OpenWebSite -->
  <testcase classname="TestNG.TestNG_FACEBOOK_OG_IN" name="@AfterMethod e" time="-1.664783558731E9">
    <skipped/>
  </testcase> <!-- @AfterMethod e -->
  <testcase classname="TestNG.TestNG_AMAZON" name="@BeforeMethod OpenWebSite" time="-1.664783558734E9">
    <skipped/>
  </testcase> <!-- @BeforeMethod OpenWebSite -->
  <testcase classname="TestNG.TestNG_AMAZON" name="@AfterMethod e" time="-1.664783558739E9">
    <skipped/>
  </testcase> <!-- @AfterMethod e -->
  <testcase classname="TestNG.TestNG_FACEBOOK_OG_IN" name="@BeforeMethod OpenWebSite" time="-1.664783558754E9">
    <skipped/>
  </testcase> <!-- @BeforeMethod OpenWebSite -->
  <testcase classname="TestNG.TestNG_FACEBOOK_OG_IN" name="@AfterMethod e" time="-1.664783558767E9">
    <skipped/>
  </testcase> <!-- @AfterMethod e -->
  <testcase classname="TestNG.TestNG_AMAZON" name="@BeforeMethod OpenWebSite" time="-1.664783558769E9">
    <skipped/>
  </testcase> <!-- @BeforeMethod OpenWebSite -->
  <testcase classname="TestNG.TestNG_AMAZON" name="@AfterMethod e" time="-1.664783558774E9">
    <skipped/>
  </testcase> <!-- @AfterMethod e -->
  <testcase classname="TestNG.TestNG_FACEBOOK_OG_IN" name="@BeforeMethod OpenWebSite" time="-1.664783558777E9">
    <skipped/>
  </testcase> <!-- @BeforeMethod OpenWebSite -->
  <testcase classname="TestNG.TestNG_FACEBOOK_OG_IN" name="@AfterMethod e" time="-1.664783558931E9">
    <skipped/>
  </testcase> <!-- @AfterMethod e -->
  <testcase classname="TestNG.TestNG_AMAZON" name="@BeforeMethod OpenWebSite" time="-1.664783558933E9">
    <skipped/>
  </testcase> <!-- @BeforeMethod OpenWebSite -->
  <testcase classname="TestNG.TestNG_AMAZON" name="@AfterMethod e" time="-1.664783558964E9">
    <skipped/>
  </testcase> <!-- @AfterMethod e -->
  <testcase classname="TestNG.TestNG_AMAZON" name="@AfterClass RemoveObject" time="-1.664783558966E9">
    <skipped/>
  </testcase> <!-- @AfterClass RemoveObject -->
  <testcase classname="TestNG.TestNG_FACEBOOK_OG_IN" name="@BeforeMethod OpenWebSite" time="-1.664783558968E9">
    <skipped/>
  </testcase> <!-- @BeforeMethod OpenWebSite -->
  <testcase classname="TestNG.TestNG_FACEBOOK_OG_IN" name="@AfterMethod e" time="-1.664783558972E9">
    <skipped/>
  </testcase> <!-- @AfterMethod e -->
  <testcase classname="TestNG.TestNG_FACEBOOK_OG_IN" name="@BeforeMethod OpenWebSite" time="-1.664783558995E9">
    <skipped/>
  </testcase> <!-- @BeforeMethod OpenWebSite -->
  <testcase classname="TestNG.TestNG_FACEBOOK_OG_IN" name="@AfterMethod e" time="-1.664783559048E9">
    <skipped/>
  </testcase> <!-- @AfterMethod e -->
  <testcase classname="TestNG.TestNG_FACEBOOK_OG_IN" name="@BeforeMethod OpenWebSite" time="-1.664783559049E9">
    <skipped/>
  </testcase> <!-- @BeforeMethod OpenWebSite -->
  <testcase classname="TestNG.TestNG_FACEBOOK_OG_IN" name="@AfterMethod e" time="-1.664783559051E9">
    <skipped/>
  </testcase> <!-- @AfterMethod e -->
  <testcase classname="TestNG.TestNG_FACEBOOK_OG_IN" name="@BeforeMethod OpenWebSite" time="-1.664783559052E9">
    <skipped/>
  </testcase> <!-- @BeforeMethod OpenWebSite -->
  <testcase classname="TestNG.TestNG_FACEBOOK_OG_IN" name="@AfterMethod e" time="-1.664783559084E9">
    <skipped/>
  </testcase> <!-- @AfterMethod e -->
  <testcase classname="TestNG.TestNG_FACEBOOK_OG_IN" name="@BeforeMethod OpenWebSite" time="-1.664783559085E9">
    <skipped/>
  </testcase> <!-- @BeforeMethod OpenWebSite -->
  <testcase classname="TestNG.TestNG_FACEBOOK_OG_IN" name="@AfterMethod e" time="-1.664783559107E9">
    <skipped/>
  </testcase> <!-- @AfterMethod e -->
  <testcase classname="TestNG.TestNG_FACEBOOK_OG_IN" name="@AfterClass RemoveObject" time="-1.664783559109E9">
    <skipped/>
  </testcase> <!-- @AfterClass RemoveObject -->
  <testcase classname="TestNG.TestNG_IRCTC" name="@BeforeMethod b" time="14.901">
    <failure type="org.openqa.selenium.WebDriverException" message="chrome not reachable
  (Session info: chrome=105.0.5195.127)
Build info: version: &amp;apos;3.141.59&amp;apos;, revision: &amp;apos;e82be7d358&amp;apos;, time: &amp;apos;2018-11-14T08:17:03&amp;apos;
System info: host: &amp;apos;DESKTOP-7JIC17V&amp;apos;, ip: &amp;apos;192.168.43.31&amp;apos;, os.name: &amp;apos;Windows 10&amp;apos;, os.arch: &amp;apos;amd64&amp;apos;, os.version: &amp;apos;10.0&amp;apos;, java.version: &amp;apos;18.0.1.1&amp;apos;
Driver info: org.openqa.selenium.chrome.ChromeDriver
Capabilities {acceptInsecureCerts: false, browserName: chrome, browserVersion: 105.0.5195.127, chrome: {chromedriverVersion: 105.0.5195.52 (412c95e51883..., userDataDir: C:\Users\Admin\AppData\Loca...}, goog:chromeOptions: {debuggerAddress: localhost:10777}, javascriptEnabled: true, networkConnectionEnabled: false, pageLoadStrategy: normal, platform: WINDOWS, platformName: WINDOWS, proxy: Proxy(), setWindowRect: true, strictFileInteractability: false, timeouts: {implicit: 0, pageLoad: 300000, script: 30000}, unhandledPromptBehavior: dismiss and notify, webauthn:extension:credBlob: true, webauthn:extension:largeBlob: true, webauthn:virtualAuthenticators: true}
Session ID: c10c038c8f09f5efd64b718e648e5d4a">
      <![CDATA[org.openqa.selenium.WebDriverException: chrome not reachable
  (Session info: chrome=105.0.5195.127)
Build info: version: '3.141.59', revision: 'e82be7d358', time: '2018-11-14T08:17:03'
System info: host: 'DESKTOP-7JIC17V', ip: '192.168.43.31', os.name: 'Windows 10', os.arch: 'amd64', os.version: '10.0', java.version: '18.0.1.1'
Driver info: org.openqa.selenium.chrome.ChromeDriver
Capabilities {acceptInsecureCerts: false, browserName: chrome, browserVersion: 105.0.5195.127, chrome: {chromedriverVersion: 105.0.5195.52 (412c95e51883..., userDataDir: C:\Users\Admin\AppData\Loca...}, goog:chromeOptions: {debuggerAddress: localhost:10777}, javascriptEnabled: true, networkConnectionEnabled: false, pageLoadStrategy: normal, platform: WINDOWS, platformName: WINDOWS, proxy: Proxy(), setWindowRect: true, strictFileInteractability: false, timeouts: {implicit: 0, pageLoad: 300000, script: 30000}, unhandledPromptBehavior: dismiss and notify, webauthn:extension:credBlob: true, webauthn:extension:largeBlob: true, webauthn:virtualAuthenticators: true}
Session ID: c10c038c8f09f5efd64b718e648e5d4a
at org.openqa.selenium.remote.http.W3CHttpResponseCodec.createException(W3CHttpResponseCodec.java:187)
at org.openqa.selenium.remote.http.W3CHttpResponseCodec.decode(W3CHttpResponseCodec.java:122)
at org.openqa.selenium.remote.http.W3CHttpResponseCodec.decode(W3CHttpResponseCodec.java:49)
at org.openqa.selenium.remote.HttpCommandExecutor.execute(HttpCommandExecutor.java:158)
at org.openqa.selenium.remote.service.DriverCommandExecutor.execute(DriverCommandExecutor.java:83)
at org.openqa.selenium.remote.RemoteWebDriver.execute(RemoteWebDriver.java:552)
at org.openqa.selenium.remote.RemoteWebDriver.get(RemoteWebDriver.java:277)
at TestNG.TestNG_IRCTC.b(TestNG_IRCTC.java:71)
at java.base/java.util.ArrayList.forEach(ArrayList.java:1511)
at java.base/java.util.concurrent.FutureTask.run(FutureTask.java:264)
at java.base/java.util.concurrent.ThreadPoolExecutor.runWorker(ThreadPoolExecutor.java:1136)
at java.base/java.util.concurrent.ThreadPoolExecutor$Worker.run(ThreadPoolExecutor.java:635)
at java.base/java.lang.Thread.run(Thread.java:833)
... Removed 23 stack frames]]>
    </failure>
  </testcase> <!-- @BeforeMethod b -->
  <testcase classname="TestNG.TestNG_IRCTC" name="@AfterMethod e" time="-1.664783574024E9">
    <skipped/>
  </testcase> <!-- @AfterMethod e -->
  <testcase classname="TestNG.TestNG_IRCTC" name="@AfterClass RemoveObject" time="-1.664783574026E9">
    <skipped/>
  </testcase> <!-- @AfterClass RemoveObject -->
  <testcase classname="TestNG.TestNG_YOUTUBE" name="@BeforeMethod b" time="18.71">
    <failure type="org.openqa.selenium.WebDriverException" message="chrome not reachable
  (Session info: MicrosoftEdge=105.0.1343.53)
Build info: version: &amp;apos;3.141.59&amp;apos;, revision: &amp;apos;e82be7d358&amp;apos;, time: &amp;apos;2018-11-14T08:17:03&amp;apos;
System info: host: &amp;apos;DESKTOP-7JIC17V&amp;apos;, ip: &amp;apos;192.168.43.31&amp;apos;, os.name: &amp;apos;Windows 10&amp;apos;, os.arch: &amp;apos;amd64&amp;apos;, os.version: &amp;apos;10.0&amp;apos;, java.version: &amp;apos;18.0.1.1&amp;apos;
Driver info: org.openqa.selenium.edge.EdgeDriver
Capabilities {acceptInsecureCerts: false, browserName: msedge, browserVersion: 105.0.1343.53, javascriptEnabled: true, ms:edgeOptions: {debuggerAddress: localhost:2936}, msedge: {msedgedriverVersion: 105.0.1343.50 (1aa39c6858bf..., userDataDir: C:\Users\Admin\AppData\Loca...}, networkConnectionEnabled: false, pageLoadStrategy: normal, platform: WINDOWS, platformName: WINDOWS, proxy: Proxy(), setWindowRect: true, strictFileInteractability: false, timeouts: {implicit: 0, pageLoad: 300000, script: 30000}, unhandledPromptBehavior: dismiss and notify, webauthn:extension:credBlob: true, webauthn:extension:largeBlob: true, webauthn:virtualAuthenticators: true}
Session ID: 30478a3c56653e2b50dde6fd622faa64">
      <![CDATA[org.openqa.selenium.WebDriverException: chrome not reachable
  (Session info: MicrosoftEdge=105.0.1343.53)
Build info: version: '3.141.59', revision: 'e82be7d358', time: '2018-11-14T08:17:03'
System info: host: 'DESKTOP-7JIC17V', ip: '192.168.43.31', os.name: 'Windows 10', os.arch: 'amd64', os.version: '10.0', java.version: '18.0.1.1'
Driver info: org.openqa.selenium.edge.EdgeDriver
Capabilities {acceptInsecureCerts: false, browserName: msedge, browserVersion: 105.0.1343.53, javascriptEnabled: true, ms:edgeOptions: {debuggerAddress: localhost:2936}, msedge: {msedgedriverVersion: 105.0.1343.50 (1aa39c6858bf..., userDataDir: C:\Users\Admin\AppData\Loca...}, networkConnectionEnabled: false, pageLoadStrategy: normal, platform: WINDOWS, platformName: WINDOWS, proxy: Proxy(), setWindowRect: true, strictFileInteractability: false, timeouts: {implicit: 0, pageLoad: 300000, script: 30000}, unhandledPromptBehavior: dismiss and notify, webauthn:extension:credBlob: true, webauthn:extension:largeBlob: true, webauthn:virtualAuthenticators: true}
Session ID: 30478a3c56653e2b50dde6fd622faa64
at org.openqa.selenium.remote.http.W3CHttpResponseCodec.createException(W3CHttpResponseCodec.java:187)
at org.openqa.selenium.remote.http.W3CHttpResponseCodec.decode(W3CHttpResponseCodec.java:122)
at org.openqa.selenium.remote.http.W3CHttpResponseCodec.decode(W3CHttpResponseCodec.java:49)
at org.openqa.selenium.remote.HttpCommandExecutor.execute(HttpCommandExecutor.java:158)
at org.openqa.selenium.remote.service.DriverCommandExecutor.execute(DriverCommandExecutor.java:83)
at org.openqa.selenium.remote.RemoteWebDriver.execute(RemoteWebDriver.java:552)
at org.openqa.selenium.remote.RemoteWebDriver.get(RemoteWebDriver.java:277)
at TestNG.TestNG_YOUTUBE.b(TestNG_YOUTUBE.java:69)
at java.base/java.util.ArrayList.forEach(ArrayList.java:1511)
at java.base/java.util.concurrent.FutureTask.run(FutureTask.java:264)
at java.base/java.util.concurrent.ThreadPoolExecutor.runWorker(ThreadPoolExecutor.java:1136)
at java.base/java.util.concurrent.ThreadPoolExecutor$Worker.run(ThreadPoolExecutor.java:635)
at java.base/java.lang.Thread.run(Thread.java:833)
... Removed 23 stack frames]]>
    </failure>
  </testcase> <!-- @BeforeMethod b -->
  <testcase classname="TestNG.TestNG_YOUTUBE" name="@AfterMethod e" time="-1.664783593137E9">
    <skipped/>
  </testcase> <!-- @AfterMethod e -->
  <testcase classname="TestNG.TestNG_YOUTUBE" name="@BeforeMethod b" time="-1.664783593226E9">
    <skipped/>
  </testcase> <!-- @BeforeMethod b -->
  <testcase classname="TestNG.TestNG_YOUTUBE" name="@AfterMethod e" time="-1.664783593333E9">
    <skipped/>
  </testcase> <!-- @AfterMethod e -->
  <testcase classname="TestNG.TestNG_YOUTUBE" name="@AfterClass RemoveObject" time="-1.664783593336E9">
    <skipped/>
  </testcase> <!-- @AfterClass RemoveObject -->
  <testcase classname="TestNG.TestNG_AMAZON" name="@AfterTest CloseBrowser" time="-1.664783593338E9">
    <skipped/>
  </testcase> <!-- @AfterTest CloseBrowser -->
  <testcase classname="TestNG.TestNG_FACEBOOK_OG_IN" name="@AfterTest CloseBrowser" time="-1.664783593341E9">
    <skipped/>
  </testcase> <!-- @AfterTest CloseBrowser -->
  <testcase classname="TestNG.TestNG_FLIPKART" name="@AfterTest CloseBrowser" time="-1.664783593344E9">
    <skipped/>
  </testcase> <!-- @AfterTest CloseBrowser -->
  <testcase classname="TestNG.TestNG_IRCTC" name="@AfterTest CloseBrowser" time="-1.664783593407E9">
    <skipped/>
  </testcase> <!-- @AfterTest CloseBrowser -->
  <testcase classname="TestNG.TestNG_TESTAUTOMATION" name="@AfterTest CloseBrowser" time="-1.664783593484E9">
    <skipped/>
  </testcase> <!-- @AfterTest CloseBrowser -->
  <testcase classname="TestNG.TestNG_YOUTUBE" name="@AfterTest CloseBrowser" time="-1.664783593485E9">
    <skipped/>
  </testcase> <!-- @AfterTest CloseBrowser -->
  <testcase classname="TestNG.TestNG_FLIPKART" name="FlipkartGroceryPage" time="0.0">
    <skipped/>
  </testcase> <!-- FlipkartGroceryPage -->
  <testcase classname="TestNG.TestNG_FLIPKART" name="FlipkartKeyboardPage" time="0.0">
    <skipped/>
  </testcase> <!-- FlipkartKeyboardPage -->
  <testcase classname="TestNG.TestNG_FLIPKART" name="FlipkartLogingPage" time="0.0">
    <skipped/>
  </testcase> <!-- FlipkartLogingPage -->
  <testcase classname="TestNG.TestNG_TESTAUTOMATION" name="TestAutomationPage" time="31.872"/>
  <testcase classname="TestNG.TestNG_IRCTC" name="c" time="0.183">
    <failure type="org.openqa.selenium.NoSuchElementException" message="no such element: Unable to locate element: {&amp;quot;method&amp;quot;:&amp;quot;xpath&amp;quot;,&amp;quot;selector&amp;quot;:&amp;quot;//button[text()=&amp;apos;OK&amp;apos;]&amp;quot;}
  (Session info: chrome=105.0.5195.127)
For documentation on this error, please visit: https://www.seleniumhq.org/exceptions/no_such_element.html
Build info: version: &amp;apos;3.141.59&amp;apos;, revision: &amp;apos;e82be7d358&amp;apos;, time: &amp;apos;2018-11-14T08:17:03&amp;apos;
System info: host: &amp;apos;DESKTOP-7JIC17V&amp;apos;, ip: &amp;apos;192.168.43.31&amp;apos;, os.name: &amp;apos;Windows 10&amp;apos;, os.arch: &amp;apos;amd64&amp;apos;, os.version: &amp;apos;10.0&amp;apos;, java.version: &amp;apos;18.0.1.1&amp;apos;
Driver info: org.openqa.selenium.chrome.ChromeDriver
Capabilities {acceptInsecureCerts: false, browserName: chrome, browserVersion: 105.0.5195.127, chrome: {chromedriverVersion: 105.0.5195.52 (412c95e51883..., userDataDir: C:\Users\Admin\AppData\Loca...}, goog:chromeOptions: {debuggerAddress: localhost:10777}, javascriptEnabled: true, networkConnectionEnabled: false, pageLoadStrategy: normal, platform: WINDOWS, platformName: WINDOWS, proxy: Proxy(), setWindowRect: true, strictFileInteractability: false, timeouts: {implicit: 0, pageLoad: 300000, script: 30000}, unhandledPromptBehavior: dismiss and notify, webauthn:extension:credBlob: true, webauthn:extension:largeBlob: true, webauthn:virtualAuthenticators: true}
Session ID: c10c038c8f09f5efd64b718e648e5d4a
*** Element info: {Using=xpath, value=//button[text()=&amp;apos;OK&amp;apos;]}">
      <![CDATA[org.openqa.selenium.NoSuchElementException: no such element: Unable to locate element: {"method":"xpath","selector":"//button[text()='OK']"}
  (Session info: chrome=105.0.5195.127)
For documentation on this error, please visit: https://www.seleniumhq.org/exceptions/no_such_element.html
Build info: version: '3.141.59', revision: 'e82be7d358', time: '2018-11-14T08:17:03'
System info: host: 'DESKTOP-7JIC17V', ip: '192.168.43.31', os.name: 'Windows 10', os.arch: 'amd64', os.version: '10.0', java.version: '18.0.1.1'
Driver info: org.openqa.selenium.chrome.ChromeDriver
Capabilities {acceptInsecureCerts: false, browserName: chrome, browserVersion: 105.0.5195.127, chrome: {chromedriverVersion: 105.0.5195.52 (412c95e51883..., userDataDir: C:\Users\Admin\AppData\Loca...}, goog:chromeOptions: {debuggerAddress: localhost:10777}, javascriptEnabled: true, networkConnectionEnabled: false, pageLoadStrategy: normal, platform: WINDOWS, platformName: WINDOWS, proxy: Proxy(), setWindowRect: true, strictFileInteractability: false, timeouts: {implicit: 0, pageLoad: 300000, script: 30000}, unhandledPromptBehavior: dismiss and notify, webauthn:extension:credBlob: true, webauthn:extension:largeBlob: true, webauthn:virtualAuthenticators: true}
Session ID: c10c038c8f09f5efd64b718e648e5d4a
*** Element info: {Using=xpath, value=//button[text()='OK']}
at org.openqa.selenium.remote.http.W3CHttpResponseCodec.createException(W3CHttpResponseCodec.java:187)
at org.openqa.selenium.remote.http.W3CHttpResponseCodec.decode(W3CHttpResponseCodec.java:122)
at org.openqa.selenium.remote.http.W3CHttpResponseCodec.decode(W3CHttpResponseCodec.java:49)
at org.openqa.selenium.remote.HttpCommandExecutor.execute(HttpCommandExecutor.java:158)
at org.openqa.selenium.remote.service.DriverCommandExecutor.execute(DriverCommandExecutor.java:83)
at org.openqa.selenium.remote.RemoteWebDriver.execute(RemoteWebDriver.java:552)
at org.openqa.selenium.remote.RemoteWebDriver.findElement(RemoteWebDriver.java:323)
at org.openqa.selenium.remote.RemoteWebDriver.findElementByXPath(RemoteWebDriver.java:428)
at org.openqa.selenium.By$ByXPath.findElement(By.java:353)
at org.openqa.selenium.remote.RemoteWebDriver.findElement(RemoteWebDriver.java:315)
at org.openqa.selenium.support.pagefactory.DefaultElementLocator.findElement(DefaultElementLocator.java:69)
at org.openqa.selenium.support.pagefactory.internal.LocatingElementHandler.invoke(LocatingElementHandler.java:38)
at jdk.proxy2/jdk.proxy2.$Proxy17.click(Unknown Source)
at MAVEN_IRCTC.IRCTC_BOOK_TICKET.ClickOnOK(IRCTC_BOOK_TICKET.java:67)
at TestNG.TestNG_IRCTC.c(TestNG_IRCTC.java:90)
at java.base/java.util.ArrayList.forEach(ArrayList.java:1511)
at java.base/java.util.concurrent.FutureTask.run(FutureTask.java:264)
at java.base/java.util.concurrent.ThreadPoolExecutor.runWorker(ThreadPoolExecutor.java:1136)
at java.base/java.util.concurrent.ThreadPoolExecutor$Worker.run(ThreadPoolExecutor.java:635)
at java.base/java.lang.Thread.run(Thread.java:833)
... Removed 19 stack frames]]>
    </failure>
  </testcase> <!-- c -->
  <testcase classname="TestNG.TestNG_AMAZON" name="c1" time="221.869">
    <failure type="org.openqa.selenium.NoSuchElementException" message="no such element: Unable to locate element: {&amp;quot;method&amp;quot;:&amp;quot;xpath&amp;quot;,&amp;quot;selector&amp;quot;:&amp;quot;//span[text()=&amp;apos;OnePlus Nord CE 2 Lite 5G (Blue Tide, 6GB RAM, 128GB Storage)&amp;apos;]&amp;quot;}
  (Session info: MicrosoftEdge=105.0.1343.53)
For documentation on this error, please visit: https://www.seleniumhq.org/exceptions/no_such_element.html
Build info: version: &amp;apos;3.141.59&amp;apos;, revision: &amp;apos;e82be7d358&amp;apos;, time: &amp;apos;2018-11-14T08:17:03&amp;apos;
System info: host: &amp;apos;DESKTOP-7JIC17V&amp;apos;, ip: &amp;apos;192.168.43.31&amp;apos;, os.name: &amp;apos;Windows 10&amp;apos;, os.arch: &amp;apos;amd64&amp;apos;, os.version: &amp;apos;10.0&amp;apos;, java.version: &amp;apos;18.0.1.1&amp;apos;
Driver info: org.openqa.selenium.edge.EdgeDriver
Capabilities {acceptInsecureCerts: false, browserName: msedge, browserVersion: 105.0.1343.53, javascriptEnabled: true, ms:edgeOptions: {debuggerAddress: localhost:2755}, msedge: {msedgedriverVersion: 105.0.1343.50 (1aa39c6858bf..., userDataDir: C:\Users\Admin\AppData\Loca...}, networkConnectionEnabled: false, pageLoadStrategy: normal, platform: WINDOWS, platformName: WINDOWS, proxy: Proxy(), setWindowRect: true, strictFileInteractability: false, timeouts: {implicit: 0, pageLoad: 300000, script: 30000}, unhandledPromptBehavior: dismiss and notify, webauthn:extension:credBlob: true, webauthn:extension:largeBlob: true, webauthn:virtualAuthenticators: true}
Session ID: 9a5473ad917ad76ca695d48987ce420f
*** Element info: {Using=xpath, value=//span[text()=&amp;apos;OnePlus Nord CE 2 Lite 5G (Blue Tide, 6GB RAM, 128GB Storage)&amp;apos;]}">
      <![CDATA[org.openqa.selenium.NoSuchElementException: no such element: Unable to locate element: {"method":"xpath","selector":"//span[text()='OnePlus Nord CE 2 Lite 5G (Blue Tide, 6GB RAM, 128GB Storage)']"}
  (Session info: MicrosoftEdge=105.0.1343.53)
For documentation on this error, please visit: https://www.seleniumhq.org/exceptions/no_such_element.html
Build info: version: '3.141.59', revision: 'e82be7d358', time: '2018-11-14T08:17:03'
System info: host: 'DESKTOP-7JIC17V', ip: '192.168.43.31', os.name: 'Windows 10', os.arch: 'amd64', os.version: '10.0', java.version: '18.0.1.1'
Driver info: org.openqa.selenium.edge.EdgeDriver
Capabilities {acceptInsecureCerts: false, browserName: msedge, browserVersion: 105.0.1343.53, javascriptEnabled: true, ms:edgeOptions: {debuggerAddress: localhost:2755}, msedge: {msedgedriverVersion: 105.0.1343.50 (1aa39c6858bf..., userDataDir: C:\Users\Admin\AppData\Loca...}, networkConnectionEnabled: false, pageLoadStrategy: normal, platform: WINDOWS, platformName: WINDOWS, proxy: Proxy(), setWindowRect: true, strictFileInteractability: false, timeouts: {implicit: 0, pageLoad: 300000, script: 30000}, unhandledPromptBehavior: dismiss and notify, webauthn:extension:credBlob: true, webauthn:extension:largeBlob: true, webauthn:virtualAuthenticators: true}
Session ID: 9a5473ad917ad76ca695d48987ce420f
*** Element info: {Using=xpath, value=//span[text()='OnePlus Nord CE 2 Lite 5G (Blue Tide, 6GB RAM, 128GB Storage)']}
at org.openqa.selenium.remote.http.W3CHttpResponseCodec.createException(W3CHttpResponseCodec.java:187)
at org.openqa.selenium.remote.http.W3CHttpResponseCodec.decode(W3CHttpResponseCodec.java:122)
at org.openqa.selenium.remote.http.W3CHttpResponseCodec.decode(W3CHttpResponseCodec.java:49)
at org.openqa.selenium.remote.HttpCommandExecutor.execute(HttpCommandExecutor.java:158)
at org.openqa.selenium.remote.service.DriverCommandExecutor.execute(DriverCommandExecutor.java:83)
at org.openqa.selenium.remote.RemoteWebDriver.execute(RemoteWebDriver.java:552)
at org.openqa.selenium.remote.RemoteWebDriver.findElement(RemoteWebDriver.java:323)
at org.openqa.selenium.remote.RemoteWebDriver.findElementByXPath(RemoteWebDriver.java:428)
at org.openqa.selenium.By$ByXPath.findElement(By.java:353)
at org.openqa.selenium.remote.RemoteWebDriver.findElement(RemoteWebDriver.java:315)
at org.openqa.selenium.support.pagefactory.DefaultElementLocator.findElement(DefaultElementLocator.java:69)
at org.openqa.selenium.support.pagefactory.internal.LocatingElementHandler.invoke(LocatingElementHandler.java:38)
at jdk.proxy2/jdk.proxy2.$Proxy17.click(Unknown Source)
at MAVEN_AMAZON.AMAZON_LOG_IN_MOBILE_SELECT.ClickOnOnePlus(AMAZON_LOG_IN_MOBILE_SELECT.java:85)
at TestNG.TestNG_AMAZON.c1(TestNG_AMAZON.java:108)
at java.base/java.util.ArrayList.forEach(ArrayList.java:1511)
at java.base/java.util.concurrent.FutureTask.run(FutureTask.java:264)
at java.base/java.util.concurrent.ThreadPoolExecutor.runWorker(ThreadPoolExecutor.java:1136)
at java.base/java.util.concurrent.ThreadPoolExecutor$Worker.run(ThreadPoolExecutor.java:635)
at java.base/java.lang.Thread.run(Thread.java:833)
... Removed 19 stack frames]]>
    </failure>
  </testcase> <!-- c1 -->
  <testcase classname="TestNG.TestNG_FACEBOOK_OG_IN" name="c1" time="10.256"/>
  <testcase classname="TestNG.TestNG_FACEBOOK_OG_IN" name="c10" time="20.075">
    <failure type="org.openqa.selenium.NoSuchElementException" message="no such element: Unable to locate element: {&amp;quot;method&amp;quot;:&amp;quot;xpath&amp;quot;,&amp;quot;selector&amp;quot;:&amp;quot;//input[@name=&amp;apos;email&amp;apos;]&amp;quot;}
  (Session info: MicrosoftEdge=105.0.1343.53)
For documentation on this error, please visit: https://www.seleniumhq.org/exceptions/no_such_element.html
Build info: version: &amp;apos;3.141.59&amp;apos;, revision: &amp;apos;e82be7d358&amp;apos;, time: &amp;apos;2018-11-14T08:17:03&amp;apos;
System info: host: &amp;apos;DESKTOP-7JIC17V&amp;apos;, ip: &amp;apos;192.168.43.31&amp;apos;, os.name: &amp;apos;Windows 10&amp;apos;, os.arch: &amp;apos;amd64&amp;apos;, os.version: &amp;apos;10.0&amp;apos;, java.version: &amp;apos;18.0.1.1&amp;apos;
Driver info: org.openqa.selenium.edge.EdgeDriver
Capabilities {acceptInsecureCerts: false, browserName: msedge, browserVersion: 105.0.1343.53, javascriptEnabled: true, ms:edgeOptions: {debuggerAddress: localhost:2777}, msedge: {msedgedriverVersion: 105.0.1343.50 (1aa39c6858bf..., userDataDir: C:\Users\Admin\AppData\Loca...}, networkConnectionEnabled: false, pageLoadStrategy: normal, platform: WINDOWS, platformName: WINDOWS, proxy: Proxy(), setWindowRect: true, strictFileInteractability: false, timeouts: {implicit: 0, pageLoad: 300000, script: 30000}, unhandledPromptBehavior: dismiss and notify, webauthn:extension:credBlob: true, webauthn:extension:largeBlob: true, webauthn:virtualAuthenticators: true}
Session ID: f8180b9af4f8a9f46377403de39cdf72
*** Element info: {Using=xpath, value=//input[@name=&amp;apos;email&amp;apos;]}">
      <![CDATA[org.openqa.selenium.NoSuchElementException: no such element: Unable to locate element: {"method":"xpath","selector":"//input[@name='email']"}
  (Session info: MicrosoftEdge=105.0.1343.53)
For documentation on this error, please visit: https://www.seleniumhq.org/exceptions/no_such_element.html
Build info: version: '3.141.59', revision: 'e82be7d358', time: '2018-11-14T08:17:03'
System info: host: 'DESKTOP-7JIC17V', ip: '192.168.43.31', os.name: 'Windows 10', os.arch: 'amd64', os.version: '10.0', java.version: '18.0.1.1'
Driver info: org.openqa.selenium.edge.EdgeDriver
Capabilities {acceptInsecureCerts: false, browserName: msedge, browserVersion: 105.0.1343.53, javascriptEnabled: true, ms:edgeOptions: {debuggerAddress: localhost:2777}, msedge: {msedgedriverVersion: 105.0.1343.50 (1aa39c6858bf..., userDataDir: C:\Users\Admin\AppData\Loca...}, networkConnectionEnabled: false, pageLoadStrategy: normal, platform: WINDOWS, platformName: WINDOWS, proxy: Proxy(), setWindowRect: true, strictFileInteractability: false, timeouts: {implicit: 0, pageLoad: 300000, script: 30000}, unhandledPromptBehavior: dismiss and notify, webauthn:extension:credBlob: true, webauthn:extension:largeBlob: true, webauthn:virtualAuthenticators: true}
Session ID: f8180b9af4f8a9f46377403de39cdf72
*** Element info: {Using=xpath, value=//input[@name='email']}
at org.openqa.selenium.remote.http.W3CHttpResponseCodec.createException(W3CHttpResponseCodec.java:187)
at org.openqa.selenium.remote.http.W3CHttpResponseCodec.decode(W3CHttpResponseCodec.java:122)
at org.openqa.selenium.remote.http.W3CHttpResponseCodec.decode(W3CHttpResponseCodec.java:49)
at org.openqa.selenium.remote.HttpCommandExecutor.execute(HttpCommandExecutor.java:158)
at org.openqa.selenium.remote.service.DriverCommandExecutor.execute(DriverCommandExecutor.java:83)
at org.openqa.selenium.remote.RemoteWebDriver.execute(RemoteWebDriver.java:552)
at org.openqa.selenium.remote.RemoteWebDriver.findElement(RemoteWebDriver.java:323)
at org.openqa.selenium.remote.RemoteWebDriver.findElementByXPath(RemoteWebDriver.java:428)
at org.openqa.selenium.By$ByXPath.findElement(By.java:353)
at org.openqa.selenium.remote.RemoteWebDriver.findElement(RemoteWebDriver.java:315)
at org.openqa.selenium.support.pagefactory.DefaultElementLocator.findElement(DefaultElementLocator.java:69)
at org.openqa.selenium.support.pagefactory.internal.LocatingElementHandler.invoke(LocatingElementHandler.java:38)
at jdk.proxy2/jdk.proxy2.$Proxy17.sendKeys(Unknown Source)
at MAVEN_FACEBOOK.FACEBOOK_LOG_IN.SendUserID10(FACEBOOK_LOG_IN.java:202)
at TestNG.TestNG_FACEBOOK_OG_IN.c10(TestNG_FACEBOOK_OG_IN.java:207)
at java.base/java.util.ArrayList.forEach(ArrayList.java:1511)
at java.base/java.util.concurrent.FutureTask.run(FutureTask.java:264)
at java.base/java.util.concurrent.ThreadPoolExecutor.runWorker(ThreadPoolExecutor.java:1136)
at java.base/java.util.concurrent.ThreadPoolExecutor$Worker.run(ThreadPoolExecutor.java:635)
at java.base/java.lang.Thread.run(Thread.java:833)
... Removed 19 stack frames]]>
    </failure>
  </testcase> <!-- c10 -->
  <testcase classname="TestNG.TestNG_FACEBOOK_OG_IN" name="c11" time="20.494">
    <failure type="org.openqa.selenium.NoSuchElementException" message="no such element: Unable to locate element: {&amp;quot;method&amp;quot;:&amp;quot;xpath&amp;quot;,&amp;quot;selector&amp;quot;:&amp;quot;//input[@name=&amp;apos;email&amp;apos;]&amp;quot;}
  (Session info: MicrosoftEdge=105.0.1343.53)
For documentation on this error, please visit: https://www.seleniumhq.org/exceptions/no_such_element.html
Build info: version: &amp;apos;3.141.59&amp;apos;, revision: &amp;apos;e82be7d358&amp;apos;, time: &amp;apos;2018-11-14T08:17:03&amp;apos;
System info: host: &amp;apos;DESKTOP-7JIC17V&amp;apos;, ip: &amp;apos;192.168.43.31&amp;apos;, os.name: &amp;apos;Windows 10&amp;apos;, os.arch: &amp;apos;amd64&amp;apos;, os.version: &amp;apos;10.0&amp;apos;, java.version: &amp;apos;18.0.1.1&amp;apos;
Driver info: org.openqa.selenium.edge.EdgeDriver
Capabilities {acceptInsecureCerts: false, browserName: msedge, browserVersion: 105.0.1343.53, javascriptEnabled: true, ms:edgeOptions: {debuggerAddress: localhost:2777}, msedge: {msedgedriverVersion: 105.0.1343.50 (1aa39c6858bf..., userDataDir: C:\Users\Admin\AppData\Loca...}, networkConnectionEnabled: false, pageLoadStrategy: normal, platform: WINDOWS, platformName: WINDOWS, proxy: Proxy(), setWindowRect: true, strictFileInteractability: false, timeouts: {implicit: 0, pageLoad: 300000, script: 30000}, unhandledPromptBehavior: dismiss and notify, webauthn:extension:credBlob: true, webauthn:extension:largeBlob: true, webauthn:virtualAuthenticators: true}
Session ID: f8180b9af4f8a9f46377403de39cdf72
*** Element info: {Using=xpath, value=//input[@name=&amp;apos;email&amp;apos;]}">
      <![CDATA[org.openqa.selenium.NoSuchElementException: no such element: Unable to locate element: {"method":"xpath","selector":"//input[@name='email']"}
  (Session info: MicrosoftEdge=105.0.1343.53)
For documentation on this error, please visit: https://www.seleniumhq.org/exceptions/no_such_element.html
Build info: version: '3.141.59', revision: 'e82be7d358', time: '2018-11-14T08:17:03'
System info: host: 'DESKTOP-7JIC17V', ip: '192.168.43.31', os.name: 'Windows 10', os.arch: 'amd64', os.version: '10.0', java.version: '18.0.1.1'
Driver info: org.openqa.selenium.edge.EdgeDriver
Capabilities {acceptInsecureCerts: false, browserName: msedge, browserVersion: 105.0.1343.53, javascriptEnabled: true, ms:edgeOptions: {debuggerAddress: localhost:2777}, msedge: {msedgedriverVersion: 105.0.1343.50 (1aa39c6858bf..., userDataDir: C:\Users\Admin\AppData\Loca...}, networkConnectionEnabled: false, pageLoadStrategy: normal, platform: WINDOWS, platformName: WINDOWS, proxy: Proxy(), setWindowRect: true, strictFileInteractability: false, timeouts: {implicit: 0, pageLoad: 300000, script: 30000}, unhandledPromptBehavior: dismiss and notify, webauthn:extension:credBlob: true, webauthn:extension:largeBlob: true, webauthn:virtualAuthenticators: true}
Session ID: f8180b9af4f8a9f46377403de39cdf72
*** Element info: {Using=xpath, value=//input[@name='email']}
at org.openqa.selenium.remote.http.W3CHttpResponseCodec.createException(W3CHttpResponseCodec.java:187)
at org.openqa.selenium.remote.http.W3CHttpResponseCodec.decode(W3CHttpResponseCodec.java:122)
at org.openqa.selenium.remote.http.W3CHttpResponseCodec.decode(W3CHttpResponseCodec.java:49)
at org.openqa.selenium.remote.HttpCommandExecutor.execute(HttpCommandExecutor.java:158)
at org.openqa.selenium.remote.service.DriverCommandExecutor.execute(DriverCommandExecutor.java:83)
at org.openqa.selenium.remote.RemoteWebDriver.execute(RemoteWebDriver.java:552)
at org.openqa.selenium.remote.RemoteWebDriver.findElement(RemoteWebDriver.java:323)
at org.openqa.selenium.remote.RemoteWebDriver.findElementByXPath(RemoteWebDriver.java:428)
at org.openqa.selenium.By$ByXPath.findElement(By.java:353)
at org.openqa.selenium.remote.RemoteWebDriver.findElement(RemoteWebDriver.java:315)
at org.openqa.selenium.support.pagefactory.DefaultElementLocator.findElement(DefaultElementLocator.java:69)
at org.openqa.selenium.support.pagefactory.internal.LocatingElementHandler.invoke(LocatingElementHandler.java:38)
at jdk.proxy2/jdk.proxy2.$Proxy17.sendKeys(Unknown Source)
at MAVEN_FACEBOOK.FACEBOOK_LOG_IN.SendUserID11(FACEBOOK_LOG_IN.java:220)
at TestNG.TestNG_FACEBOOK_OG_IN.c11(TestNG_FACEBOOK_OG_IN.java:221)
at java.base/java.util.ArrayList.forEach(ArrayList.java:1511)
at java.base/java.util.concurrent.FutureTask.run(FutureTask.java:264)
at java.base/java.util.concurrent.ThreadPoolExecutor.runWorker(ThreadPoolExecutor.java:1136)
at java.base/java.util.concurrent.ThreadPoolExecutor$Worker.run(ThreadPoolExecutor.java:635)
at java.base/java.lang.Thread.run(Thread.java:833)
... Removed 19 stack frames]]>
    </failure>
  </testcase> <!-- c11 -->
  <testcase classname="TestNG.TestNG_FACEBOOK_OG_IN" name="c12" time="1819.972">
    <failure type="org.openqa.selenium.NoSuchElementException" message="Cannot locate an element using xpath=//input[@name=&amp;apos;email&amp;apos;]
For documentation on this error, please visit: https://www.seleniumhq.org/exceptions/no_such_element.html
Build info: version: &amp;apos;3.141.59&amp;apos;, revision: &amp;apos;e82be7d358&amp;apos;, time: &amp;apos;2018-11-14T08:17:03&amp;apos;
System info: host: &amp;apos;DESKTOP-7JIC17V&amp;apos;, ip: &amp;apos;192.168.43.31&amp;apos;, os.name: &amp;apos;Windows 10&amp;apos;, os.arch: &amp;apos;amd64&amp;apos;, os.version: &amp;apos;10.0&amp;apos;, java.version: &amp;apos;18.0.1.1&amp;apos;
Driver info: driver.version: RemoteWebDriver">
      <![CDATA[org.openqa.selenium.NoSuchElementException: Cannot locate an element using xpath=//input[@name='email']
For documentation on this error, please visit: https://www.seleniumhq.org/exceptions/no_such_element.html
Build info: version: '3.141.59', revision: 'e82be7d358', time: '2018-11-14T08:17:03'
System info: host: 'DESKTOP-7JIC17V', ip: '192.168.43.31', os.name: 'Windows 10', os.arch: 'amd64', os.version: '10.0', java.version: '18.0.1.1'
Driver info: driver.version: RemoteWebDriver
at org.openqa.selenium.remote.RemoteWebDriver.findElement(RemoteWebDriver.java:327)
at org.openqa.selenium.remote.RemoteWebDriver.findElementByXPath(RemoteWebDriver.java:428)
at org.openqa.selenium.By$ByXPath.findElement(By.java:353)
at org.openqa.selenium.remote.RemoteWebDriver.findElement(RemoteWebDriver.java:315)
at org.openqa.selenium.support.pagefactory.DefaultElementLocator.findElement(DefaultElementLocator.java:69)
at org.openqa.selenium.support.pagefactory.internal.LocatingElementHandler.invoke(LocatingElementHandler.java:38)
at jdk.proxy2/jdk.proxy2.$Proxy17.sendKeys(Unknown Source)
at MAVEN_FACEBOOK.FACEBOOK_LOG_IN.SendUserID12(FACEBOOK_LOG_IN.java:238)
at TestNG.TestNG_FACEBOOK_OG_IN.c12(TestNG_FACEBOOK_OG_IN.java:234)
at java.base/java.util.ArrayList.forEach(ArrayList.java:1511)
at java.base/java.util.concurrent.FutureTask.run(FutureTask.java:264)
at java.base/java.util.concurrent.ThreadPoolExecutor.runWorker(ThreadPoolExecutor.java:1136)
at java.base/java.util.concurrent.ThreadPoolExecutor$Worker.run(ThreadPoolExecutor.java:635)
at java.base/java.lang.Thread.run(Thread.java:833)
... Removed 16 stack frames]]>
    </failure>
  </testcase> <!-- c12 -->
  <testcase classname="TestNG.TestNG_FACEBOOK_OG_IN" name="c13" time="0.0">
    <skipped/>
  </testcase> <!-- c13 -->
  <testcase classname="TestNG.TestNG_FACEBOOK_OG_IN" name="c14" time="0.0">
    <skipped/>
  </testcase> <!-- c14 -->
  <testcase classname="TestNG.TestNG_FACEBOOK_OG_IN" name="c15" time="0.0">
    <skipped/>
  </testcase> <!-- c15 -->
  <testcase classname="TestNG.TestNG_FACEBOOK_OG_IN" name="c16" time="0.0">
    <skipped/>
  </testcase> <!-- c16 -->
  <testcase classname="TestNG.TestNG_FACEBOOK_OG_IN" name="c17" time="0.0">
    <skipped/>
  </testcase> <!-- c17 -->
  <testcase classname="TestNG.TestNG_FACEBOOK_OG_IN" name="c18" time="0.0">
    <skipped/>
  </testcase> <!-- c18 -->
  <testcase classname="TestNG.TestNG_FACEBOOK_OG_IN" name="c19" time="0.0">
    <skipped/>
  </testcase> <!-- c19 -->
  <testcase classname="TestNG.TestNG_AMAZON" name="c2" time="0.0">
    <skipped/>
  </testcase> <!-- c2 -->
  <testcase classname="TestNG.TestNG_FACEBOOK_OG_IN" name="c2" time="0.001">
    <skipped/>
  </testcase> <!-- c2 -->
  <testcase classname="TestNG.TestNG_FACEBOOK_OG_IN" name="c20" time="0.0">
    <skipped/>
  </testcase> <!-- c20 -->
  <testcase classname="TestNG.TestNG_AMAZON" name="c3" time="0.0">
    <skipped/>
  </testcase> <!-- c3 -->
  <testcase classname="TestNG.TestNG_FACEBOOK_OG_IN" name="c3" time="0.0">
    <skipped/>
  </testcase> <!-- c3 -->
  <testcase classname="TestNG.TestNG_AMAZON" name="c4" time="0.0">
    <skipped/>
  </testcase> <!-- c4 -->
  <testcase classname="TestNG.TestNG_FACEBOOK_OG_IN" name="c4" time="0.0">
    <skipped/>
  </testcase> <!-- c4 -->
  <testcase classname="TestNG.TestNG_AMAZON" name="c5" time="0.0">
    <skipped/>
  </testcase> <!-- c5 -->
  <testcase classname="TestNG.TestNG_FACEBOOK_OG_IN" name="c5" time="0.0">
    <skipped/>
  </testcase> <!-- c5 -->
  <testcase classname="TestNG.TestNG_FACEBOOK_OG_IN" name="c6" time="0.0">
    <skipped/>
  </testcase> <!-- c6 -->
  <testcase classname="TestNG.TestNG_FACEBOOK_OG_IN" name="c7" time="0.0">
    <skipped/>
  </testcase> <!-- c7 -->
  <testcase classname="TestNG.TestNG_FACEBOOK_OG_IN" name="c8" time="0.0">
    <skipped/>
  </testcase> <!-- c8 -->
  <testcase classname="TestNG.TestNG_FACEBOOK_OG_IN" name="c9" time="0.0">
    <skipped/>
  </testcase> <!-- c9 -->
  <testcase classname="TestNG.TestNG_IRCTC" name="d" time="0.0">
    <skipped/>
  </testcase> <!-- d -->
  <testcase classname="TestNG.TestNG_YOUTUBE" name="Open_Radhe_Radhe" time="0.0">
    <skipped/>
  </testcase> <!-- Open_Radhe_Radhe -->
  <testcase classname="TestNG.TestNG_YOUTUBE" name="Open_Rashmika_TopTucker_Song" time="0.0">
    <skipped/>
  </testcase> <!-- Open_Rashmika_TopTucker_Song -->
</testsuite> <!-- MicrosoftEdgeTest -->
