<html>
<head>
<title>TestNG:  Test</title>
<link href="../testng.css" rel="stylesheet" type="text/css" />
<link href="../my-testng.css" rel="stylesheet" type="text/css" />

<style type="text/css">
.log { display: none;} 
.stack-trace { display: none;} 
</style>
<script type="text/javascript">
<!--
function flip(e) {
  current = e.style.display;
  if (current == 'block') {
    e.style.display = 'none';
    return 0;
  }
  else {
    e.style.display = 'block';
    return 1;
  }
}

function toggleBox(szDivId, elem, msg1, msg2)
{
  var res = -1;  if (document.getElementById) {
    res = flip(document.getElementById(szDivId));
  }
  else if (document.all) {
    // this is the way old msie versions work
    res = flip(document.all[szDivId]);
  }
  if(elem) {
    if(res == 0) elem.innerHTML = msg1; else elem.innerHTML = msg2;
  }

}

function toggleAllBoxes() {
  if (document.getElementsByTagName) {
    d = document.getElementsByTagName('div');
    for (i = 0; i < d.length; i++) {
      if (d[i].className == 'log') {
        flip(d[i]);
      }
    }
  }
}

// -->
</script>

</head>
<body>
<h2 align='center'>Test</h2><table border='1' align="center">
<tr>
<td>Tests passed/Failed/Skipped:</td><td>0/0/34</td>
</tr><tr>
<td>Started on:</td><td>Mon Nov 14 14:16:48 IST 2022</td>
</tr>
<tr><td>Total time:</td><td>1 seconds (1114 ms)</td>
</tr><tr>
<td>Included groups:</td><td></td>
</tr><tr>
<td>Excluded groups:</td><td></td>
</tr>
</table><p/>
<small><i>(Hover the method name to see the test class name)</i></small><p/>
<table width='100%' border='1' class='invocation-skipped'>
<tr><td colspan='4' align='center'><b>SKIPPED TESTS</b></td></tr>
<tr><td><b>Test method</b></td>
<td width="30%"><b>Exception</b></td>
<td width="10%"><b>Time (seconds)</b></td>
<td><b>Instance</b></td>
</tr>
<tr>
<td title='TestNG.TestNG_FLIPKART.FlipkartGroceryPage()'><b>FlipkartGroceryPage</b><br>Test class: TestNG.TestNG_FLIPKART</td>
<td><div><pre>org.testng.TestNGException: 
Parameter &apos;BrowserName&apos; is required by BeforeTest on method LaunchBrowser but has not been marked @Optional or defined
in C:\Users\Admin\git\TestProject\MAVEN-PROJECT\testng1.xml
... Removed 21 stack frames</pre></div><a href='#' onClick='toggleBox("stack-trace2109798150", this, "Click to show all stack frames", "Click to hide stack frames")'>Click to show all stack frames</a>
<div class='stack-trace' id='stack-trace2109798150'><pre>org.testng.TestNGException: 
Parameter &apos;BrowserName&apos; is required by BeforeTest on method LaunchBrowser but has not been marked @Optional or defined
in C:\Users\Admin\git\TestProject\MAVEN-PROJECT\testng1.xml
	at org.testng.internal.Parameters.createParams(Parameters.java:272)
	at org.testng.internal.Parameters.createParametersForMethod(Parameters.java:360)
	at org.testng.internal.Parameters.createParameters(Parameters.java:704)
	at org.testng.internal.Parameters.createConfigurationParameters(Parameters.java:166)
	at org.testng.internal.ConfigInvoker.invokeConfigurations(ConfigInvoker.java:283)
	at org.testng.TestRunner.invokeTestConfigurations(TestRunner.java:619)
	at org.testng.TestRunner.beforeRun(TestRunner.java:609)
	at org.testng.TestRunner.run(TestRunner.java:580)
	at org.testng.SuiteRunner.runTest(SuiteRunner.java:384)
	at org.testng.SuiteRunner.runSequentially(SuiteRunner.java:378)
	at org.testng.SuiteRunner.privateRun(SuiteRunner.java:337)
	at org.testng.SuiteRunner.run(SuiteRunner.java:286)
	at org.testng.SuiteRunnerWorker.runSuite(SuiteRunnerWorker.java:53)
	at org.testng.SuiteRunnerWorker.run(SuiteRunnerWorker.java:96)
	at org.testng.TestNG.runSuitesSequentially(TestNG.java:1187)
	at org.testng.TestNG.runSuitesLocally(TestNG.java:1109)
	at org.testng.TestNG.runSuites(TestNG.java:1039)
	at org.testng.TestNG.run(TestNG.java:1007)
	at org.testng.remote.AbstractRemoteTestNG.run(AbstractRemoteTestNG.java:115)
	at org.testng.remote.RemoteTestNG.initAndRun(RemoteTestNG.java:251)
	at org.testng.remote.RemoteTestNG.main(RemoteTestNG.java:77)
</pre></div></td>
<td>0</td>
<td>TestNG.TestNG_FLIPKART@71809907</td></tr>
<tr>
<td title='TestNG.TestNG_FLIPKART.FlipkartKeyboardPage()'><b>FlipkartKeyboardPage</b><br>Test class: TestNG.TestNG_FLIPKART</td>
<td><div><pre>org.testng.TestNGException: 
Parameter &apos;BrowserName&apos; is required by BeforeTest on method LaunchBrowser but has not been marked @Optional or defined
in C:\Users\Admin\git\TestProject\MAVEN-PROJECT\testng1.xml
... Removed 21 stack frames</pre></div><a href='#' onClick='toggleBox("stack-trace197964393", this, "Click to show all stack frames", "Click to hide stack frames")'>Click to show all stack frames</a>
<div class='stack-trace' id='stack-trace197964393'><pre>org.testng.TestNGException: 
Parameter &apos;BrowserName&apos; is required by BeforeTest on method LaunchBrowser but has not been marked @Optional or defined
in C:\Users\Admin\git\TestProject\MAVEN-PROJECT\testng1.xml
	at org.testng.internal.Parameters.createParams(Parameters.java:272)
	at org.testng.internal.Parameters.createParametersForMethod(Parameters.java:360)
	at org.testng.internal.Parameters.createParameters(Parameters.java:704)
	at org.testng.internal.Parameters.createConfigurationParameters(Parameters.java:166)
	at org.testng.internal.ConfigInvoker.invokeConfigurations(ConfigInvoker.java:283)
	at org.testng.TestRunner.invokeTestConfigurations(TestRunner.java:619)
	at org.testng.TestRunner.beforeRun(TestRunner.java:609)
	at org.testng.TestRunner.run(TestRunner.java:580)
	at org.testng.SuiteRunner.runTest(SuiteRunner.java:384)
	at org.testng.SuiteRunner.runSequentially(SuiteRunner.java:378)
	at org.testng.SuiteRunner.privateRun(SuiteRunner.java:337)
	at org.testng.SuiteRunner.run(SuiteRunner.java:286)
	at org.testng.SuiteRunnerWorker.runSuite(SuiteRunnerWorker.java:53)
	at org.testng.SuiteRunnerWorker.run(SuiteRunnerWorker.java:96)
	at org.testng.TestNG.runSuitesSequentially(TestNG.java:1187)
	at org.testng.TestNG.runSuitesLocally(TestNG.java:1109)
	at org.testng.TestNG.runSuites(TestNG.java:1039)
	at org.testng.TestNG.run(TestNG.java:1007)
	at org.testng.remote.AbstractRemoteTestNG.run(AbstractRemoteTestNG.java:115)
	at org.testng.remote.RemoteTestNG.initAndRun(RemoteTestNG.java:251)
	at org.testng.remote.RemoteTestNG.main(RemoteTestNG.java:77)
</pre></div></td>
<td>0</td>
<td>TestNG.TestNG_FLIPKART@71809907</td></tr>
<tr>
<td title='TestNG.TestNG_FLIPKART.FlipkartLogingPage()'><b>FlipkartLogingPage</b><br>Test class: TestNG.TestNG_FLIPKART</td>
<td><div><pre>org.testng.TestNGException: 
Parameter &apos;BrowserName&apos; is required by BeforeTest on method LaunchBrowser but has not been marked @Optional or defined
in C:\Users\Admin\git\TestProject\MAVEN-PROJECT\testng1.xml
... Removed 21 stack frames</pre></div><a href='#' onClick='toggleBox("stack-trace2106000623", this, "Click to show all stack frames", "Click to hide stack frames")'>Click to show all stack frames</a>
<div class='stack-trace' id='stack-trace2106000623'><pre>org.testng.TestNGException: 
Parameter &apos;BrowserName&apos; is required by BeforeTest on method LaunchBrowser but has not been marked @Optional or defined
in C:\Users\Admin\git\TestProject\MAVEN-PROJECT\testng1.xml
	at org.testng.internal.Parameters.createParams(Parameters.java:272)
	at org.testng.internal.Parameters.createParametersForMethod(Parameters.java:360)
	at org.testng.internal.Parameters.createParameters(Parameters.java:704)
	at org.testng.internal.Parameters.createConfigurationParameters(Parameters.java:166)
	at org.testng.internal.ConfigInvoker.invokeConfigurations(ConfigInvoker.java:283)
	at org.testng.TestRunner.invokeTestConfigurations(TestRunner.java:619)
	at org.testng.TestRunner.beforeRun(TestRunner.java:609)
	at org.testng.TestRunner.run(TestRunner.java:580)
	at org.testng.SuiteRunner.runTest(SuiteRunner.java:384)
	at org.testng.SuiteRunner.runSequentially(SuiteRunner.java:378)
	at org.testng.SuiteRunner.privateRun(SuiteRunner.java:337)
	at org.testng.SuiteRunner.run(SuiteRunner.java:286)
	at org.testng.SuiteRunnerWorker.runSuite(SuiteRunnerWorker.java:53)
	at org.testng.SuiteRunnerWorker.run(SuiteRunnerWorker.java:96)
	at org.testng.TestNG.runSuitesSequentially(TestNG.java:1187)
	at org.testng.TestNG.runSuitesLocally(TestNG.java:1109)
	at org.testng.TestNG.runSuites(TestNG.java:1039)
	at org.testng.TestNG.run(TestNG.java:1007)
	at org.testng.remote.AbstractRemoteTestNG.run(AbstractRemoteTestNG.java:115)
	at org.testng.remote.RemoteTestNG.initAndRun(RemoteTestNG.java:251)
	at org.testng.remote.RemoteTestNG.main(RemoteTestNG.java:77)
</pre></div></td>
<td>0</td>
<td>TestNG.TestNG_FLIPKART@71809907</td></tr>
<tr>
<td title='TestNG.TestNG_YOUTUBE.Open_Radhe_Radhe()'><b>Open_Radhe_Radhe</b><br>Test class: TestNG.TestNG_YOUTUBE</td>
<td><div><pre>org.testng.TestNGException: 
Parameter &apos;BrowserName&apos; is required by BeforeTest on method LaunchBrowser but has not been marked @Optional or defined
in C:\Users\Admin\git\TestProject\MAVEN-PROJECT\testng1.xml
... Removed 21 stack frames</pre></div><a href='#' onClick='toggleBox("stack-trace279593458", this, "Click to show all stack frames", "Click to hide stack frames")'>Click to show all stack frames</a>
<div class='stack-trace' id='stack-trace279593458'><pre>org.testng.TestNGException: 
Parameter &apos;BrowserName&apos; is required by BeforeTest on method LaunchBrowser but has not been marked @Optional or defined
in C:\Users\Admin\git\TestProject\MAVEN-PROJECT\testng1.xml
	at org.testng.internal.Parameters.createParams(Parameters.java:272)
	at org.testng.internal.Parameters.createParametersForMethod(Parameters.java:360)
	at org.testng.internal.Parameters.createParameters(Parameters.java:704)
	at org.testng.internal.Parameters.createConfigurationParameters(Parameters.java:166)
	at org.testng.internal.ConfigInvoker.invokeConfigurations(ConfigInvoker.java:283)
	at org.testng.TestRunner.invokeTestConfigurations(TestRunner.java:619)
	at org.testng.TestRunner.beforeRun(TestRunner.java:609)
	at org.testng.TestRunner.run(TestRunner.java:580)
	at org.testng.SuiteRunner.runTest(SuiteRunner.java:384)
	at org.testng.SuiteRunner.runSequentially(SuiteRunner.java:378)
	at org.testng.SuiteRunner.privateRun(SuiteRunner.java:337)
	at org.testng.SuiteRunner.run(SuiteRunner.java:286)
	at org.testng.SuiteRunnerWorker.runSuite(SuiteRunnerWorker.java:53)
	at org.testng.SuiteRunnerWorker.run(SuiteRunnerWorker.java:96)
	at org.testng.TestNG.runSuitesSequentially(TestNG.java:1187)
	at org.testng.TestNG.runSuitesLocally(TestNG.java:1109)
	at org.testng.TestNG.runSuites(TestNG.java:1039)
	at org.testng.TestNG.run(TestNG.java:1007)
	at org.testng.remote.AbstractRemoteTestNG.run(AbstractRemoteTestNG.java:115)
	at org.testng.remote.RemoteTestNG.initAndRun(RemoteTestNG.java:251)
	at org.testng.remote.RemoteTestNG.main(RemoteTestNG.java:77)
</pre></div></td>
<td>0</td>
<td>TestNG.TestNG_YOUTUBE@158da8e</td></tr>
<tr>
<td title='TestNG.TestNG_YOUTUBE.Open_Rashmika_TopTucker_Song()'><b>Open_Rashmika_TopTucker_Song</b><br>Test class: TestNG.TestNG_YOUTUBE</td>
<td><div><pre>org.testng.TestNGException: 
Parameter &apos;BrowserName&apos; is required by BeforeTest on method LaunchBrowser but has not been marked @Optional or defined
in C:\Users\Admin\git\TestProject\MAVEN-PROJECT\testng1.xml
... Removed 21 stack frames</pre></div><a href='#' onClick='toggleBox("stack-trace249034932", this, "Click to show all stack frames", "Click to hide stack frames")'>Click to show all stack frames</a>
<div class='stack-trace' id='stack-trace249034932'><pre>org.testng.TestNGException: 
Parameter &apos;BrowserName&apos; is required by BeforeTest on method LaunchBrowser but has not been marked @Optional or defined
in C:\Users\Admin\git\TestProject\MAVEN-PROJECT\testng1.xml
	at org.testng.internal.Parameters.createParams(Parameters.java:272)
	at org.testng.internal.Parameters.createParametersForMethod(Parameters.java:360)
	at org.testng.internal.Parameters.createParameters(Parameters.java:704)
	at org.testng.internal.Parameters.createConfigurationParameters(Parameters.java:166)
	at org.testng.internal.ConfigInvoker.invokeConfigurations(ConfigInvoker.java:283)
	at org.testng.TestRunner.invokeTestConfigurations(TestRunner.java:619)
	at org.testng.TestRunner.beforeRun(TestRunner.java:609)
	at org.testng.TestRunner.run(TestRunner.java:580)
	at org.testng.SuiteRunner.runTest(SuiteRunner.java:384)
	at org.testng.SuiteRunner.runSequentially(SuiteRunner.java:378)
	at org.testng.SuiteRunner.privateRun(SuiteRunner.java:337)
	at org.testng.SuiteRunner.run(SuiteRunner.java:286)
	at org.testng.SuiteRunnerWorker.runSuite(SuiteRunnerWorker.java:53)
	at org.testng.SuiteRunnerWorker.run(SuiteRunnerWorker.java:96)
	at org.testng.TestNG.runSuitesSequentially(TestNG.java:1187)
	at org.testng.TestNG.runSuitesLocally(TestNG.java:1109)
	at org.testng.TestNG.runSuites(TestNG.java:1039)
	at org.testng.TestNG.run(TestNG.java:1007)
	at org.testng.remote.AbstractRemoteTestNG.run(AbstractRemoteTestNG.java:115)
	at org.testng.remote.RemoteTestNG.initAndRun(RemoteTestNG.java:251)
	at org.testng.remote.RemoteTestNG.main(RemoteTestNG.java:77)
</pre></div></td>
<td>0</td>
<td>TestNG.TestNG_YOUTUBE@158da8e</td></tr>
<tr>
<td title='TestNG.TestNG_TESTAUTOMATION.TestAutomationPage()'><b>TestAutomationPage</b><br>Test class: TestNG.TestNG_TESTAUTOMATION</td>
<td><div><pre>org.testng.TestNGException: 
Parameter &apos;BrowserName&apos; is required by BeforeTest on method LaunchBrowser but has not been marked @Optional or defined
in C:\Users\Admin\git\TestProject\MAVEN-PROJECT\testng1.xml
... Removed 21 stack frames</pre></div><a href='#' onClick='toggleBox("stack-trace1550261631", this, "Click to show all stack frames", "Click to hide stack frames")'>Click to show all stack frames</a>
<div class='stack-trace' id='stack-trace1550261631'><pre>org.testng.TestNGException: 
Parameter &apos;BrowserName&apos; is required by BeforeTest on method LaunchBrowser but has not been marked @Optional or defined
in C:\Users\Admin\git\TestProject\MAVEN-PROJECT\testng1.xml
	at org.testng.internal.Parameters.createParams(Parameters.java:272)
	at org.testng.internal.Parameters.createParametersForMethod(Parameters.java:360)
	at org.testng.internal.Parameters.createParameters(Parameters.java:704)
	at org.testng.internal.Parameters.createConfigurationParameters(Parameters.java:166)
	at org.testng.internal.ConfigInvoker.invokeConfigurations(ConfigInvoker.java:283)
	at org.testng.TestRunner.invokeTestConfigurations(TestRunner.java:619)
	at org.testng.TestRunner.beforeRun(TestRunner.java:609)
	at org.testng.TestRunner.run(TestRunner.java:580)
	at org.testng.SuiteRunner.runTest(SuiteRunner.java:384)
	at org.testng.SuiteRunner.runSequentially(SuiteRunner.java:378)
	at org.testng.SuiteRunner.privateRun(SuiteRunner.java:337)
	at org.testng.SuiteRunner.run(SuiteRunner.java:286)
	at org.testng.SuiteRunnerWorker.runSuite(SuiteRunnerWorker.java:53)
	at org.testng.SuiteRunnerWorker.run(SuiteRunnerWorker.java:96)
	at org.testng.TestNG.runSuitesSequentially(TestNG.java:1187)
	at org.testng.TestNG.runSuitesLocally(TestNG.java:1109)
	at org.testng.TestNG.runSuites(TestNG.java:1039)
	at org.testng.TestNG.run(TestNG.java:1007)
	at org.testng.remote.AbstractRemoteTestNG.run(AbstractRemoteTestNG.java:115)
	at org.testng.remote.RemoteTestNG.initAndRun(RemoteTestNG.java:251)
	at org.testng.remote.RemoteTestNG.main(RemoteTestNG.java:77)
</pre></div></td>
<td>0</td>
<td>TestNG.TestNG_TESTAUTOMATION@6aba2b86</td></tr>
<tr>
<td title='RestAssurance.RestAssuranceProject_TokenizedAuthorization.addBookwithToken()'><b>addBookwithToken</b><br>Test class: RestAssurance.RestAssuranceProject_TokenizedAuthorization</td>
<td><div><pre>org.testng.TestNGException: 
Parameter &apos;BrowserName&apos; is required by BeforeTest on method LaunchBrowser but has not been marked @Optional or defined
in C:\Users\Admin\git\TestProject\MAVEN-PROJECT\testng1.xml
... Removed 21 stack frames</pre></div><a href='#' onClick='toggleBox("stack-trace111900554", this, "Click to show all stack frames", "Click to hide stack frames")'>Click to show all stack frames</a>
<div class='stack-trace' id='stack-trace111900554'><pre>org.testng.TestNGException: 
Parameter &apos;BrowserName&apos; is required by BeforeTest on method LaunchBrowser but has not been marked @Optional or defined
in C:\Users\Admin\git\TestProject\MAVEN-PROJECT\testng1.xml
	at org.testng.internal.Parameters.createParams(Parameters.java:272)
	at org.testng.internal.Parameters.createParametersForMethod(Parameters.java:360)
	at org.testng.internal.Parameters.createParameters(Parameters.java:704)
	at org.testng.internal.Parameters.createConfigurationParameters(Parameters.java:166)
	at org.testng.internal.ConfigInvoker.invokeConfigurations(ConfigInvoker.java:283)
	at org.testng.TestRunner.invokeTestConfigurations(TestRunner.java:619)
	at org.testng.TestRunner.beforeRun(TestRunner.java:609)
	at org.testng.TestRunner.run(TestRunner.java:580)
	at org.testng.SuiteRunner.runTest(SuiteRunner.java:384)
	at org.testng.SuiteRunner.runSequentially(SuiteRunner.java:378)
	at org.testng.SuiteRunner.privateRun(SuiteRunner.java:337)
	at org.testng.SuiteRunner.run(SuiteRunner.java:286)
	at org.testng.SuiteRunnerWorker.runSuite(SuiteRunnerWorker.java:53)
	at org.testng.SuiteRunnerWorker.run(SuiteRunnerWorker.java:96)
	at org.testng.TestNG.runSuitesSequentially(TestNG.java:1187)
	at org.testng.TestNG.runSuitesLocally(TestNG.java:1109)
	at org.testng.TestNG.runSuites(TestNG.java:1039)
	at org.testng.TestNG.run(TestNG.java:1007)
	at org.testng.remote.AbstractRemoteTestNG.run(AbstractRemoteTestNG.java:115)
	at org.testng.remote.RemoteTestNG.initAndRun(RemoteTestNG.java:251)
	at org.testng.remote.RemoteTestNG.main(RemoteTestNG.java:77)
</pre></div></td>
<td>0</td>
<td>RestAssurance.RestAssuranceProject_TokenizedAuthorization@7c729a55</td></tr>
<tr>
<td title='TestNG.TestNG_IRCTC.c()'><b>c</b><br>Test class: TestNG.TestNG_IRCTC</td>
<td><div><pre>org.testng.TestNGException: 
Parameter &apos;BrowserName&apos; is required by BeforeTest on method LaunchBrowser but has not been marked @Optional or defined
in C:\Users\Admin\git\TestProject\MAVEN-PROJECT\testng1.xml
... Removed 21 stack frames</pre></div><a href='#' onClick='toggleBox("stack-trace1552999801", this, "Click to show all stack frames", "Click to hide stack frames")'>Click to show all stack frames</a>
<div class='stack-trace' id='stack-trace1552999801'><pre>org.testng.TestNGException: 
Parameter &apos;BrowserName&apos; is required by BeforeTest on method LaunchBrowser but has not been marked @Optional or defined
in C:\Users\Admin\git\TestProject\MAVEN-PROJECT\testng1.xml
	at org.testng.internal.Parameters.createParams(Parameters.java:272)
	at org.testng.internal.Parameters.createParametersForMethod(Parameters.java:360)
	at org.testng.internal.Parameters.createParameters(Parameters.java:704)
	at org.testng.internal.Parameters.createConfigurationParameters(Parameters.java:166)
	at org.testng.internal.ConfigInvoker.invokeConfigurations(ConfigInvoker.java:283)
	at org.testng.TestRunner.invokeTestConfigurations(TestRunner.java:619)
	at org.testng.TestRunner.beforeRun(TestRunner.java:609)
	at org.testng.TestRunner.run(TestRunner.java:580)
	at org.testng.SuiteRunner.runTest(SuiteRunner.java:384)
	at org.testng.SuiteRunner.runSequentially(SuiteRunner.java:378)
	at org.testng.SuiteRunner.privateRun(SuiteRunner.java:337)
	at org.testng.SuiteRunner.run(SuiteRunner.java:286)
	at org.testng.SuiteRunnerWorker.runSuite(SuiteRunnerWorker.java:53)
	at org.testng.SuiteRunnerWorker.run(SuiteRunnerWorker.java:96)
	at org.testng.TestNG.runSuitesSequentially(TestNG.java:1187)
	at org.testng.TestNG.runSuitesLocally(TestNG.java:1109)
	at org.testng.TestNG.runSuites(TestNG.java:1039)
	at org.testng.TestNG.run(TestNG.java:1007)
	at org.testng.remote.AbstractRemoteTestNG.run(AbstractRemoteTestNG.java:115)
	at org.testng.remote.RemoteTestNG.initAndRun(RemoteTestNG.java:251)
	at org.testng.remote.RemoteTestNG.main(RemoteTestNG.java:77)
</pre></div></td>
<td>0</td>
<td>TestNG.TestNG_IRCTC@74e52303</td></tr>
<tr>
<td title='TestNG.TestNG_AMAZON.c1()'><b>c1</b><br>Test class: TestNG.TestNG_AMAZON</td>
<td><div><pre>org.testng.TestNGException: 
Parameter &apos;BrowserName&apos; is required by BeforeTest on method LaunchBrowser but has not been marked @Optional or defined
in C:\Users\Admin\git\TestProject\MAVEN-PROJECT\testng1.xml
... Removed 21 stack frames</pre></div><a href='#' onClick='toggleBox("stack-trace1313916817", this, "Click to show all stack frames", "Click to hide stack frames")'>Click to show all stack frames</a>
<div class='stack-trace' id='stack-trace1313916817'><pre>org.testng.TestNGException: 
Parameter &apos;BrowserName&apos; is required by BeforeTest on method LaunchBrowser but has not been marked @Optional or defined
in C:\Users\Admin\git\TestProject\MAVEN-PROJECT\testng1.xml
	at org.testng.internal.Parameters.createParams(Parameters.java:272)
	at org.testng.internal.Parameters.createParametersForMethod(Parameters.java:360)
	at org.testng.internal.Parameters.createParameters(Parameters.java:704)
	at org.testng.internal.Parameters.createConfigurationParameters(Parameters.java:166)
	at org.testng.internal.ConfigInvoker.invokeConfigurations(ConfigInvoker.java:283)
	at org.testng.TestRunner.invokeTestConfigurations(TestRunner.java:619)
	at org.testng.TestRunner.beforeRun(TestRunner.java:609)
	at org.testng.TestRunner.run(TestRunner.java:580)
	at org.testng.SuiteRunner.runTest(SuiteRunner.java:384)
	at org.testng.SuiteRunner.runSequentially(SuiteRunner.java:378)
	at org.testng.SuiteRunner.privateRun(SuiteRunner.java:337)
	at org.testng.SuiteRunner.run(SuiteRunner.java:286)
	at org.testng.SuiteRunnerWorker.runSuite(SuiteRunnerWorker.java:53)
	at org.testng.SuiteRunnerWorker.run(SuiteRunnerWorker.java:96)
	at org.testng.TestNG.runSuitesSequentially(TestNG.java:1187)
	at org.testng.TestNG.runSuitesLocally(TestNG.java:1109)
	at org.testng.TestNG.runSuites(TestNG.java:1039)
	at org.testng.TestNG.run(TestNG.java:1007)
	at org.testng.remote.AbstractRemoteTestNG.run(AbstractRemoteTestNG.java:115)
	at org.testng.remote.RemoteTestNG.initAndRun(RemoteTestNG.java:251)
	at org.testng.remote.RemoteTestNG.main(RemoteTestNG.java:77)
</pre></div></td>
<td>0</td>
<td>TestNG.TestNG_AMAZON@3ce1e309</td></tr>
<tr>
<td title='TestNG.TestNG_FACEBOOK_OG_IN.c1()'><b>c1</b><br>Test class: TestNG.TestNG_FACEBOOK_OG_IN</td>
<td><div><pre>org.testng.TestNGException: 
Parameter &apos;BrowserName&apos; is required by BeforeTest on method LaunchBrowser but has not been marked @Optional or defined
in C:\Users\Admin\git\TestProject\MAVEN-PROJECT\testng1.xml
... Removed 21 stack frames</pre></div><a href='#' onClick='toggleBox("stack-trace1112414583", this, "Click to show all stack frames", "Click to hide stack frames")'>Click to show all stack frames</a>
<div class='stack-trace' id='stack-trace1112414583'><pre>org.testng.TestNGException: 
Parameter &apos;BrowserName&apos; is required by BeforeTest on method LaunchBrowser but has not been marked @Optional or defined
in C:\Users\Admin\git\TestProject\MAVEN-PROJECT\testng1.xml
	at org.testng.internal.Parameters.createParams(Parameters.java:272)
	at org.testng.internal.Parameters.createParametersForMethod(Parameters.java:360)
	at org.testng.internal.Parameters.createParameters(Parameters.java:704)
	at org.testng.internal.Parameters.createConfigurationParameters(Parameters.java:166)
	at org.testng.internal.ConfigInvoker.invokeConfigurations(ConfigInvoker.java:283)
	at org.testng.TestRunner.invokeTestConfigurations(TestRunner.java:619)
	at org.testng.TestRunner.beforeRun(TestRunner.java:609)
	at org.testng.TestRunner.run(TestRunner.java:580)
	at org.testng.SuiteRunner.runTest(SuiteRunner.java:384)
	at org.testng.SuiteRunner.runSequentially(SuiteRunner.java:378)
	at org.testng.SuiteRunner.privateRun(SuiteRunner.java:337)
	at org.testng.SuiteRunner.run(SuiteRunner.java:286)
	at org.testng.SuiteRunnerWorker.runSuite(SuiteRunnerWorker.java:53)
	at org.testng.SuiteRunnerWorker.run(SuiteRunnerWorker.java:96)
	at org.testng.TestNG.runSuitesSequentially(TestNG.java:1187)
	at org.testng.TestNG.runSuitesLocally(TestNG.java:1109)
	at org.testng.TestNG.runSuites(TestNG.java:1039)
	at org.testng.TestNG.run(TestNG.java:1007)
	at org.testng.remote.AbstractRemoteTestNG.run(AbstractRemoteTestNG.java:115)
	at org.testng.remote.RemoteTestNG.initAndRun(RemoteTestNG.java:251)
	at org.testng.remote.RemoteTestNG.main(RemoteTestNG.java:77)
</pre></div></td>
<td>0</td>
<td>TestNG.TestNG_FACEBOOK_OG_IN@47af7f3d</td></tr>
<tr>
<td title='TestNG.TestNG_FACEBOOK_OG_IN.c10()'><b>c10</b><br>Test class: TestNG.TestNG_FACEBOOK_OG_IN</td>
<td><div><pre>org.testng.TestNGException: 
Parameter &apos;BrowserName&apos; is required by BeforeTest on method LaunchBrowser but has not been marked @Optional or defined
in C:\Users\Admin\git\TestProject\MAVEN-PROJECT\testng1.xml
... Removed 21 stack frames</pre></div><a href='#' onClick='toggleBox("stack-trace1840903588", this, "Click to show all stack frames", "Click to hide stack frames")'>Click to show all stack frames</a>
<div class='stack-trace' id='stack-trace1840903588'><pre>org.testng.TestNGException: 
Parameter &apos;BrowserName&apos; is required by BeforeTest on method LaunchBrowser but has not been marked @Optional or defined
in C:\Users\Admin\git\TestProject\MAVEN-PROJECT\testng1.xml
	at org.testng.internal.Parameters.createParams(Parameters.java:272)
	at org.testng.internal.Parameters.createParametersForMethod(Parameters.java:360)
	at org.testng.internal.Parameters.createParameters(Parameters.java:704)
	at org.testng.internal.Parameters.createConfigurationParameters(Parameters.java:166)
	at org.testng.internal.ConfigInvoker.invokeConfigurations(ConfigInvoker.java:283)
	at org.testng.TestRunner.invokeTestConfigurations(TestRunner.java:619)
	at org.testng.TestRunner.beforeRun(TestRunner.java:609)
	at org.testng.TestRunner.run(TestRunner.java:580)
	at org.testng.SuiteRunner.runTest(SuiteRunner.java:384)
	at org.testng.SuiteRunner.runSequentially(SuiteRunner.java:378)
	at org.testng.SuiteRunner.privateRun(SuiteRunner.java:337)
	at org.testng.SuiteRunner.run(SuiteRunner.java:286)
	at org.testng.SuiteRunnerWorker.runSuite(SuiteRunnerWorker.java:53)
	at org.testng.SuiteRunnerWorker.run(SuiteRunnerWorker.java:96)
	at org.testng.TestNG.runSuitesSequentially(TestNG.java:1187)
	at org.testng.TestNG.runSuitesLocally(TestNG.java:1109)
	at org.testng.TestNG.runSuites(TestNG.java:1039)
	at org.testng.TestNG.run(TestNG.java:1007)
	at org.testng.remote.AbstractRemoteTestNG.run(AbstractRemoteTestNG.java:115)
	at org.testng.remote.RemoteTestNG.initAndRun(RemoteTestNG.java:251)
	at org.testng.remote.RemoteTestNG.main(RemoteTestNG.java:77)
</pre></div></td>
<td>0</td>
<td>TestNG.TestNG_FACEBOOK_OG_IN@47af7f3d</td></tr>
<tr>
<td title='TestNG.TestNG_FACEBOOK_OG_IN.c11()'><b>c11</b><br>Test class: TestNG.TestNG_FACEBOOK_OG_IN</td>
<td><div><pre>org.testng.TestNGException: 
Parameter &apos;BrowserName&apos; is required by BeforeTest on method LaunchBrowser but has not been marked @Optional or defined
in C:\Users\Admin\git\TestProject\MAVEN-PROJECT\testng1.xml
... Removed 21 stack frames</pre></div><a href='#' onClick='toggleBox("stack-trace515715487", this, "Click to show all stack frames", "Click to hide stack frames")'>Click to show all stack frames</a>
<div class='stack-trace' id='stack-trace515715487'><pre>org.testng.TestNGException: 
Parameter &apos;BrowserName&apos; is required by BeforeTest on method LaunchBrowser but has not been marked @Optional or defined
in C:\Users\Admin\git\TestProject\MAVEN-PROJECT\testng1.xml
	at org.testng.internal.Parameters.createParams(Parameters.java:272)
	at org.testng.internal.Parameters.createParametersForMethod(Parameters.java:360)
	at org.testng.internal.Parameters.createParameters(Parameters.java:704)
	at org.testng.internal.Parameters.createConfigurationParameters(Parameters.java:166)
	at org.testng.internal.ConfigInvoker.invokeConfigurations(ConfigInvoker.java:283)
	at org.testng.TestRunner.invokeTestConfigurations(TestRunner.java:619)
	at org.testng.TestRunner.beforeRun(TestRunner.java:609)
	at org.testng.TestRunner.run(TestRunner.java:580)
	at org.testng.SuiteRunner.runTest(SuiteRunner.java:384)
	at org.testng.SuiteRunner.runSequentially(SuiteRunner.java:378)
	at org.testng.SuiteRunner.privateRun(SuiteRunner.java:337)
	at org.testng.SuiteRunner.run(SuiteRunner.java:286)
	at org.testng.SuiteRunnerWorker.runSuite(SuiteRunnerWorker.java:53)
	at org.testng.SuiteRunnerWorker.run(SuiteRunnerWorker.java:96)
	at org.testng.TestNG.runSuitesSequentially(TestNG.java:1187)
	at org.testng.TestNG.runSuitesLocally(TestNG.java:1109)
	at org.testng.TestNG.runSuites(TestNG.java:1039)
	at org.testng.TestNG.run(TestNG.java:1007)
	at org.testng.remote.AbstractRemoteTestNG.run(AbstractRemoteTestNG.java:115)
	at org.testng.remote.RemoteTestNG.initAndRun(RemoteTestNG.java:251)
	at org.testng.remote.RemoteTestNG.main(RemoteTestNG.java:77)
</pre></div></td>
<td>0</td>
<td>TestNG.TestNG_FACEBOOK_OG_IN@47af7f3d</td></tr>
<tr>
<td title='TestNG.TestNG_FACEBOOK_OG_IN.c12()'><b>c12</b><br>Test class: TestNG.TestNG_FACEBOOK_OG_IN</td>
<td><div><pre>org.testng.TestNGException: 
Parameter &apos;BrowserName&apos; is required by BeforeTest on method LaunchBrowser but has not been marked @Optional or defined
in C:\Users\Admin\git\TestProject\MAVEN-PROJECT\testng1.xml
... Removed 21 stack frames</pre></div><a href='#' onClick='toggleBox("stack-trace2053591126", this, "Click to show all stack frames", "Click to hide stack frames")'>Click to show all stack frames</a>
<div class='stack-trace' id='stack-trace2053591126'><pre>org.testng.TestNGException: 
Parameter &apos;BrowserName&apos; is required by BeforeTest on method LaunchBrowser but has not been marked @Optional or defined
in C:\Users\Admin\git\TestProject\MAVEN-PROJECT\testng1.xml
	at org.testng.internal.Parameters.createParams(Parameters.java:272)
	at org.testng.internal.Parameters.createParametersForMethod(Parameters.java:360)
	at org.testng.internal.Parameters.createParameters(Parameters.java:704)
	at org.testng.internal.Parameters.createConfigurationParameters(Parameters.java:166)
	at org.testng.internal.ConfigInvoker.invokeConfigurations(ConfigInvoker.java:283)
	at org.testng.TestRunner.invokeTestConfigurations(TestRunner.java:619)
	at org.testng.TestRunner.beforeRun(TestRunner.java:609)
	at org.testng.TestRunner.run(TestRunner.java:580)
	at org.testng.SuiteRunner.runTest(SuiteRunner.java:384)
	at org.testng.SuiteRunner.runSequentially(SuiteRunner.java:378)
	at org.testng.SuiteRunner.privateRun(SuiteRunner.java:337)
	at org.testng.SuiteRunner.run(SuiteRunner.java:286)
	at org.testng.SuiteRunnerWorker.runSuite(SuiteRunnerWorker.java:53)
	at org.testng.SuiteRunnerWorker.run(SuiteRunnerWorker.java:96)
	at org.testng.TestNG.runSuitesSequentially(TestNG.java:1187)
	at org.testng.TestNG.runSuitesLocally(TestNG.java:1109)
	at org.testng.TestNG.runSuites(TestNG.java:1039)
	at org.testng.TestNG.run(TestNG.java:1007)
	at org.testng.remote.AbstractRemoteTestNG.run(AbstractRemoteTestNG.java:115)
	at org.testng.remote.RemoteTestNG.initAndRun(RemoteTestNG.java:251)
	at org.testng.remote.RemoteTestNG.main(RemoteTestNG.java:77)
</pre></div></td>
<td>0</td>
<td>TestNG.TestNG_FACEBOOK_OG_IN@47af7f3d</td></tr>
<tr>
<td title='TestNG.TestNG_FACEBOOK_OG_IN.c13()'><b>c13</b><br>Test class: TestNG.TestNG_FACEBOOK_OG_IN</td>
<td><div><pre>org.testng.TestNGException: 
Parameter &apos;BrowserName&apos; is required by BeforeTest on method LaunchBrowser but has not been marked @Optional or defined
in C:\Users\Admin\git\TestProject\MAVEN-PROJECT\testng1.xml
... Removed 21 stack frames</pre></div><a href='#' onClick='toggleBox("stack-trace681094281", this, "Click to show all stack frames", "Click to hide stack frames")'>Click to show all stack frames</a>
<div class='stack-trace' id='stack-trace681094281'><pre>org.testng.TestNGException: 
Parameter &apos;BrowserName&apos; is required by BeforeTest on method LaunchBrowser but has not been marked @Optional or defined
in C:\Users\Admin\git\TestProject\MAVEN-PROJECT\testng1.xml
	at org.testng.internal.Parameters.createParams(Parameters.java:272)
	at org.testng.internal.Parameters.createParametersForMethod(Parameters.java:360)
	at org.testng.internal.Parameters.createParameters(Parameters.java:704)
	at org.testng.internal.Parameters.createConfigurationParameters(Parameters.java:166)
	at org.testng.internal.ConfigInvoker.invokeConfigurations(ConfigInvoker.java:283)
	at org.testng.TestRunner.invokeTestConfigurations(TestRunner.java:619)
	at org.testng.TestRunner.beforeRun(TestRunner.java:609)
	at org.testng.TestRunner.run(TestRunner.java:580)
	at org.testng.SuiteRunner.runTest(SuiteRunner.java:384)
	at org.testng.SuiteRunner.runSequentially(SuiteRunner.java:378)
	at org.testng.SuiteRunner.privateRun(SuiteRunner.java:337)
	at org.testng.SuiteRunner.run(SuiteRunner.java:286)
	at org.testng.SuiteRunnerWorker.runSuite(SuiteRunnerWorker.java:53)
	at org.testng.SuiteRunnerWorker.run(SuiteRunnerWorker.java:96)
	at org.testng.TestNG.runSuitesSequentially(TestNG.java:1187)
	at org.testng.TestNG.runSuitesLocally(TestNG.java:1109)
	at org.testng.TestNG.runSuites(TestNG.java:1039)
	at org.testng.TestNG.run(TestNG.java:1007)
	at org.testng.remote.AbstractRemoteTestNG.run(AbstractRemoteTestNG.java:115)
	at org.testng.remote.RemoteTestNG.initAndRun(RemoteTestNG.java:251)
	at org.testng.remote.RemoteTestNG.main(RemoteTestNG.java:77)
</pre></div></td>
<td>0</td>
<td>TestNG.TestNG_FACEBOOK_OG_IN@47af7f3d</td></tr>
<tr>
<td title='TestNG.TestNG_FACEBOOK_OG_IN.c14()'><b>c14</b><br>Test class: TestNG.TestNG_FACEBOOK_OG_IN</td>
<td><div><pre>org.testng.TestNGException: 
Parameter &apos;BrowserName&apos; is required by BeforeTest on method LaunchBrowser but has not been marked @Optional or defined
in C:\Users\Admin\git\TestProject\MAVEN-PROJECT\testng1.xml
... Removed 21 stack frames</pre></div><a href='#' onClick='toggleBox("stack-trace40075281", this, "Click to show all stack frames", "Click to hide stack frames")'>Click to show all stack frames</a>
<div class='stack-trace' id='stack-trace40075281'><pre>org.testng.TestNGException: 
Parameter &apos;BrowserName&apos; is required by BeforeTest on method LaunchBrowser but has not been marked @Optional or defined
in C:\Users\Admin\git\TestProject\MAVEN-PROJECT\testng1.xml
	at org.testng.internal.Parameters.createParams(Parameters.java:272)
	at org.testng.internal.Parameters.createParametersForMethod(Parameters.java:360)
	at org.testng.internal.Parameters.createParameters(Parameters.java:704)
	at org.testng.internal.Parameters.createConfigurationParameters(Parameters.java:166)
	at org.testng.internal.ConfigInvoker.invokeConfigurations(ConfigInvoker.java:283)
	at org.testng.TestRunner.invokeTestConfigurations(TestRunner.java:619)
	at org.testng.TestRunner.beforeRun(TestRunner.java:609)
	at org.testng.TestRunner.run(TestRunner.java:580)
	at org.testng.SuiteRunner.runTest(SuiteRunner.java:384)
	at org.testng.SuiteRunner.runSequentially(SuiteRunner.java:378)
	at org.testng.SuiteRunner.privateRun(SuiteRunner.java:337)
	at org.testng.SuiteRunner.run(SuiteRunner.java:286)
	at org.testng.SuiteRunnerWorker.runSuite(SuiteRunnerWorker.java:53)
	at org.testng.SuiteRunnerWorker.run(SuiteRunnerWorker.java:96)
	at org.testng.TestNG.runSuitesSequentially(TestNG.java:1187)
	at org.testng.TestNG.runSuitesLocally(TestNG.java:1109)
	at org.testng.TestNG.runSuites(TestNG.java:1039)
	at org.testng.TestNG.run(TestNG.java:1007)
	at org.testng.remote.AbstractRemoteTestNG.run(AbstractRemoteTestNG.java:115)
	at org.testng.remote.RemoteTestNG.initAndRun(RemoteTestNG.java:251)
	at org.testng.remote.RemoteTestNG.main(RemoteTestNG.java:77)
</pre></div></td>
<td>0</td>
<td>TestNG.TestNG_FACEBOOK_OG_IN@47af7f3d</td></tr>
<tr>
<td title='TestNG.TestNG_FACEBOOK_OG_IN.c15()'><b>c15</b><br>Test class: TestNG.TestNG_FACEBOOK_OG_IN</td>
<td><div><pre>org.testng.TestNGException: 
Parameter &apos;BrowserName&apos; is required by BeforeTest on method LaunchBrowser but has not been marked @Optional or defined
in C:\Users\Admin\git\TestProject\MAVEN-PROJECT\testng1.xml
... Removed 21 stack frames</pre></div><a href='#' onClick='toggleBox("stack-trace825962150", this, "Click to show all stack frames", "Click to hide stack frames")'>Click to show all stack frames</a>
<div class='stack-trace' id='stack-trace825962150'><pre>org.testng.TestNGException: 
Parameter &apos;BrowserName&apos; is required by BeforeTest on method LaunchBrowser but has not been marked @Optional or defined
in C:\Users\Admin\git\TestProject\MAVEN-PROJECT\testng1.xml
	at org.testng.internal.Parameters.createParams(Parameters.java:272)
	at org.testng.internal.Parameters.createParametersForMethod(Parameters.java:360)
	at org.testng.internal.Parameters.createParameters(Parameters.java:704)
	at org.testng.internal.Parameters.createConfigurationParameters(Parameters.java:166)
	at org.testng.internal.ConfigInvoker.invokeConfigurations(ConfigInvoker.java:283)
	at org.testng.TestRunner.invokeTestConfigurations(TestRunner.java:619)
	at org.testng.TestRunner.beforeRun(TestRunner.java:609)
	at org.testng.TestRunner.run(TestRunner.java:580)
	at org.testng.SuiteRunner.runTest(SuiteRunner.java:384)
	at org.testng.SuiteRunner.runSequentially(SuiteRunner.java:378)
	at org.testng.SuiteRunner.privateRun(SuiteRunner.java:337)
	at org.testng.SuiteRunner.run(SuiteRunner.java:286)
	at org.testng.SuiteRunnerWorker.runSuite(SuiteRunnerWorker.java:53)
	at org.testng.SuiteRunnerWorker.run(SuiteRunnerWorker.java:96)
	at org.testng.TestNG.runSuitesSequentially(TestNG.java:1187)
	at org.testng.TestNG.runSuitesLocally(TestNG.java:1109)
	at org.testng.TestNG.runSuites(TestNG.java:1039)
	at org.testng.TestNG.run(TestNG.java:1007)
	at org.testng.remote.AbstractRemoteTestNG.run(AbstractRemoteTestNG.java:115)
	at org.testng.remote.RemoteTestNG.initAndRun(RemoteTestNG.java:251)
	at org.testng.remote.RemoteTestNG.main(RemoteTestNG.java:77)
</pre></div></td>
<td>0</td>
<td>TestNG.TestNG_FACEBOOK_OG_IN@47af7f3d</td></tr>
<tr>
<td title='TestNG.TestNG_FACEBOOK_OG_IN.c16()'><b>c16</b><br>Test class: TestNG.TestNG_FACEBOOK_OG_IN</td>
<td><div><pre>org.testng.TestNGException: 
Parameter &apos;BrowserName&apos; is required by BeforeTest on method LaunchBrowser but has not been marked @Optional or defined
in C:\Users\Admin\git\TestProject\MAVEN-PROJECT\testng1.xml
... Removed 21 stack frames</pre></div><a href='#' onClick='toggleBox("stack-trace1648001170", this, "Click to show all stack frames", "Click to hide stack frames")'>Click to show all stack frames</a>
<div class='stack-trace' id='stack-trace1648001170'><pre>org.testng.TestNGException: 
Parameter &apos;BrowserName&apos; is required by BeforeTest on method LaunchBrowser but has not been marked @Optional or defined
in C:\Users\Admin\git\TestProject\MAVEN-PROJECT\testng1.xml
	at org.testng.internal.Parameters.createParams(Parameters.java:272)
	at org.testng.internal.Parameters.createParametersForMethod(Parameters.java:360)
	at org.testng.internal.Parameters.createParameters(Parameters.java:704)
	at org.testng.internal.Parameters.createConfigurationParameters(Parameters.java:166)
	at org.testng.internal.ConfigInvoker.invokeConfigurations(ConfigInvoker.java:283)
	at org.testng.TestRunner.invokeTestConfigurations(TestRunner.java:619)
	at org.testng.TestRunner.beforeRun(TestRunner.java:609)
	at org.testng.TestRunner.run(TestRunner.java:580)
	at org.testng.SuiteRunner.runTest(SuiteRunner.java:384)
	at org.testng.SuiteRunner.runSequentially(SuiteRunner.java:378)
	at org.testng.SuiteRunner.privateRun(SuiteRunner.java:337)
	at org.testng.SuiteRunner.run(SuiteRunner.java:286)
	at org.testng.SuiteRunnerWorker.runSuite(SuiteRunnerWorker.java:53)
	at org.testng.SuiteRunnerWorker.run(SuiteRunnerWorker.java:96)
	at org.testng.TestNG.runSuitesSequentially(TestNG.java:1187)
	at org.testng.TestNG.runSuitesLocally(TestNG.java:1109)
	at org.testng.TestNG.runSuites(TestNG.java:1039)
	at org.testng.TestNG.run(TestNG.java:1007)
	at org.testng.remote.AbstractRemoteTestNG.run(AbstractRemoteTestNG.java:115)
	at org.testng.remote.RemoteTestNG.initAndRun(RemoteTestNG.java:251)
	at org.testng.remote.RemoteTestNG.main(RemoteTestNG.java:77)
</pre></div></td>
<td>0</td>
<td>TestNG.TestNG_FACEBOOK_OG_IN@47af7f3d</td></tr>
<tr>
<td title='TestNG.TestNG_FACEBOOK_OG_IN.c17()'><b>c17</b><br>Test class: TestNG.TestNG_FACEBOOK_OG_IN</td>
<td><div><pre>org.testng.TestNGException: 
Parameter &apos;BrowserName&apos; is required by BeforeTest on method LaunchBrowser but has not been marked @Optional or defined
in C:\Users\Admin\git\TestProject\MAVEN-PROJECT\testng1.xml
... Removed 21 stack frames</pre></div><a href='#' onClick='toggleBox("stack-trace815320891", this, "Click to show all stack frames", "Click to hide stack frames")'>Click to show all stack frames</a>
<div class='stack-trace' id='stack-trace815320891'><pre>org.testng.TestNGException: 
Parameter &apos;BrowserName&apos; is required by BeforeTest on method LaunchBrowser but has not been marked @Optional or defined
in C:\Users\Admin\git\TestProject\MAVEN-PROJECT\testng1.xml
	at org.testng.internal.Parameters.createParams(Parameters.java:272)
	at org.testng.internal.Parameters.createParametersForMethod(Parameters.java:360)
	at org.testng.internal.Parameters.createParameters(Parameters.java:704)
	at org.testng.internal.Parameters.createConfigurationParameters(Parameters.java:166)
	at org.testng.internal.ConfigInvoker.invokeConfigurations(ConfigInvoker.java:283)
	at org.testng.TestRunner.invokeTestConfigurations(TestRunner.java:619)
	at org.testng.TestRunner.beforeRun(TestRunner.java:609)
	at org.testng.TestRunner.run(TestRunner.java:580)
	at org.testng.SuiteRunner.runTest(SuiteRunner.java:384)
	at org.testng.SuiteRunner.runSequentially(SuiteRunner.java:378)
	at org.testng.SuiteRunner.privateRun(SuiteRunner.java:337)
	at org.testng.SuiteRunner.run(SuiteRunner.java:286)
	at org.testng.SuiteRunnerWorker.runSuite(SuiteRunnerWorker.java:53)
	at org.testng.SuiteRunnerWorker.run(SuiteRunnerWorker.java:96)
	at org.testng.TestNG.runSuitesSequentially(TestNG.java:1187)
	at org.testng.TestNG.runSuitesLocally(TestNG.java:1109)
	at org.testng.TestNG.runSuites(TestNG.java:1039)
	at org.testng.TestNG.run(TestNG.java:1007)
	at org.testng.remote.AbstractRemoteTestNG.run(AbstractRemoteTestNG.java:115)
	at org.testng.remote.RemoteTestNG.initAndRun(RemoteTestNG.java:251)
	at org.testng.remote.RemoteTestNG.main(RemoteTestNG.java:77)
</pre></div></td>
<td>0</td>
<td>TestNG.TestNG_FACEBOOK_OG_IN@47af7f3d</td></tr>
<tr>
<td title='TestNG.TestNG_FACEBOOK_OG_IN.c18()'><b>c18</b><br>Test class: TestNG.TestNG_FACEBOOK_OG_IN</td>
<td><div><pre>org.testng.TestNGException: 
Parameter &apos;BrowserName&apos; is required by BeforeTest on method LaunchBrowser but has not been marked @Optional or defined
in C:\Users\Admin\git\TestProject\MAVEN-PROJECT\testng1.xml
... Removed 21 stack frames</pre></div><a href='#' onClick='toggleBox("stack-trace565372776", this, "Click to show all stack frames", "Click to hide stack frames")'>Click to show all stack frames</a>
<div class='stack-trace' id='stack-trace565372776'><pre>org.testng.TestNGException: 
Parameter &apos;BrowserName&apos; is required by BeforeTest on method LaunchBrowser but has not been marked @Optional or defined
in C:\Users\Admin\git\TestProject\MAVEN-PROJECT\testng1.xml
	at org.testng.internal.Parameters.createParams(Parameters.java:272)
	at org.testng.internal.Parameters.createParametersForMethod(Parameters.java:360)
	at org.testng.internal.Parameters.createParameters(Parameters.java:704)
	at org.testng.internal.Parameters.createConfigurationParameters(Parameters.java:166)
	at org.testng.internal.ConfigInvoker.invokeConfigurations(ConfigInvoker.java:283)
	at org.testng.TestRunner.invokeTestConfigurations(TestRunner.java:619)
	at org.testng.TestRunner.beforeRun(TestRunner.java:609)
	at org.testng.TestRunner.run(TestRunner.java:580)
	at org.testng.SuiteRunner.runTest(SuiteRunner.java:384)
	at org.testng.SuiteRunner.runSequentially(SuiteRunner.java:378)
	at org.testng.SuiteRunner.privateRun(SuiteRunner.java:337)
	at org.testng.SuiteRunner.run(SuiteRunner.java:286)
	at org.testng.SuiteRunnerWorker.runSuite(SuiteRunnerWorker.java:53)
	at org.testng.SuiteRunnerWorker.run(SuiteRunnerWorker.java:96)
	at org.testng.TestNG.runSuitesSequentially(TestNG.java:1187)
	at org.testng.TestNG.runSuitesLocally(TestNG.java:1109)
	at org.testng.TestNG.runSuites(TestNG.java:1039)
	at org.testng.TestNG.run(TestNG.java:1007)
	at org.testng.remote.AbstractRemoteTestNG.run(AbstractRemoteTestNG.java:115)
	at org.testng.remote.RemoteTestNG.initAndRun(RemoteTestNG.java:251)
	at org.testng.remote.RemoteTestNG.main(RemoteTestNG.java:77)
</pre></div></td>
<td>0</td>
<td>TestNG.TestNG_FACEBOOK_OG_IN@47af7f3d</td></tr>
<tr>
<td title='TestNG.TestNG_FACEBOOK_OG_IN.c19()'><b>c19</b><br>Test class: TestNG.TestNG_FACEBOOK_OG_IN</td>
<td><div><pre>org.testng.TestNGException: 
Parameter &apos;BrowserName&apos; is required by BeforeTest on method LaunchBrowser but has not been marked @Optional or defined
in C:\Users\Admin\git\TestProject\MAVEN-PROJECT\testng1.xml
... Removed 21 stack frames</pre></div><a href='#' onClick='toggleBox("stack-trace555273695", this, "Click to show all stack frames", "Click to hide stack frames")'>Click to show all stack frames</a>
<div class='stack-trace' id='stack-trace555273695'><pre>org.testng.TestNGException: 
Parameter &apos;BrowserName&apos; is required by BeforeTest on method LaunchBrowser but has not been marked @Optional or defined
in C:\Users\Admin\git\TestProject\MAVEN-PROJECT\testng1.xml
	at org.testng.internal.Parameters.createParams(Parameters.java:272)
	at org.testng.internal.Parameters.createParametersForMethod(Parameters.java:360)
	at org.testng.internal.Parameters.createParameters(Parameters.java:704)
	at org.testng.internal.Parameters.createConfigurationParameters(Parameters.java:166)
	at org.testng.internal.ConfigInvoker.invokeConfigurations(ConfigInvoker.java:283)
	at org.testng.TestRunner.invokeTestConfigurations(TestRunner.java:619)
	at org.testng.TestRunner.beforeRun(TestRunner.java:609)
	at org.testng.TestRunner.run(TestRunner.java:580)
	at org.testng.SuiteRunner.runTest(SuiteRunner.java:384)
	at org.testng.SuiteRunner.runSequentially(SuiteRunner.java:378)
	at org.testng.SuiteRunner.privateRun(SuiteRunner.java:337)
	at org.testng.SuiteRunner.run(SuiteRunner.java:286)
	at org.testng.SuiteRunnerWorker.runSuite(SuiteRunnerWorker.java:53)
	at org.testng.SuiteRunnerWorker.run(SuiteRunnerWorker.java:96)
	at org.testng.TestNG.runSuitesSequentially(TestNG.java:1187)
	at org.testng.TestNG.runSuitesLocally(TestNG.java:1109)
	at org.testng.TestNG.runSuites(TestNG.java:1039)
	at org.testng.TestNG.run(TestNG.java:1007)
	at org.testng.remote.AbstractRemoteTestNG.run(AbstractRemoteTestNG.java:115)
	at org.testng.remote.RemoteTestNG.initAndRun(RemoteTestNG.java:251)
	at org.testng.remote.RemoteTestNG.main(RemoteTestNG.java:77)
</pre></div></td>
<td>0</td>
<td>TestNG.TestNG_FACEBOOK_OG_IN@47af7f3d</td></tr>
<tr>
<td title='TestNG.TestNG_AMAZON.c2()'><b>c2</b><br>Test class: TestNG.TestNG_AMAZON</td>
<td><div><pre>org.testng.TestNGException: 
Parameter &apos;BrowserName&apos; is required by BeforeTest on method LaunchBrowser but has not been marked @Optional or defined
in C:\Users\Admin\git\TestProject\MAVEN-PROJECT\testng1.xml
... Removed 21 stack frames</pre></div><a href='#' onClick='toggleBox("stack-trace1911152052", this, "Click to show all stack frames", "Click to hide stack frames")'>Click to show all stack frames</a>
<div class='stack-trace' id='stack-trace1911152052'><pre>org.testng.TestNGException: 
Parameter &apos;BrowserName&apos; is required by BeforeTest on method LaunchBrowser but has not been marked @Optional or defined
in C:\Users\Admin\git\TestProject\MAVEN-PROJECT\testng1.xml
	at org.testng.internal.Parameters.createParams(Parameters.java:272)
	at org.testng.internal.Parameters.createParametersForMethod(Parameters.java:360)
	at org.testng.internal.Parameters.createParameters(Parameters.java:704)
	at org.testng.internal.Parameters.createConfigurationParameters(Parameters.java:166)
	at org.testng.internal.ConfigInvoker.invokeConfigurations(ConfigInvoker.java:283)
	at org.testng.TestRunner.invokeTestConfigurations(TestRunner.java:619)
	at org.testng.TestRunner.beforeRun(TestRunner.java:609)
	at org.testng.TestRunner.run(TestRunner.java:580)
	at org.testng.SuiteRunner.runTest(SuiteRunner.java:384)
	at org.testng.SuiteRunner.runSequentially(SuiteRunner.java:378)
	at org.testng.SuiteRunner.privateRun(SuiteRunner.java:337)
	at org.testng.SuiteRunner.run(SuiteRunner.java:286)
	at org.testng.SuiteRunnerWorker.runSuite(SuiteRunnerWorker.java:53)
	at org.testng.SuiteRunnerWorker.run(SuiteRunnerWorker.java:96)
	at org.testng.TestNG.runSuitesSequentially(TestNG.java:1187)
	at org.testng.TestNG.runSuitesLocally(TestNG.java:1109)
	at org.testng.TestNG.runSuites(TestNG.java:1039)
	at org.testng.TestNG.run(TestNG.java:1007)
	at org.testng.remote.AbstractRemoteTestNG.run(AbstractRemoteTestNG.java:115)
	at org.testng.remote.RemoteTestNG.initAndRun(RemoteTestNG.java:251)
	at org.testng.remote.RemoteTestNG.main(RemoteTestNG.java:77)
</pre></div></td>
<td>0</td>
<td>TestNG.TestNG_AMAZON@3ce1e309</td></tr>
<tr>
<td title='TestNG.TestNG_FACEBOOK_OG_IN.c2()'><b>c2</b><br>Test class: TestNG.TestNG_FACEBOOK_OG_IN</td>
<td><div><pre>org.testng.TestNGException: 
Parameter &apos;BrowserName&apos; is required by BeforeTest on method LaunchBrowser but has not been marked @Optional or defined
in C:\Users\Admin\git\TestProject\MAVEN-PROJECT\testng1.xml
... Removed 21 stack frames</pre></div><a href='#' onClick='toggleBox("stack-trace1995250556", this, "Click to show all stack frames", "Click to hide stack frames")'>Click to show all stack frames</a>
<div class='stack-trace' id='stack-trace1995250556'><pre>org.testng.TestNGException: 
Parameter &apos;BrowserName&apos; is required by BeforeTest on method LaunchBrowser but has not been marked @Optional or defined
in C:\Users\Admin\git\TestProject\MAVEN-PROJECT\testng1.xml
	at org.testng.internal.Parameters.createParams(Parameters.java:272)
	at org.testng.internal.Parameters.createParametersForMethod(Parameters.java:360)
	at org.testng.internal.Parameters.createParameters(Parameters.java:704)
	at org.testng.internal.Parameters.createConfigurationParameters(Parameters.java:166)
	at org.testng.internal.ConfigInvoker.invokeConfigurations(ConfigInvoker.java:283)
	at org.testng.TestRunner.invokeTestConfigurations(TestRunner.java:619)
	at org.testng.TestRunner.beforeRun(TestRunner.java:609)
	at org.testng.TestRunner.run(TestRunner.java:580)
	at org.testng.SuiteRunner.runTest(SuiteRunner.java:384)
	at org.testng.SuiteRunner.runSequentially(SuiteRunner.java:378)
	at org.testng.SuiteRunner.privateRun(SuiteRunner.java:337)
	at org.testng.SuiteRunner.run(SuiteRunner.java:286)
	at org.testng.SuiteRunnerWorker.runSuite(SuiteRunnerWorker.java:53)
	at org.testng.SuiteRunnerWorker.run(SuiteRunnerWorker.java:96)
	at org.testng.TestNG.runSuitesSequentially(TestNG.java:1187)
	at org.testng.TestNG.runSuitesLocally(TestNG.java:1109)
	at org.testng.TestNG.runSuites(TestNG.java:1039)
	at org.testng.TestNG.run(TestNG.java:1007)
	at org.testng.remote.AbstractRemoteTestNG.run(AbstractRemoteTestNG.java:115)
	at org.testng.remote.RemoteTestNG.initAndRun(RemoteTestNG.java:251)
	at org.testng.remote.RemoteTestNG.main(RemoteTestNG.java:77)
</pre></div></td>
<td>0</td>
<td>TestNG.TestNG_FACEBOOK_OG_IN@47af7f3d</td></tr>
<tr>
<td title='TestNG.TestNG_FACEBOOK_OG_IN.c20()'><b>c20</b><br>Test class: TestNG.TestNG_FACEBOOK_OG_IN</td>
<td><div><pre>org.testng.TestNGException: 
Parameter &apos;BrowserName&apos; is required by BeforeTest on method LaunchBrowser but has not been marked @Optional or defined
in C:\Users\Admin\git\TestProject\MAVEN-PROJECT\testng1.xml
... Removed 21 stack frames</pre></div><a href='#' onClick='toggleBox("stack-trace1647766367", this, "Click to show all stack frames", "Click to hide stack frames")'>Click to show all stack frames</a>
<div class='stack-trace' id='stack-trace1647766367'><pre>org.testng.TestNGException: 
Parameter &apos;BrowserName&apos; is required by BeforeTest on method LaunchBrowser but has not been marked @Optional or defined
in C:\Users\Admin\git\TestProject\MAVEN-PROJECT\testng1.xml
	at org.testng.internal.Parameters.createParams(Parameters.java:272)
	at org.testng.internal.Parameters.createParametersForMethod(Parameters.java:360)
	at org.testng.internal.Parameters.createParameters(Parameters.java:704)
	at org.testng.internal.Parameters.createConfigurationParameters(Parameters.java:166)
	at org.testng.internal.ConfigInvoker.invokeConfigurations(ConfigInvoker.java:283)
	at org.testng.TestRunner.invokeTestConfigurations(TestRunner.java:619)
	at org.testng.TestRunner.beforeRun(TestRunner.java:609)
	at org.testng.TestRunner.run(TestRunner.java:580)
	at org.testng.SuiteRunner.runTest(SuiteRunner.java:384)
	at org.testng.SuiteRunner.runSequentially(SuiteRunner.java:378)
	at org.testng.SuiteRunner.privateRun(SuiteRunner.java:337)
	at org.testng.SuiteRunner.run(SuiteRunner.java:286)
	at org.testng.SuiteRunnerWorker.runSuite(SuiteRunnerWorker.java:53)
	at org.testng.SuiteRunnerWorker.run(SuiteRunnerWorker.java:96)
	at org.testng.TestNG.runSuitesSequentially(TestNG.java:1187)
	at org.testng.TestNG.runSuitesLocally(TestNG.java:1109)
	at org.testng.TestNG.runSuites(TestNG.java:1039)
	at org.testng.TestNG.run(TestNG.java:1007)
	at org.testng.remote.AbstractRemoteTestNG.run(AbstractRemoteTestNG.java:115)
	at org.testng.remote.RemoteTestNG.initAndRun(RemoteTestNG.java:251)
	at org.testng.remote.RemoteTestNG.main(RemoteTestNG.java:77)
</pre></div></td>
<td>0</td>
<td>TestNG.TestNG_FACEBOOK_OG_IN@47af7f3d</td></tr>
<tr>
<td title='TestNG.TestNG_AMAZON.c3()'><b>c3</b><br>Test class: TestNG.TestNG_AMAZON</td>
<td><div><pre>org.testng.TestNGException: 
Parameter &apos;BrowserName&apos; is required by BeforeTest on method LaunchBrowser but has not been marked @Optional or defined
in C:\Users\Admin\git\TestProject\MAVEN-PROJECT\testng1.xml
... Removed 21 stack frames</pre></div><a href='#' onClick='toggleBox("stack-trace1525409936", this, "Click to show all stack frames", "Click to hide stack frames")'>Click to show all stack frames</a>
<div class='stack-trace' id='stack-trace1525409936'><pre>org.testng.TestNGException: 
Parameter &apos;BrowserName&apos; is required by BeforeTest on method LaunchBrowser but has not been marked @Optional or defined
in C:\Users\Admin\git\TestProject\MAVEN-PROJECT\testng1.xml
	at org.testng.internal.Parameters.createParams(Parameters.java:272)
	at org.testng.internal.Parameters.createParametersForMethod(Parameters.java:360)
	at org.testng.internal.Parameters.createParameters(Parameters.java:704)
	at org.testng.internal.Parameters.createConfigurationParameters(Parameters.java:166)
	at org.testng.internal.ConfigInvoker.invokeConfigurations(ConfigInvoker.java:283)
	at org.testng.TestRunner.invokeTestConfigurations(TestRunner.java:619)
	at org.testng.TestRunner.beforeRun(TestRunner.java:609)
	at org.testng.TestRunner.run(TestRunner.java:580)
	at org.testng.SuiteRunner.runTest(SuiteRunner.java:384)
	at org.testng.SuiteRunner.runSequentially(SuiteRunner.java:378)
	at org.testng.SuiteRunner.privateRun(SuiteRunner.java:337)
	at org.testng.SuiteRunner.run(SuiteRunner.java:286)
	at org.testng.SuiteRunnerWorker.runSuite(SuiteRunnerWorker.java:53)
	at org.testng.SuiteRunnerWorker.run(SuiteRunnerWorker.java:96)
	at org.testng.TestNG.runSuitesSequentially(TestNG.java:1187)
	at org.testng.TestNG.runSuitesLocally(TestNG.java:1109)
	at org.testng.TestNG.runSuites(TestNG.java:1039)
	at org.testng.TestNG.run(TestNG.java:1007)
	at org.testng.remote.AbstractRemoteTestNG.run(AbstractRemoteTestNG.java:115)
	at org.testng.remote.RemoteTestNG.initAndRun(RemoteTestNG.java:251)
	at org.testng.remote.RemoteTestNG.main(RemoteTestNG.java:77)
</pre></div></td>
<td>0</td>
<td>TestNG.TestNG_AMAZON@3ce1e309</td></tr>
<tr>
<td title='TestNG.TestNG_FACEBOOK_OG_IN.c3()'><b>c3</b><br>Test class: TestNG.TestNG_FACEBOOK_OG_IN</td>
<td><div><pre>org.testng.TestNGException: 
Parameter &apos;BrowserName&apos; is required by BeforeTest on method LaunchBrowser but has not been marked @Optional or defined
in C:\Users\Admin\git\TestProject\MAVEN-PROJECT\testng1.xml
... Removed 21 stack frames</pre></div><a href='#' onClick='toggleBox("stack-trace1730704097", this, "Click to show all stack frames", "Click to hide stack frames")'>Click to show all stack frames</a>
<div class='stack-trace' id='stack-trace1730704097'><pre>org.testng.TestNGException: 
Parameter &apos;BrowserName&apos; is required by BeforeTest on method LaunchBrowser but has not been marked @Optional or defined
in C:\Users\Admin\git\TestProject\MAVEN-PROJECT\testng1.xml
	at org.testng.internal.Parameters.createParams(Parameters.java:272)
	at org.testng.internal.Parameters.createParametersForMethod(Parameters.java:360)
	at org.testng.internal.Parameters.createParameters(Parameters.java:704)
	at org.testng.internal.Parameters.createConfigurationParameters(Parameters.java:166)
	at org.testng.internal.ConfigInvoker.invokeConfigurations(ConfigInvoker.java:283)
	at org.testng.TestRunner.invokeTestConfigurations(TestRunner.java:619)
	at org.testng.TestRunner.beforeRun(TestRunner.java:609)
	at org.testng.TestRunner.run(TestRunner.java:580)
	at org.testng.SuiteRunner.runTest(SuiteRunner.java:384)
	at org.testng.SuiteRunner.runSequentially(SuiteRunner.java:378)
	at org.testng.SuiteRunner.privateRun(SuiteRunner.java:337)
	at org.testng.SuiteRunner.run(SuiteRunner.java:286)
	at org.testng.SuiteRunnerWorker.runSuite(SuiteRunnerWorker.java:53)
	at org.testng.SuiteRunnerWorker.run(SuiteRunnerWorker.java:96)
	at org.testng.TestNG.runSuitesSequentially(TestNG.java:1187)
	at org.testng.TestNG.runSuitesLocally(TestNG.java:1109)
	at org.testng.TestNG.runSuites(TestNG.java:1039)
	at org.testng.TestNG.run(TestNG.java:1007)
	at org.testng.remote.AbstractRemoteTestNG.run(AbstractRemoteTestNG.java:115)
	at org.testng.remote.RemoteTestNG.initAndRun(RemoteTestNG.java:251)
	at org.testng.remote.RemoteTestNG.main(RemoteTestNG.java:77)
</pre></div></td>
<td>0</td>
<td>TestNG.TestNG_FACEBOOK_OG_IN@47af7f3d</td></tr>
<tr>
<td title='TestNG.TestNG_AMAZON.c4()'><b>c4</b><br>Test class: TestNG.TestNG_AMAZON</td>
<td><div><pre>org.testng.TestNGException: 
Parameter &apos;BrowserName&apos; is required by BeforeTest on method LaunchBrowser but has not been marked @Optional or defined
in C:\Users\Admin\git\TestProject\MAVEN-PROJECT\testng1.xml
... Removed 21 stack frames</pre></div><a href='#' onClick='toggleBox("stack-trace1977310713", this, "Click to show all stack frames", "Click to hide stack frames")'>Click to show all stack frames</a>
<div class='stack-trace' id='stack-trace1977310713'><pre>org.testng.TestNGException: 
Parameter &apos;BrowserName&apos; is required by BeforeTest on method LaunchBrowser but has not been marked @Optional or defined
in C:\Users\Admin\git\TestProject\MAVEN-PROJECT\testng1.xml
	at org.testng.internal.Parameters.createParams(Parameters.java:272)
	at org.testng.internal.Parameters.createParametersForMethod(Parameters.java:360)
	at org.testng.internal.Parameters.createParameters(Parameters.java:704)
	at org.testng.internal.Parameters.createConfigurationParameters(Parameters.java:166)
	at org.testng.internal.ConfigInvoker.invokeConfigurations(ConfigInvoker.java:283)
	at org.testng.TestRunner.invokeTestConfigurations(TestRunner.java:619)
	at org.testng.TestRunner.beforeRun(TestRunner.java:609)
	at org.testng.TestRunner.run(TestRunner.java:580)
	at org.testng.SuiteRunner.runTest(SuiteRunner.java:384)
	at org.testng.SuiteRunner.runSequentially(SuiteRunner.java:378)
	at org.testng.SuiteRunner.privateRun(SuiteRunner.java:337)
	at org.testng.SuiteRunner.run(SuiteRunner.java:286)
	at org.testng.SuiteRunnerWorker.runSuite(SuiteRunnerWorker.java:53)
	at org.testng.SuiteRunnerWorker.run(SuiteRunnerWorker.java:96)
	at org.testng.TestNG.runSuitesSequentially(TestNG.java:1187)
	at org.testng.TestNG.runSuitesLocally(TestNG.java:1109)
	at org.testng.TestNG.runSuites(TestNG.java:1039)
	at org.testng.TestNG.run(TestNG.java:1007)
	at org.testng.remote.AbstractRemoteTestNG.run(AbstractRemoteTestNG.java:115)
	at org.testng.remote.RemoteTestNG.initAndRun(RemoteTestNG.java:251)
	at org.testng.remote.RemoteTestNG.main(RemoteTestNG.java:77)
</pre></div></td>
<td>0</td>
<td>TestNG.TestNG_AMAZON@3ce1e309</td></tr>
<tr>
<td title='TestNG.TestNG_FACEBOOK_OG_IN.c4()'><b>c4</b><br>Test class: TestNG.TestNG_FACEBOOK_OG_IN</td>
<td><div><pre>org.testng.TestNGException: 
Parameter &apos;BrowserName&apos; is required by BeforeTest on method LaunchBrowser but has not been marked @Optional or defined
in C:\Users\Admin\git\TestProject\MAVEN-PROJECT\testng1.xml
... Removed 21 stack frames</pre></div><a href='#' onClick='toggleBox("stack-trace726379593", this, "Click to show all stack frames", "Click to hide stack frames")'>Click to show all stack frames</a>
<div class='stack-trace' id='stack-trace726379593'><pre>org.testng.TestNGException: 
Parameter &apos;BrowserName&apos; is required by BeforeTest on method LaunchBrowser but has not been marked @Optional or defined
in C:\Users\Admin\git\TestProject\MAVEN-PROJECT\testng1.xml
	at org.testng.internal.Parameters.createParams(Parameters.java:272)
	at org.testng.internal.Parameters.createParametersForMethod(Parameters.java:360)
	at org.testng.internal.Parameters.createParameters(Parameters.java:704)
	at org.testng.internal.Parameters.createConfigurationParameters(Parameters.java:166)
	at org.testng.internal.ConfigInvoker.invokeConfigurations(ConfigInvoker.java:283)
	at org.testng.TestRunner.invokeTestConfigurations(TestRunner.java:619)
	at org.testng.TestRunner.beforeRun(TestRunner.java:609)
	at org.testng.TestRunner.run(TestRunner.java:580)
	at org.testng.SuiteRunner.runTest(SuiteRunner.java:384)
	at org.testng.SuiteRunner.runSequentially(SuiteRunner.java:378)
	at org.testng.SuiteRunner.privateRun(SuiteRunner.java:337)
	at org.testng.SuiteRunner.run(SuiteRunner.java:286)
	at org.testng.SuiteRunnerWorker.runSuite(SuiteRunnerWorker.java:53)
	at org.testng.SuiteRunnerWorker.run(SuiteRunnerWorker.java:96)
	at org.testng.TestNG.runSuitesSequentially(TestNG.java:1187)
	at org.testng.TestNG.runSuitesLocally(TestNG.java:1109)
	at org.testng.TestNG.runSuites(TestNG.java:1039)
	at org.testng.TestNG.run(TestNG.java:1007)
	at org.testng.remote.AbstractRemoteTestNG.run(AbstractRemoteTestNG.java:115)
	at org.testng.remote.RemoteTestNG.initAndRun(RemoteTestNG.java:251)
	at org.testng.remote.RemoteTestNG.main(RemoteTestNG.java:77)
</pre></div></td>
<td>0</td>
<td>TestNG.TestNG_FACEBOOK_OG_IN@47af7f3d</td></tr>
<tr>
<td title='TestNG.TestNG_AMAZON.c5()'><b>c5</b><br>Test class: TestNG.TestNG_AMAZON</td>
<td><div><pre>org.testng.TestNGException: 
Parameter &apos;BrowserName&apos; is required by BeforeTest on method LaunchBrowser but has not been marked @Optional or defined
in C:\Users\Admin\git\TestProject\MAVEN-PROJECT\testng1.xml
... Removed 21 stack frames</pre></div><a href='#' onClick='toggleBox("stack-trace1955920234", this, "Click to show all stack frames", "Click to hide stack frames")'>Click to show all stack frames</a>
<div class='stack-trace' id='stack-trace1955920234'><pre>org.testng.TestNGException: 
Parameter &apos;BrowserName&apos; is required by BeforeTest on method LaunchBrowser but has not been marked @Optional or defined
in C:\Users\Admin\git\TestProject\MAVEN-PROJECT\testng1.xml
	at org.testng.internal.Parameters.createParams(Parameters.java:272)
	at org.testng.internal.Parameters.createParametersForMethod(Parameters.java:360)
	at org.testng.internal.Parameters.createParameters(Parameters.java:704)
	at org.testng.internal.Parameters.createConfigurationParameters(Parameters.java:166)
	at org.testng.internal.ConfigInvoker.invokeConfigurations(ConfigInvoker.java:283)
	at org.testng.TestRunner.invokeTestConfigurations(TestRunner.java:619)
	at org.testng.TestRunner.beforeRun(TestRunner.java:609)
	at org.testng.TestRunner.run(TestRunner.java:580)
	at org.testng.SuiteRunner.runTest(SuiteRunner.java:384)
	at org.testng.SuiteRunner.runSequentially(SuiteRunner.java:378)
	at org.testng.SuiteRunner.privateRun(SuiteRunner.java:337)
	at org.testng.SuiteRunner.run(SuiteRunner.java:286)
	at org.testng.SuiteRunnerWorker.runSuite(SuiteRunnerWorker.java:53)
	at org.testng.SuiteRunnerWorker.run(SuiteRunnerWorker.java:96)
	at org.testng.TestNG.runSuitesSequentially(TestNG.java:1187)
	at org.testng.TestNG.runSuitesLocally(TestNG.java:1109)
	at org.testng.TestNG.runSuites(TestNG.java:1039)
	at org.testng.TestNG.run(TestNG.java:1007)
	at org.testng.remote.AbstractRemoteTestNG.run(AbstractRemoteTestNG.java:115)
	at org.testng.remote.RemoteTestNG.initAndRun(RemoteTestNG.java:251)
	at org.testng.remote.RemoteTestNG.main(RemoteTestNG.java:77)
</pre></div></td>
<td>0</td>
<td>TestNG.TestNG_AMAZON@3ce1e309</td></tr>
<tr>
<td title='TestNG.TestNG_FACEBOOK_OG_IN.c5()'><b>c5</b><br>Test class: TestNG.TestNG_FACEBOOK_OG_IN</td>
<td><div><pre>org.testng.TestNGException: 
Parameter &apos;BrowserName&apos; is required by BeforeTest on method LaunchBrowser but has not been marked @Optional or defined
in C:\Users\Admin\git\TestProject\MAVEN-PROJECT\testng1.xml
... Removed 21 stack frames</pre></div><a href='#' onClick='toggleBox("stack-trace1050065615", this, "Click to show all stack frames", "Click to hide stack frames")'>Click to show all stack frames</a>
<div class='stack-trace' id='stack-trace1050065615'><pre>org.testng.TestNGException: 
Parameter &apos;BrowserName&apos; is required by BeforeTest on method LaunchBrowser but has not been marked @Optional or defined
in C:\Users\Admin\git\TestProject\MAVEN-PROJECT\testng1.xml
	at org.testng.internal.Parameters.createParams(Parameters.java:272)
	at org.testng.internal.Parameters.createParametersForMethod(Parameters.java:360)
	at org.testng.internal.Parameters.createParameters(Parameters.java:704)
	at org.testng.internal.Parameters.createConfigurationParameters(Parameters.java:166)
	at org.testng.internal.ConfigInvoker.invokeConfigurations(ConfigInvoker.java:283)
	at org.testng.TestRunner.invokeTestConfigurations(TestRunner.java:619)
	at org.testng.TestRunner.beforeRun(TestRunner.java:609)
	at org.testng.TestRunner.run(TestRunner.java:580)
	at org.testng.SuiteRunner.runTest(SuiteRunner.java:384)
	at org.testng.SuiteRunner.runSequentially(SuiteRunner.java:378)
	at org.testng.SuiteRunner.privateRun(SuiteRunner.java:337)
	at org.testng.SuiteRunner.run(SuiteRunner.java:286)
	at org.testng.SuiteRunnerWorker.runSuite(SuiteRunnerWorker.java:53)
	at org.testng.SuiteRunnerWorker.run(SuiteRunnerWorker.java:96)
	at org.testng.TestNG.runSuitesSequentially(TestNG.java:1187)
	at org.testng.TestNG.runSuitesLocally(TestNG.java:1109)
	at org.testng.TestNG.runSuites(TestNG.java:1039)
	at org.testng.TestNG.run(TestNG.java:1007)
	at org.testng.remote.AbstractRemoteTestNG.run(AbstractRemoteTestNG.java:115)
	at org.testng.remote.RemoteTestNG.initAndRun(RemoteTestNG.java:251)
	at org.testng.remote.RemoteTestNG.main(RemoteTestNG.java:77)
</pre></div></td>
<td>0</td>
<td>TestNG.TestNG_FACEBOOK_OG_IN@47af7f3d</td></tr>
<tr>
<td title='TestNG.TestNG_FACEBOOK_OG_IN.c6()'><b>c6</b><br>Test class: TestNG.TestNG_FACEBOOK_OG_IN</td>
<td><div><pre>org.testng.TestNGException: 
Parameter &apos;BrowserName&apos; is required by BeforeTest on method LaunchBrowser but has not been marked @Optional or defined
in C:\Users\Admin\git\TestProject\MAVEN-PROJECT\testng1.xml
... Removed 21 stack frames</pre></div><a href='#' onClick='toggleBox("stack-trace2089016471", this, "Click to show all stack frames", "Click to hide stack frames")'>Click to show all stack frames</a>
<div class='stack-trace' id='stack-trace2089016471'><pre>org.testng.TestNGException: 
Parameter &apos;BrowserName&apos; is required by BeforeTest on method LaunchBrowser but has not been marked @Optional or defined
in C:\Users\Admin\git\TestProject\MAVEN-PROJECT\testng1.xml
	at org.testng.internal.Parameters.createParams(Parameters.java:272)
	at org.testng.internal.Parameters.createParametersForMethod(Parameters.java:360)
	at org.testng.internal.Parameters.createParameters(Parameters.java:704)
	at org.testng.internal.Parameters.createConfigurationParameters(Parameters.java:166)
	at org.testng.internal.ConfigInvoker.invokeConfigurations(ConfigInvoker.java:283)
	at org.testng.TestRunner.invokeTestConfigurations(TestRunner.java:619)
	at org.testng.TestRunner.beforeRun(TestRunner.java:609)
	at org.testng.TestRunner.run(TestRunner.java:580)
	at org.testng.SuiteRunner.runTest(SuiteRunner.java:384)
	at org.testng.SuiteRunner.runSequentially(SuiteRunner.java:378)
	at org.testng.SuiteRunner.privateRun(SuiteRunner.java:337)
	at org.testng.SuiteRunner.run(SuiteRunner.java:286)
	at org.testng.SuiteRunnerWorker.runSuite(SuiteRunnerWorker.java:53)
	at org.testng.SuiteRunnerWorker.run(SuiteRunnerWorker.java:96)
	at org.testng.TestNG.runSuitesSequentially(TestNG.java:1187)
	at org.testng.TestNG.runSuitesLocally(TestNG.java:1109)
	at org.testng.TestNG.runSuites(TestNG.java:1039)
	at org.testng.TestNG.run(TestNG.java:1007)
	at org.testng.remote.AbstractRemoteTestNG.run(AbstractRemoteTestNG.java:115)
	at org.testng.remote.RemoteTestNG.initAndRun(RemoteTestNG.java:251)
	at org.testng.remote.RemoteTestNG.main(RemoteTestNG.java:77)
</pre></div></td>
<td>0</td>
<td>TestNG.TestNG_FACEBOOK_OG_IN@47af7f3d</td></tr>
<tr>
<td title='TestNG.TestNG_FACEBOOK_OG_IN.c7()'><b>c7</b><br>Test class: TestNG.TestNG_FACEBOOK_OG_IN</td>
<td><div><pre>org.testng.TestNGException: 
Parameter &apos;BrowserName&apos; is required by BeforeTest on method LaunchBrowser but has not been marked @Optional or defined
in C:\Users\Admin\git\TestProject\MAVEN-PROJECT\testng1.xml
... Removed 21 stack frames</pre></div><a href='#' onClick='toggleBox("stack-trace938545229", this, "Click to show all stack frames", "Click to hide stack frames")'>Click to show all stack frames</a>
<div class='stack-trace' id='stack-trace938545229'><pre>org.testng.TestNGException: 
Parameter &apos;BrowserName&apos; is required by BeforeTest on method LaunchBrowser but has not been marked @Optional or defined
in C:\Users\Admin\git\TestProject\MAVEN-PROJECT\testng1.xml
	at org.testng.internal.Parameters.createParams(Parameters.java:272)
	at org.testng.internal.Parameters.createParametersForMethod(Parameters.java:360)
	at org.testng.internal.Parameters.createParameters(Parameters.java:704)
	at org.testng.internal.Parameters.createConfigurationParameters(Parameters.java:166)
	at org.testng.internal.ConfigInvoker.invokeConfigurations(ConfigInvoker.java:283)
	at org.testng.TestRunner.invokeTestConfigurations(TestRunner.java:619)
	at org.testng.TestRunner.beforeRun(TestRunner.java:609)
	at org.testng.TestRunner.run(TestRunner.java:580)
	at org.testng.SuiteRunner.runTest(SuiteRunner.java:384)
	at org.testng.SuiteRunner.runSequentially(SuiteRunner.java:378)
	at org.testng.SuiteRunner.privateRun(SuiteRunner.java:337)
	at org.testng.SuiteRunner.run(SuiteRunner.java:286)
	at org.testng.SuiteRunnerWorker.runSuite(SuiteRunnerWorker.java:53)
	at org.testng.SuiteRunnerWorker.run(SuiteRunnerWorker.java:96)
	at org.testng.TestNG.runSuitesSequentially(TestNG.java:1187)
	at org.testng.TestNG.runSuitesLocally(TestNG.java:1109)
	at org.testng.TestNG.runSuites(TestNG.java:1039)
	at org.testng.TestNG.run(TestNG.java:1007)
	at org.testng.remote.AbstractRemoteTestNG.run(AbstractRemoteTestNG.java:115)
	at org.testng.remote.RemoteTestNG.initAndRun(RemoteTestNG.java:251)
	at org.testng.remote.RemoteTestNG.main(RemoteTestNG.java:77)
</pre></div></td>
<td>0</td>
<td>TestNG.TestNG_FACEBOOK_OG_IN@47af7f3d</td></tr>
<tr>
<td title='TestNG.TestNG_FACEBOOK_OG_IN.c8()'><b>c8</b><br>Test class: TestNG.TestNG_FACEBOOK_OG_IN</td>
<td><div><pre>org.testng.TestNGException: 
Parameter &apos;BrowserName&apos; is required by BeforeTest on method LaunchBrowser but has not been marked @Optional or defined
in C:\Users\Admin\git\TestProject\MAVEN-PROJECT\testng1.xml
... Removed 21 stack frames</pre></div><a href='#' onClick='toggleBox("stack-trace794075965", this, "Click to show all stack frames", "Click to hide stack frames")'>Click to show all stack frames</a>
<div class='stack-trace' id='stack-trace794075965'><pre>org.testng.TestNGException: 
Parameter &apos;BrowserName&apos; is required by BeforeTest on method LaunchBrowser but has not been marked @Optional or defined
in C:\Users\Admin\git\TestProject\MAVEN-PROJECT\testng1.xml
	at org.testng.internal.Parameters.createParams(Parameters.java:272)
	at org.testng.internal.Parameters.createParametersForMethod(Parameters.java:360)
	at org.testng.internal.Parameters.createParameters(Parameters.java:704)
	at org.testng.internal.Parameters.createConfigurationParameters(Parameters.java:166)
	at org.testng.internal.ConfigInvoker.invokeConfigurations(ConfigInvoker.java:283)
	at org.testng.TestRunner.invokeTestConfigurations(TestRunner.java:619)
	at org.testng.TestRunner.beforeRun(TestRunner.java:609)
	at org.testng.TestRunner.run(TestRunner.java:580)
	at org.testng.SuiteRunner.runTest(SuiteRunner.java:384)
	at org.testng.SuiteRunner.runSequentially(SuiteRunner.java:378)
	at org.testng.SuiteRunner.privateRun(SuiteRunner.java:337)
	at org.testng.SuiteRunner.run(SuiteRunner.java:286)
	at org.testng.SuiteRunnerWorker.runSuite(SuiteRunnerWorker.java:53)
	at org.testng.SuiteRunnerWorker.run(SuiteRunnerWorker.java:96)
	at org.testng.TestNG.runSuitesSequentially(TestNG.java:1187)
	at org.testng.TestNG.runSuitesLocally(TestNG.java:1109)
	at org.testng.TestNG.runSuites(TestNG.java:1039)
	at org.testng.TestNG.run(TestNG.java:1007)
	at org.testng.remote.AbstractRemoteTestNG.run(AbstractRemoteTestNG.java:115)
	at org.testng.remote.RemoteTestNG.initAndRun(RemoteTestNG.java:251)
	at org.testng.remote.RemoteTestNG.main(RemoteTestNG.java:77)
</pre></div></td>
<td>0</td>
<td>TestNG.TestNG_FACEBOOK_OG_IN@47af7f3d</td></tr>
<tr>
<td title='TestNG.TestNG_FACEBOOK_OG_IN.c9()'><b>c9</b><br>Test class: TestNG.TestNG_FACEBOOK_OG_IN</td>
<td><div><pre>org.testng.TestNGException: 
Parameter &apos;BrowserName&apos; is required by BeforeTest on method LaunchBrowser but has not been marked @Optional or defined
in C:\Users\Admin\git\TestProject\MAVEN-PROJECT\testng1.xml
... Removed 21 stack frames</pre></div><a href='#' onClick='toggleBox("stack-trace254801937", this, "Click to show all stack frames", "Click to hide stack frames")'>Click to show all stack frames</a>
<div class='stack-trace' id='stack-trace254801937'><pre>org.testng.TestNGException: 
Parameter &apos;BrowserName&apos; is required by BeforeTest on method LaunchBrowser but has not been marked @Optional or defined
in C:\Users\Admin\git\TestProject\MAVEN-PROJECT\testng1.xml
	at org.testng.internal.Parameters.createParams(Parameters.java:272)
	at org.testng.internal.Parameters.createParametersForMethod(Parameters.java:360)
	at org.testng.internal.Parameters.createParameters(Parameters.java:704)
	at org.testng.internal.Parameters.createConfigurationParameters(Parameters.java:166)
	at org.testng.internal.ConfigInvoker.invokeConfigurations(ConfigInvoker.java:283)
	at org.testng.TestRunner.invokeTestConfigurations(TestRunner.java:619)
	at org.testng.TestRunner.beforeRun(TestRunner.java:609)
	at org.testng.TestRunner.run(TestRunner.java:580)
	at org.testng.SuiteRunner.runTest(SuiteRunner.java:384)
	at org.testng.SuiteRunner.runSequentially(SuiteRunner.java:378)
	at org.testng.SuiteRunner.privateRun(SuiteRunner.java:337)
	at org.testng.SuiteRunner.run(SuiteRunner.java:286)
	at org.testng.SuiteRunnerWorker.runSuite(SuiteRunnerWorker.java:53)
	at org.testng.SuiteRunnerWorker.run(SuiteRunnerWorker.java:96)
	at org.testng.TestNG.runSuitesSequentially(TestNG.java:1187)
	at org.testng.TestNG.runSuitesLocally(TestNG.java:1109)
	at org.testng.TestNG.runSuites(TestNG.java:1039)
	at org.testng.TestNG.run(TestNG.java:1007)
	at org.testng.remote.AbstractRemoteTestNG.run(AbstractRemoteTestNG.java:115)
	at org.testng.remote.RemoteTestNG.initAndRun(RemoteTestNG.java:251)
	at org.testng.remote.RemoteTestNG.main(RemoteTestNG.java:77)
</pre></div></td>
<td>0</td>
<td>TestNG.TestNG_FACEBOOK_OG_IN@47af7f3d</td></tr>
<tr>
<td title='TestNG.TestNG_IRCTC.d()'><b>d</b><br>Test class: TestNG.TestNG_IRCTC</td>
<td><div><pre>org.testng.TestNGException: 
Parameter &apos;BrowserName&apos; is required by BeforeTest on method LaunchBrowser but has not been marked @Optional or defined
in C:\Users\Admin\git\TestProject\MAVEN-PROJECT\testng1.xml
... Removed 21 stack frames</pre></div><a href='#' onClick='toggleBox("stack-trace954702563", this, "Click to show all stack frames", "Click to hide stack frames")'>Click to show all stack frames</a>
<div class='stack-trace' id='stack-trace954702563'><pre>org.testng.TestNGException: 
Parameter &apos;BrowserName&apos; is required by BeforeTest on method LaunchBrowser but has not been marked @Optional or defined
in C:\Users\Admin\git\TestProject\MAVEN-PROJECT\testng1.xml
	at org.testng.internal.Parameters.createParams(Parameters.java:272)
	at org.testng.internal.Parameters.createParametersForMethod(Parameters.java:360)
	at org.testng.internal.Parameters.createParameters(Parameters.java:704)
	at org.testng.internal.Parameters.createConfigurationParameters(Parameters.java:166)
	at org.testng.internal.ConfigInvoker.invokeConfigurations(ConfigInvoker.java:283)
	at org.testng.TestRunner.invokeTestConfigurations(TestRunner.java:619)
	at org.testng.TestRunner.beforeRun(TestRunner.java:609)
	at org.testng.TestRunner.run(TestRunner.java:580)
	at org.testng.SuiteRunner.runTest(SuiteRunner.java:384)
	at org.testng.SuiteRunner.runSequentially(SuiteRunner.java:378)
	at org.testng.SuiteRunner.privateRun(SuiteRunner.java:337)
	at org.testng.SuiteRunner.run(SuiteRunner.java:286)
	at org.testng.SuiteRunnerWorker.runSuite(SuiteRunnerWorker.java:53)
	at org.testng.SuiteRunnerWorker.run(SuiteRunnerWorker.java:96)
	at org.testng.TestNG.runSuitesSequentially(TestNG.java:1187)
	at org.testng.TestNG.runSuitesLocally(TestNG.java:1109)
	at org.testng.TestNG.runSuites(TestNG.java:1039)
	at org.testng.TestNG.run(TestNG.java:1007)
	at org.testng.remote.AbstractRemoteTestNG.run(AbstractRemoteTestNG.java:115)
	at org.testng.remote.RemoteTestNG.initAndRun(RemoteTestNG.java:251)
	at org.testng.remote.RemoteTestNG.main(RemoteTestNG.java:77)
</pre></div></td>
<td>0</td>
<td>TestNG.TestNG_IRCTC@74e52303</td></tr>
</table><p>
</body>
</html>