<?xml version="1.0" encoding="UTF-8"?>
<!-- Generated by org.testng.reporters.JUnitReportReporter -->
<testsuite hostname="DESKTOP-7JIC17V" failures="0" tests="21" name="TestNG_FACEBOOK_OG_IN" time="64.210" errors="1" timestamp="2022-09-19T12:28:14 IST" skipped="16">
  <testcase classname="TestNG_FACEBOOK_OG_IN" name="c13" time="14.448">
    <skipped/>
  </testcase> <!-- c13 -->
  <system-out/>
  <testcase classname="TestNG_FACEBOOK_OG_IN" name="c18" time="16.067">
    <skipped/>
  </testcase> <!-- c18 -->
  <system-out/>
  <testcase classname="TestNG_FACEBOOK_OG_IN" name="c2" time="15.565">
    <skipped/>
  </testcase> <!-- c2 -->
  <system-out/>
  <testcase classname="TestNG_FACEBOOK_OG_IN" name="x" time="15.503">
    <error message="element click intercepted: Element &lt;span class=&quot;gvxzyvdx aeinzg81 t7p7dqev gh25dzvf exr7barw b6ax4al1 gem102v4 ncib64c9 mrvwc6qr sx8pxkcf f597kf1v cpcgwwas m2nijcs8 hxfwr5lz k1z55t6l oog5qr5w tpi2lg9u pbevjfx6 ztn2w49o&quot; dir=&quot;auto&quot;&gt;...&lt;/span&gt; is not clickable at point (1177, 387). Other element would receive the click: &lt;div class=&quot;th8rvtx1 f7rl1if4 adechonz rufpak1n qtovjlwq qbmienfq rfyhaz4c rdmi1yqr ohrdq8us nswx41af fawcizw8 l1aqi3e3 om3e55n1 sdu1flz4 dahkl6ri&quot; tabindex=&quot;-1&quot;&gt;...&lt;/div&gt;
  (Session info: chrome=105.0.5195.127)
Build info: version: &#039;3.141.59&#039;, revision: &#039;e82be7d358&#039;, time: &#039;2018-11-14T08:17:03&#039;
System info: host: &#039;DESKTOP-7JIC17V&#039;, ip: &#039;192.168.43.31&#039;, os.name: &#039;Windows 10&#039;, os.arch: &#039;amd64&#039;, os.version: &#039;10.0&#039;, java.version: &#039;18.0.1.1&#039;
Driver info: org.openqa.selenium.chrome.ChromeDriver
Capabilities {acceptInsecureCerts: false, browserName: chrome, browserVersion: 105.0.5195.127, chrome: {chromedriverVersion: 105.0.5195.52 (412c95e51883..., userDataDir: C:\Users\Admin\AppData\Loca...}, goog:chromeOptions: {debuggerAddress: localhost:11043}, javascriptEnabled: true, networkConnectionEnabled: false, pageLoadStrategy: normal, platform: WINDOWS, platformName: WINDOWS, proxy: Proxy(), setWindowRect: true, strictFileInteractability: false, timeouts: {implicit: 0, pageLoad: 300000, script: 30000}, unhandledPromptBehavior: dismiss and notify, webauthn:extension:credBlob: true, webauthn:extension:largeBlob: true, webauthn:virtualAuthenticators: true}
Session ID: af9485a435c9b215aed1effe4b49f3f2" type="org.openqa.selenium.ElementClickInterceptedException">
      <![CDATA[org.openqa.selenium.ElementClickInterceptedException: element click intercepted: Element <span class="gvxzyvdx aeinzg81 t7p7dqev gh25dzvf exr7barw b6ax4al1 gem102v4 ncib64c9 mrvwc6qr sx8pxkcf f597kf1v cpcgwwas m2nijcs8 hxfwr5lz k1z55t6l oog5qr5w tpi2lg9u pbevjfx6 ztn2w49o" dir="auto">...</span> is not clickable at point (1177, 387). Other element would receive the click: <div class="th8rvtx1 f7rl1if4 adechonz rufpak1n qtovjlwq qbmienfq rfyhaz4c rdmi1yqr ohrdq8us nswx41af fawcizw8 l1aqi3e3 om3e55n1 sdu1flz4 dahkl6ri" tabindex="-1">...</div>
  (Session info: chrome=105.0.5195.127)
Build info: version: '3.141.59', revision: 'e82be7d358', time: '2018-11-14T08:17:03'
System info: host: 'DESKTOP-7JIC17V', ip: '192.168.43.31', os.name: 'Windows 10', os.arch: 'amd64', os.version: '10.0', java.version: '18.0.1.1'
Driver info: org.openqa.selenium.chrome.ChromeDriver
Capabilities {acceptInsecureCerts: false, browserName: chrome, browserVersion: 105.0.5195.127, chrome: {chromedriverVersion: 105.0.5195.52 (412c95e51883..., userDataDir: C:\Users\Admin\AppData\Loca...}, goog:chromeOptions: {debuggerAddress: localhost:11043}, javascriptEnabled: true, networkConnectionEnabled: false, pageLoadStrategy: normal, platform: WINDOWS, platformName: WINDOWS, proxy: Proxy(), setWindowRect: true, strictFileInteractability: false, timeouts: {implicit: 0, pageLoad: 300000, script: 30000}, unhandledPromptBehavior: dismiss and notify, webauthn:extension:credBlob: true, webauthn:extension:largeBlob: true, webauthn:virtualAuthenticators: true}
Session ID: af9485a435c9b215aed1effe4b49f3f2
at java.base/jdk.internal.reflect.DirectConstructorHandleAccessor.newInstance(DirectConstructorHandleAccessor.java:67)
at java.base/java.lang.reflect.Constructor.newInstanceWithCaller(Constructor.java:499)
at java.base/java.lang.reflect.Constructor.newInstance(Constructor.java:483)
at org.openqa.selenium.remote.http.W3CHttpResponseCodec.createException(W3CHttpResponseCodec.java:187)
at org.openqa.selenium.remote.http.W3CHttpResponseCodec.decode(W3CHttpResponseCodec.java:122)
at org.openqa.selenium.remote.http.W3CHttpResponseCodec.decode(W3CHttpResponseCodec.java:49)
at org.openqa.selenium.remote.HttpCommandExecutor.execute(HttpCommandExecutor.java:158)
at org.openqa.selenium.remote.service.DriverCommandExecutor.execute(DriverCommandExecutor.java:83)
at org.openqa.selenium.remote.RemoteWebDriver.execute(RemoteWebDriver.java:552)
at org.openqa.selenium.remote.RemoteWebElement.execute(RemoteWebElement.java:285)
at org.openqa.selenium.remote.RemoteWebElement.click(RemoteWebElement.java:84)
at java.base/jdk.internal.reflect.DirectMethodHandleAccessor.invoke(DirectMethodHandleAccessor.java:104)
at java.base/java.lang.reflect.Method.invoke(Method.java:577)
at org.openqa.selenium.support.pagefactory.internal.LocatingElementHandler.invoke(LocatingElementHandler.java:51)
at jdk.proxy2/jdk.proxy2.$Proxy14.click(Unknown Source)
at MAVEN_FACEBOOK.FACEBOOK_LOG_IN.ClickOnLogOut(FACEBOOK_LOG_IN.java:409)
at TestNG_FACEBOOK_OG_IN.x(TestNG_FACEBOOK_OG_IN.java:272)
at java.base/jdk.internal.reflect.DirectMethodHandleAccessor.invoke(DirectMethodHandleAccessor.java:104)
at java.base/java.lang.reflect.Method.invoke(Method.java:577)
at org.testng.internal.MethodInvocationHelper.invokeMethod(MethodInvocationHelper.java:133)
at org.testng.internal.MethodInvocationHelper.invokeMethodConsideringTimeout(MethodInvocationHelper.java:62)
at org.testng.internal.ConfigInvoker.invokeConfigurationMethod(ConfigInvoker.java:385)
at org.testng.internal.ConfigInvoker.invokeConfigurations(ConfigInvoker.java:321)
at org.testng.internal.TestInvoker.runConfigMethods(TestInvoker.java:700)
at org.testng.internal.TestInvoker.runAfterGroupsConfigurations(TestInvoker.java:676)
at org.testng.internal.TestInvoker.invokeMethod(TestInvoker.java:660)
at org.testng.internal.TestInvoker.invokeTestMethod(TestInvoker.java:173)
at org.testng.internal.MethodRunner.runInSequence(MethodRunner.java:46)
at org.testng.internal.TestInvoker$MethodInvocationAgent.invoke(TestInvoker.java:824)
at org.testng.internal.TestInvoker.invokeTestMethods(TestInvoker.java:146)
at org.testng.internal.TestMethodWorker.invokeTestMethods(TestMethodWorker.java:146)
at org.testng.internal.TestMethodWorker.run(TestMethodWorker.java:128)
at java.base/java.util.ArrayList.forEach(ArrayList.java:1511)
at org.testng.TestRunner.privateRun(TestRunner.java:794)
at org.testng.TestRunner.run(TestRunner.java:596)
at org.testng.SuiteRunner.runTest(SuiteRunner.java:377)
at org.testng.SuiteRunner.runSequentially(SuiteRunner.java:371)
at org.testng.SuiteRunner.privateRun(SuiteRunner.java:332)
at org.testng.SuiteRunner.run(SuiteRunner.java:276)
at org.testng.SuiteRunnerWorker.runSuite(SuiteRunnerWorker.java:53)
at org.testng.SuiteRunnerWorker.run(SuiteRunnerWorker.java:96)
at org.testng.TestNG.runSuitesSequentially(TestNG.java:1212)
at org.testng.TestNG.runSuitesLocally(TestNG.java:1134)
at org.testng.TestNG.runSuites(TestNG.java:1063)
at org.testng.TestNG.run(TestNG.java:1031)
at org.testng.remote.AbstractRemoteTestNG.run(AbstractRemoteTestNG.java:115)
at org.testng.remote.RemoteTestNG.initAndRun(RemoteTestNG.java:251)
at org.testng.remote.RemoteTestNG.main(RemoteTestNG.java:77)
]]>
    </error>
  </testcase> <!-- x -->
  <system-out/>
  <testcase classname="TestNG_FACEBOOK_OG_IN" name="c12" time="0.749"/>
  <system-out/>
  <testcase classname="TestNG_FACEBOOK_OG_IN" name="c8" time="0.000">
    <skipped/>
  </testcase> <!-- c8 -->
  <system-out/>
  <testcase classname="TestNG_FACEBOOK_OG_IN" name="c16" time="0.000">
    <skipped/>
  </testcase> <!-- c16 -->
  <system-out/>
  <testcase classname="TestNG_FACEBOOK_OG_IN" name="c11" time="0.907"/>
  <system-out/>
  <testcase classname="TestNG_FACEBOOK_OG_IN" name="c15" time="0.000">
    <skipped/>
  </testcase> <!-- c15 -->
  <system-out/>
  <testcase classname="TestNG_FACEBOOK_OG_IN" name="c7" time="0.000">
    <skipped/>
  </testcase> <!-- c7 -->
  <system-out/>
  <testcase classname="TestNG_FACEBOOK_OG_IN" name="c19" time="0.000">
    <skipped/>
  </testcase> <!-- c19 -->
  <system-out/>
  <testcase classname="TestNG_FACEBOOK_OG_IN" name="c6" time="0.000">
    <skipped/>
  </testcase> <!-- c6 -->
  <system-out/>
  <testcase classname="TestNG_FACEBOOK_OG_IN" name="c9" time="0.000">
    <skipped/>
  </testcase> <!-- c9 -->
  <system-out/>
  <testcase classname="TestNG_FACEBOOK_OG_IN" name="c17" time="0.000">
    <skipped/>
  </testcase> <!-- c17 -->
  <system-out/>
  <testcase classname="TestNG_FACEBOOK_OG_IN" name="c1" time="0.474"/>
  <system-out/>
  <testcase classname="TestNG_FACEBOOK_OG_IN" name="c10" time="0.497"/>
  <system-out/>
  <testcase classname="TestNG_FACEBOOK_OG_IN" name="c14" time="0.000">
    <skipped/>
  </testcase> <!-- c14 -->
  <system-out/>
  <testcase classname="TestNG_FACEBOOK_OG_IN" name="c20" time="0.000">
    <skipped/>
  </testcase> <!-- c20 -->
  <system-out/>
  <testcase classname="TestNG_FACEBOOK_OG_IN" name="c4" time="0.000">
    <skipped/>
  </testcase> <!-- c4 -->
  <system-out/>
  <testcase classname="TestNG_FACEBOOK_OG_IN" name="c5" time="0.000">
    <skipped/>
  </testcase> <!-- c5 -->
  <system-out/>
  <testcase classname="TestNG_FACEBOOK_OG_IN" name="c3" time="0.000">
    <skipped/>
  </testcase> <!-- c3 -->
  <system-out/>
</testsuite> <!-- TestNG_FACEBOOK_OG_IN -->
